[0.070s] DEBUG:colcon:Command line arguments: ['/usr/bin/colcon', 'build']
[0.070s] DEBUG:colcon:Parsed command line arguments: Namespace(log_base=None, log_level=None, verb_name='build', build_base='build', install_base='install', merge_install=False, symlink_install=False, test_result_base=None, continue_on_error=False, executor='parallel', parallel_workers=16, event_handlers=None, ignore_user_meta=False, metas=['./colcon.meta'], base_paths=['.'], packages_ignore=None, packages_ignore_regex=None, paths=None, packages_up_to=None, packages_up_to_regex=None, packages_above=None, packages_above_and_dependencies=None, packages_above_depth=None, packages_select_by_dep=None, packages_skip_by_dep=None, packages_skip_up_to=None, packages_select_build_failed=False, packages_skip_build_finished=False, packages_select_test_failures=False, packages_skip_test_passed=False, packages_select=None, packages_skip=None, packages_select_regex=None, packages_skip_regex=None, packages_start=None, packages_end=None, allow_overriding=[], cmake_args=None, cmake_target=None, cmake_target_skip_unavailable=False, cmake_clean_cache=False, cmake_clean_first=False, cmake_force_configure=False, ament_cmake_args=None, catkin_cmake_args=None, catkin_skip_building_tests=False, mixin_files=None, mixin=None, verb_parser=<colcon_mixin.mixin.mixin_argument.MixinArgumentDecorator object at 0x73d23cb081f0>, verb_extension=<colcon_core.verb.build.BuildVerb object at 0x73d23cac7be0>, main=<bound method BuildVerb.main of <colcon_core.verb.build.BuildVerb object at 0x73d23cac7be0>>, mixin_verb=('build',))
[0.154s] Level 1:colcon.colcon_core.package_discovery:discover_packages(colcon_meta) check parameters
[0.154s] Level 1:colcon.colcon_core.package_discovery:discover_packages(recursive) check parameters
[0.154s] Level 1:colcon.colcon_core.package_discovery:discover_packages(ignore) check parameters
[0.154s] Level 1:colcon.colcon_core.package_discovery:discover_packages(path) check parameters
[0.154s] Level 1:colcon.colcon_core.package_discovery:discover_packages(colcon_meta) discover
[0.154s] Level 1:colcon.colcon_core.package_discovery:discover_packages(recursive) discover
[0.154s] INFO:colcon.colcon_core.package_discovery:Crawling recursively for packages in '/home/krishna/ur_ws/src'
[0.154s] Level 1:colcon.colcon_core.package_identification:_identify(.) by extensions ['ignore', 'ignore_ament_install']
[0.155s] Level 1:colcon.colcon_core.package_identification:_identify(.) by extension 'ignore'
[0.155s] Level 1:colcon.colcon_core.package_identification:_identify(.) by extension 'ignore_ament_install'
[0.155s] Level 1:colcon.colcon_core.package_identification:_identify(.) by extensions ['colcon_pkg']
[0.155s] Level 1:colcon.colcon_core.package_identification:_identify(.) by extension 'colcon_pkg'
[0.155s] Level 1:colcon.colcon_core.package_identification:_identify(.) by extensions ['colcon_meta']
[0.155s] Level 1:colcon.colcon_core.package_identification:_identify(.) by extension 'colcon_meta'
[0.155s] Level 1:colcon.colcon_core.package_identification:_identify(.) by extensions ['ros']
[0.155s] Level 1:colcon.colcon_core.package_identification:_identify(.) by extension 'ros'
[0.161s] Level 1:colcon.colcon_core.package_identification:_identify(.) by extensions ['cmake', 'python']
[0.161s] Level 1:colcon.colcon_core.package_identification:_identify(.) by extension 'cmake'
[0.161s] Level 1:colcon.colcon_core.package_identification:_identify(.) by extension 'python'
[0.161s] Level 1:colcon.colcon_core.package_identification:_identify(.) by extensions ['python_setup_py']
[0.161s] Level 1:colcon.colcon_core.package_identification:_identify(.) by extension 'python_setup_py'
[0.161s] Level 1:colcon.colcon_core.package_identification:_identify(Universal_Robots_ROS2_Description) by extensions ['ignore', 'ignore_ament_install']
[0.161s] Level 1:colcon.colcon_core.package_identification:_identify(Universal_Robots_ROS2_Description) by extension 'ignore'
[0.161s] Level 1:colcon.colcon_core.package_identification:_identify(Universal_Robots_ROS2_Description) by extension 'ignore_ament_install'
[0.161s] Level 1:colcon.colcon_core.package_identification:_identify(Universal_Robots_ROS2_Description) by extensions ['colcon_pkg']
[0.161s] Level 1:colcon.colcon_core.package_identification:_identify(Universal_Robots_ROS2_Description) by extension 'colcon_pkg'
[0.161s] Level 1:colcon.colcon_core.package_identification:_identify(Universal_Robots_ROS2_Description) by extensions ['colcon_meta']
[0.161s] Level 1:colcon.colcon_core.package_identification:_identify(Universal_Robots_ROS2_Description) by extension 'colcon_meta'
[0.161s] Level 1:colcon.colcon_core.package_identification:_identify(Universal_Robots_ROS2_Description) by extensions ['ros']
[0.161s] Level 1:colcon.colcon_core.package_identification:_identify(Universal_Robots_ROS2_Description) by extension 'ros'
[0.163s] DEBUG:colcon.colcon_core.package_identification:Package 'Universal_Robots_ROS2_Description' with type 'ros.ament_cmake' and name 'ur_description'
[0.163s] Level 1:colcon.colcon_core.package_identification:_identify(Universal_Robots_ROS2_Gazebo_Simulation) by extensions ['ignore', 'ignore_ament_install']
[0.169s] Level 1:colcon.colcon_core.package_identification:_identify(Universal_Robots_ROS2_Gazebo_Simulation) by extension 'ignore'
[0.170s] Level 1:colcon.colcon_core.package_identification:_identify(Universal_Robots_ROS2_Gazebo_Simulation) by extension 'ignore_ament_install'
[0.170s] Level 1:colcon.colcon_core.package_identification:_identify(Universal_Robots_ROS2_Gazebo_Simulation) by extensions ['colcon_pkg']
[0.170s] Level 1:colcon.colcon_core.package_identification:_identify(Universal_Robots_ROS2_Gazebo_Simulation) by extension 'colcon_pkg'
[0.170s] Level 1:colcon.colcon_core.package_identification:_identify(Universal_Robots_ROS2_Gazebo_Simulation) by extensions ['colcon_meta']
[0.170s] Level 1:colcon.colcon_core.package_identification:_identify(Universal_Robots_ROS2_Gazebo_Simulation) by extension 'colcon_meta'
[0.170s] Level 1:colcon.colcon_core.package_identification:_identify(Universal_Robots_ROS2_Gazebo_Simulation) by extensions ['ros']
[0.170s] Level 1:colcon.colcon_core.package_identification:_identify(Universal_Robots_ROS2_Gazebo_Simulation) by extension 'ros'
[0.170s] Level 1:colcon.colcon_core.package_identification:_identify(Universal_Robots_ROS2_Gazebo_Simulation) by extensions ['cmake', 'python']
[0.170s] Level 1:colcon.colcon_core.package_identification:_identify(Universal_Robots_ROS2_Gazebo_Simulation) by extension 'cmake'
[0.170s] Level 1:colcon.colcon_core.package_identification:_identify(Universal_Robots_ROS2_Gazebo_Simulation) by extension 'python'
[0.170s] Level 1:colcon.colcon_core.package_identification:_identify(Universal_Robots_ROS2_Gazebo_Simulation) by extensions ['python_setup_py']
[0.170s] Level 1:colcon.colcon_core.package_identification:_identify(Universal_Robots_ROS2_Gazebo_Simulation) by extension 'python_setup_py'
[0.170s] Level 1:colcon.colcon_core.package_identification:_identify(Universal_Robots_ROS2_Gazebo_Simulation/ur_simulation_gazebo) by extensions ['ignore', 'ignore_ament_install']
[0.170s] Level 1:colcon.colcon_core.package_identification:_identify(Universal_Robots_ROS2_Gazebo_Simulation/ur_simulation_gazebo) by extension 'ignore'
[0.170s] Level 1:colcon.colcon_core.package_identification:_identify(Universal_Robots_ROS2_Gazebo_Simulation/ur_simulation_gazebo) by extension 'ignore_ament_install'
[0.170s] Level 1:colcon.colcon_core.package_identification:_identify(Universal_Robots_ROS2_Gazebo_Simulation/ur_simulation_gazebo) by extensions ['colcon_pkg']
[0.170s] Level 1:colcon.colcon_core.package_identification:_identify(Universal_Robots_ROS2_Gazebo_Simulation/ur_simulation_gazebo) by extension 'colcon_pkg'
[0.170s] Level 1:colcon.colcon_core.package_identification:_identify(Universal_Robots_ROS2_Gazebo_Simulation/ur_simulation_gazebo) by extensions ['colcon_meta']
[0.170s] Level 1:colcon.colcon_core.package_identification:_identify(Universal_Robots_ROS2_Gazebo_Simulation/ur_simulation_gazebo) by extension 'colcon_meta'
[0.170s] Level 1:colcon.colcon_core.package_identification:_identify(Universal_Robots_ROS2_Gazebo_Simulation/ur_simulation_gazebo) by extensions ['ros']
[0.170s] Level 1:colcon.colcon_core.package_identification:_identify(Universal_Robots_ROS2_Gazebo_Simulation/ur_simulation_gazebo) by extension 'ros'
[0.170s] DEBUG:colcon.colcon_core.package_identification:Package 'Universal_Robots_ROS2_Gazebo_Simulation/ur_simulation_gazebo' with type 'ros.ament_cmake' and name 'ur_simulation_gazebo'
[0.170s] Level 1:colcon.colcon_core.package_identification:_identify(build) by extensions ['ignore', 'ignore_ament_install']
[0.170s] Level 1:colcon.colcon_core.package_identification:_identify(build) by extension 'ignore'
[0.170s] Level 1:colcon.colcon_core.package_identification:_identify(build) ignored
[0.171s] Level 1:colcon.colcon_core.package_identification:_identify(install) by extensions ['ignore', 'ignore_ament_install']
[0.171s] Level 1:colcon.colcon_core.package_identification:_identify(install) by extension 'ignore'
[0.171s] Level 1:colcon.colcon_core.package_identification:_identify(install) ignored
[0.171s] Level 1:colcon.colcon_core.package_identification:_identify(log) by extensions ['ignore', 'ignore_ament_install']
[0.171s] Level 1:colcon.colcon_core.package_identification:_identify(log) by extension 'ignore'
[0.171s] Level 1:colcon.colcon_core.package_identification:_identify(log) ignored
[0.171s] Level 1:colcon.colcon_core.package_identification:_identify(ur5_camera_movit_config) by extensions ['ignore', 'ignore_ament_install']
[0.171s] Level 1:colcon.colcon_core.package_identification:_identify(ur5_camera_movit_config) by extension 'ignore'
[0.171s] Level 1:colcon.colcon_core.package_identification:_identify(ur5_camera_movit_config) by extension 'ignore_ament_install'
[0.171s] Level 1:colcon.colcon_core.package_identification:_identify(ur5_camera_movit_config) by extensions ['colcon_pkg']
[0.171s] Level 1:colcon.colcon_core.package_identification:_identify(ur5_camera_movit_config) by extension 'colcon_pkg'
[0.171s] Level 1:colcon.colcon_core.package_identification:_identify(ur5_camera_movit_config) by extensions ['colcon_meta']
[0.171s] Level 1:colcon.colcon_core.package_identification:_identify(ur5_camera_movit_config) by extension 'colcon_meta'
[0.171s] Level 1:colcon.colcon_core.package_identification:_identify(ur5_camera_movit_config) by extensions ['ros']
[0.171s] Level 1:colcon.colcon_core.package_identification:_identify(ur5_camera_movit_config) by extension 'ros'
[0.171s] DEBUG:colcon.colcon_core.package_identification:Package 'ur5_camera_movit_config' with type 'ros.ament_cmake' and name 'ur5_camera_movit_config'
[0.171s] Level 1:colcon.colcon_core.package_identification:_identify(ur_sim) by extensions ['ignore', 'ignore_ament_install']
[0.171s] Level 1:colcon.colcon_core.package_identification:_identify(ur_sim) by extension 'ignore'
[0.171s] Level 1:colcon.colcon_core.package_identification:_identify(ur_sim) by extension 'ignore_ament_install'
[0.171s] Level 1:colcon.colcon_core.package_identification:_identify(ur_sim) by extensions ['colcon_pkg']
[0.171s] Level 1:colcon.colcon_core.package_identification:_identify(ur_sim) by extension 'colcon_pkg'
[0.171s] Level 1:colcon.colcon_core.package_identification:_identify(ur_sim) by extensions ['colcon_meta']
[0.171s] Level 1:colcon.colcon_core.package_identification:_identify(ur_sim) by extension 'colcon_meta'
[0.171s] Level 1:colcon.colcon_core.package_identification:_identify(ur_sim) by extensions ['ros']
[0.171s] Level 1:colcon.colcon_core.package_identification:_identify(ur_sim) by extension 'ros'
[0.172s] DEBUG:colcon.colcon_core.package_identification:Package 'ur_sim' with type 'ros.ament_cmake' and name 'ur_sim'
[0.172s] Level 1:colcon.colcon_core.package_discovery:discover_packages(recursive) using defaults
[0.172s] Level 1:colcon.colcon_core.package_discovery:discover_packages(ignore) discover
[0.172s] Level 1:colcon.colcon_core.package_discovery:discover_packages(ignore) using defaults
[0.172s] Level 1:colcon.colcon_core.package_discovery:discover_packages(path) discover
[0.172s] Level 1:colcon.colcon_core.package_discovery:discover_packages(path) using defaults
[0.186s] Level 1:colcon.colcon_core.package_discovery:discover_packages(prefix_path) check parameters
[0.186s] Level 1:colcon.colcon_core.package_discovery:discover_packages(prefix_path) discover
[0.190s] DEBUG:colcon.colcon_installed_package_information.package_discovery:Found 3 installed packages in /home/krishna/ur_ws/install
[0.191s] DEBUG:colcon.colcon_installed_package_information.package_discovery:Found 56 installed packages in /home/krishna/moveit_ws/install
[0.191s] DEBUG:colcon.colcon_installed_package_information.package_discovery:Found 6 installed packages in /home/krishna/speed_ws/install
[0.192s] DEBUG:colcon.colcon_installed_package_information.package_discovery:Found 402 installed packages in /opt/ros/humble
[0.194s] Level 1:colcon.colcon_core.package_discovery:discover_packages(prefix_path) using defaults
[0.259s] WARNING:colcon.colcon_core.package_selection:Some selected packages are already built in one or more underlay workspaces:
	'ur_description' is in: /home/krishna/ur_ws/install/ur_description, /opt/ros/humble
If a package in a merged underlay workspace is overridden and it installs headers, then all packages in the overlay must sort their include directories by workspace order. Failure to do so may result in build failures or undefined behavior at run time.
If the overridden package is used by another package in any underlay, then the overriding package in the overlay must be API and ABI compatible or undefined behavior at run time may occur.

If you understand the risks and want to override a package anyways, add the following to the command line:
	--allow-overriding ur_description

This may be promoted to an error in a future release of colcon-override-check.
[0.259s] Level 5:colcon.colcon_core.verb:set package 'ur_description' build argument 'cmake_args' from command line to 'None'
[0.259s] Level 5:colcon.colcon_core.verb:set package 'ur_description' build argument 'cmake_target' from command line to 'None'
[0.259s] Level 5:colcon.colcon_core.verb:set package 'ur_description' build argument 'cmake_target_skip_unavailable' from command line to 'False'
[0.259s] Level 5:colcon.colcon_core.verb:set package 'ur_description' build argument 'cmake_clean_cache' from command line to 'False'
[0.259s] Level 5:colcon.colcon_core.verb:set package 'ur_description' build argument 'cmake_clean_first' from command line to 'False'
[0.259s] Level 5:colcon.colcon_core.verb:set package 'ur_description' build argument 'cmake_force_configure' from command line to 'False'
[0.259s] Level 5:colcon.colcon_core.verb:set package 'ur_description' build argument 'ament_cmake_args' from command line to 'None'
[0.259s] Level 5:colcon.colcon_core.verb:set package 'ur_description' build argument 'catkin_cmake_args' from command line to 'None'
[0.259s] Level 5:colcon.colcon_core.verb:set package 'ur_description' build argument 'catkin_skip_building_tests' from command line to 'False'
[0.260s] DEBUG:colcon.colcon_core.verb:Building package 'ur_description' with the following arguments: {'ament_cmake_args': None, 'build_base': '/home/krishna/ur_ws/src/build/ur_description', 'catkin_cmake_args': None, 'catkin_skip_building_tests': False, 'cmake_args': None, 'cmake_clean_cache': False, 'cmake_clean_first': False, 'cmake_force_configure': False, 'cmake_target': None, 'cmake_target_skip_unavailable': False, 'install_base': '/home/krishna/ur_ws/src/install/ur_description', 'merge_install': False, 'path': '/home/krishna/ur_ws/src/Universal_Robots_ROS2_Description', 'symlink_install': False, 'test_result_base': None}
[0.260s] Level 5:colcon.colcon_core.verb:set package 'ur_sim' build argument 'cmake_args' from command line to 'None'
[0.260s] Level 5:colcon.colcon_core.verb:set package 'ur_sim' build argument 'cmake_target' from command line to 'None'
[0.260s] Level 5:colcon.colcon_core.verb:set package 'ur_sim' build argument 'cmake_target_skip_unavailable' from command line to 'False'
[0.260s] Level 5:colcon.colcon_core.verb:set package 'ur_sim' build argument 'cmake_clean_cache' from command line to 'False'
[0.260s] Level 5:colcon.colcon_core.verb:set package 'ur_sim' build argument 'cmake_clean_first' from command line to 'False'
[0.260s] Level 5:colcon.colcon_core.verb:set package 'ur_sim' build argument 'cmake_force_configure' from command line to 'False'
[0.260s] Level 5:colcon.colcon_core.verb:set package 'ur_sim' build argument 'ament_cmake_args' from command line to 'None'
[0.260s] Level 5:colcon.colcon_core.verb:set package 'ur_sim' build argument 'catkin_cmake_args' from command line to 'None'
[0.260s] Level 5:colcon.colcon_core.verb:set package 'ur_sim' build argument 'catkin_skip_building_tests' from command line to 'False'
[0.260s] DEBUG:colcon.colcon_core.verb:Building package 'ur_sim' with the following arguments: {'ament_cmake_args': None, 'build_base': '/home/krishna/ur_ws/src/build/ur_sim', 'catkin_cmake_args': None, 'catkin_skip_building_tests': False, 'cmake_args': None, 'cmake_clean_cache': False, 'cmake_clean_first': False, 'cmake_force_configure': False, 'cmake_target': None, 'cmake_target_skip_unavailable': False, 'install_base': '/home/krishna/ur_ws/src/install/ur_sim', 'merge_install': False, 'path': '/home/krishna/ur_ws/src/ur_sim', 'symlink_install': False, 'test_result_base': None}
[0.260s] Level 5:colcon.colcon_core.verb:set package 'ur5_camera_movit_config' build argument 'cmake_args' from command line to 'None'
[0.260s] Level 5:colcon.colcon_core.verb:set package 'ur5_camera_movit_config' build argument 'cmake_target' from command line to 'None'
[0.260s] Level 5:colcon.colcon_core.verb:set package 'ur5_camera_movit_config' build argument 'cmake_target_skip_unavailable' from command line to 'False'
[0.260s] Level 5:colcon.colcon_core.verb:set package 'ur5_camera_movit_config' build argument 'cmake_clean_cache' from command line to 'False'
[0.260s] Level 5:colcon.colcon_core.verb:set package 'ur5_camera_movit_config' build argument 'cmake_clean_first' from command line to 'False'
[0.260s] Level 5:colcon.colcon_core.verb:set package 'ur5_camera_movit_config' build argument 'cmake_force_configure' from command line to 'False'
[0.260s] Level 5:colcon.colcon_core.verb:set package 'ur5_camera_movit_config' build argument 'ament_cmake_args' from command line to 'None'
[0.260s] Level 5:colcon.colcon_core.verb:set package 'ur5_camera_movit_config' build argument 'catkin_cmake_args' from command line to 'None'
[0.260s] Level 5:colcon.colcon_core.verb:set package 'ur5_camera_movit_config' build argument 'catkin_skip_building_tests' from command line to 'False'
[0.260s] DEBUG:colcon.colcon_core.verb:Building package 'ur5_camera_movit_config' with the following arguments: {'ament_cmake_args': None, 'build_base': '/home/krishna/ur_ws/src/build/ur5_camera_movit_config', 'catkin_cmake_args': None, 'catkin_skip_building_tests': False, 'cmake_args': None, 'cmake_clean_cache': False, 'cmake_clean_first': False, 'cmake_force_configure': False, 'cmake_target': None, 'cmake_target_skip_unavailable': False, 'install_base': '/home/krishna/ur_ws/src/install/ur5_camera_movit_config', 'merge_install': False, 'path': '/home/krishna/ur_ws/src/ur5_camera_movit_config', 'symlink_install': False, 'test_result_base': None}
[0.260s] Level 5:colcon.colcon_core.verb:set package 'ur_simulation_gazebo' build argument 'cmake_args' from command line to 'None'
[0.260s] Level 5:colcon.colcon_core.verb:set package 'ur_simulation_gazebo' build argument 'cmake_target' from command line to 'None'
[0.260s] Level 5:colcon.colcon_core.verb:set package 'ur_simulation_gazebo' build argument 'cmake_target_skip_unavailable' from command line to 'False'
[0.260s] Level 5:colcon.colcon_core.verb:set package 'ur_simulation_gazebo' build argument 'cmake_clean_cache' from command line to 'False'
[0.260s] Level 5:colcon.colcon_core.verb:set package 'ur_simulation_gazebo' build argument 'cmake_clean_first' from command line to 'False'
[0.260s] Level 5:colcon.colcon_core.verb:set package 'ur_simulation_gazebo' build argument 'cmake_force_configure' from command line to 'False'
[0.260s] Level 5:colcon.colcon_core.verb:set package 'ur_simulation_gazebo' build argument 'ament_cmake_args' from command line to 'None'
[0.260s] Level 5:colcon.colcon_core.verb:set package 'ur_simulation_gazebo' build argument 'catkin_cmake_args' from command line to 'None'
[0.260s] Level 5:colcon.colcon_core.verb:set package 'ur_simulation_gazebo' build argument 'catkin_skip_building_tests' from command line to 'False'
[0.260s] DEBUG:colcon.colcon_core.verb:Building package 'ur_simulation_gazebo' with the following arguments: {'ament_cmake_args': None, 'build_base': '/home/krishna/ur_ws/src/build/ur_simulation_gazebo', 'catkin_cmake_args': None, 'catkin_skip_building_tests': False, 'cmake_args': None, 'cmake_clean_cache': False, 'cmake_clean_first': False, 'cmake_force_configure': False, 'cmake_target': None, 'cmake_target_skip_unavailable': False, 'install_base': '/home/krishna/ur_ws/src/install/ur_simulation_gazebo', 'merge_install': False, 'path': '/home/krishna/ur_ws/src/Universal_Robots_ROS2_Gazebo_Simulation/ur_simulation_gazebo', 'symlink_install': False, 'test_result_base': None}
[0.260s] INFO:colcon.colcon_core.executor:Executing jobs using 'parallel' executor
[0.261s] DEBUG:colcon.colcon_parallel_executor.executor.parallel:run_until_complete
[0.261s] INFO:colcon.colcon_ros.task.ament_cmake.build:Building ROS package in '/home/krishna/ur_ws/src/Universal_Robots_ROS2_Description' with build type 'ament_cmake'
[0.261s] INFO:colcon.colcon_cmake.task.cmake.build:Building CMake package in '/home/krishna/ur_ws/src/Universal_Robots_ROS2_Description'
[0.264s] INFO:colcon.colcon_core.plugin_system:Skipping extension 'colcon_core.shell.bat': Not used on non-Windows systems
[0.264s] INFO:colcon.colcon_core.shell:Skip shell extension 'powershell' for command environment: Not usable outside of PowerShell
[0.264s] DEBUG:colcon.colcon_core.shell:Skip shell extension 'dsv' for command environment
[0.269s] INFO:colcon.colcon_ros.task.ament_cmake.build:Building ROS package in '/home/krishna/ur_ws/src/ur_sim' with build type 'ament_cmake'
[0.269s] INFO:colcon.colcon_cmake.task.cmake.build:Building CMake package in '/home/krishna/ur_ws/src/ur_sim'
[0.269s] INFO:colcon.colcon_core.shell:Skip shell extension 'powershell' for command environment: Not usable outside of PowerShell
[0.269s] DEBUG:colcon.colcon_core.shell:Skip shell extension 'dsv' for command environment
[0.277s] DEBUG:colcon.colcon_core.event_handler.log_command:Invoking command in '/home/krishna/ur_ws/src/build/ur_description': CMAKE_PREFIX_PATH=${CMAKE_PREFIX_PATH}:/home/krishna/moveit_ws/install/moveit_configs_utils:/home/krishna/moveit_ws/install/launch_param_builder:/home/krishna/speed_ws/install/ur5_vision2:/home/krishna/speed_ws/install/ur5_gripper2:/opt/ros/humble /usr/bin/cmake /home/krishna/ur_ws/src/Universal_Robots_ROS2_Description -DCMAKE_INSTALL_PREFIX=/home/krishna/ur_ws/src/install/ur_description
[0.281s] DEBUG:colcon.colcon_core.event_handler.log_command:Invoking command in '/home/krishna/ur_ws/src/build/ur_sim': CMAKE_PREFIX_PATH=${CMAKE_PREFIX_PATH}:/home/krishna/moveit_ws/install/moveit_configs_utils:/home/krishna/moveit_ws/install/launch_param_builder:/home/krishna/speed_ws/install/ur5_vision2:/home/krishna/speed_ws/install/ur5_gripper2:/opt/ros/humble /usr/bin/cmake /home/krishna/ur_ws/src/ur_sim -DCMAKE_INSTALL_PREFIX=/home/krishna/ur_ws/src/install/ur_sim
[1.285s] DEBUG:colcon.colcon_core.event_handler.log_command:Invoked command in '/home/krishna/ur_ws/src/build/ur_sim' returned '0': CMAKE_PREFIX_PATH=${CMAKE_PREFIX_PATH}:/home/krishna/moveit_ws/install/moveit_configs_utils:/home/krishna/moveit_ws/install/launch_param_builder:/home/krishna/speed_ws/install/ur5_vision2:/home/krishna/speed_ws/install/ur5_gripper2:/opt/ros/humble /usr/bin/cmake /home/krishna/ur_ws/src/ur_sim -DCMAKE_INSTALL_PREFIX=/home/krishna/ur_ws/src/install/ur_sim
[1.285s] DEBUG:colcon.colcon_core.event_handler.log_command:Invoking command in '/home/krishna/ur_ws/src/build/ur_sim': CMAKE_PREFIX_PATH=${CMAKE_PREFIX_PATH}:/home/krishna/moveit_ws/install/moveit_configs_utils:/home/krishna/moveit_ws/install/launch_param_builder:/home/krishna/speed_ws/install/ur5_vision2:/home/krishna/speed_ws/install/ur5_gripper2:/opt/ros/humble /usr/bin/cmake --build /home/krishna/ur_ws/src/build/ur_sim -- -j16 -l16
[1.339s] DEBUG:colcon.colcon_core.event_handler.log_command:Invoked command in '/home/krishna/ur_ws/src/build/ur_sim' returned '0': CMAKE_PREFIX_PATH=${CMAKE_PREFIX_PATH}:/home/krishna/moveit_ws/install/moveit_configs_utils:/home/krishna/moveit_ws/install/launch_param_builder:/home/krishna/speed_ws/install/ur5_vision2:/home/krishna/speed_ws/install/ur5_gripper2:/opt/ros/humble /usr/bin/cmake --build /home/krishna/ur_ws/src/build/ur_sim -- -j16 -l16
[1.352s] DEBUG:colcon.colcon_core.event_handler.log_command:Invoking command in '/home/krishna/ur_ws/src/build/ur_sim': CMAKE_PREFIX_PATH=${CMAKE_PREFIX_PATH}:/home/krishna/moveit_ws/install/moveit_configs_utils:/home/krishna/moveit_ws/install/launch_param_builder:/home/krishna/speed_ws/install/ur5_vision2:/home/krishna/speed_ws/install/ur5_gripper2:/opt/ros/humble /usr/bin/cmake --install /home/krishna/ur_ws/src/build/ur_sim
[1.367s] Level 1:colcon.colcon_core.environment:create_environment_scripts_only(ur_sim)
[1.368s] DEBUG:colcon.colcon_core.event_handler.log_command:Invoked command in '/home/krishna/ur_ws/src/build/ur_sim' returned '0': CMAKE_PREFIX_PATH=${CMAKE_PREFIX_PATH}:/home/krishna/moveit_ws/install/moveit_configs_utils:/home/krishna/moveit_ws/install/launch_param_builder:/home/krishna/speed_ws/install/ur5_vision2:/home/krishna/speed_ws/install/ur5_gripper2:/opt/ros/humble /usr/bin/cmake --install /home/krishna/ur_ws/src/build/ur_sim
[1.371s] Level 1:colcon.colcon_core.environment:checking '/home/krishna/ur_ws/src/install/ur_sim' for CMake module files
[1.372s] Level 1:colcon.colcon_core.environment:checking '/home/krishna/ur_ws/src/install/ur_sim' for CMake config files
[1.372s] Level 1:colcon.colcon_core.shell:create_environment_hook('ur_sim', 'cmake_prefix_path')
[1.372s] INFO:colcon.colcon_core.shell:Creating environment hook '/home/krishna/ur_ws/src/install/ur_sim/share/ur_sim/hook/cmake_prefix_path.ps1'
[1.373s] INFO:colcon.colcon_core.shell:Creating environment descriptor '/home/krishna/ur_ws/src/install/ur_sim/share/ur_sim/hook/cmake_prefix_path.dsv'
[1.373s] INFO:colcon.colcon_core.shell:Creating environment hook '/home/krishna/ur_ws/src/install/ur_sim/share/ur_sim/hook/cmake_prefix_path.sh'
[1.374s] Level 1:colcon.colcon_core.environment:checking '/home/krishna/ur_ws/src/install/ur_sim/bin'
[1.374s] Level 1:colcon.colcon_core.environment:checking '/home/krishna/ur_ws/src/install/ur_sim/lib/pkgconfig/ur_sim.pc'
[1.374s] Level 1:colcon.colcon_core.environment:checking '/home/krishna/ur_ws/src/install/ur_sim/lib/python3.10/site-packages'
[1.374s] Level 1:colcon.colcon_core.environment:checking '/home/krishna/ur_ws/src/install/ur_sim/bin'
[1.375s] INFO:colcon.colcon_core.shell:Creating package script '/home/krishna/ur_ws/src/install/ur_sim/share/ur_sim/package.ps1'
[1.375s] INFO:colcon.colcon_core.shell:Creating package descriptor '/home/krishna/ur_ws/src/install/ur_sim/share/ur_sim/package.dsv'
[1.376s] INFO:colcon.colcon_core.shell:Creating package script '/home/krishna/ur_ws/src/install/ur_sim/share/ur_sim/package.sh'
[1.377s] INFO:colcon.colcon_core.shell:Creating package script '/home/krishna/ur_ws/src/install/ur_sim/share/ur_sim/package.bash'
[1.377s] INFO:colcon.colcon_core.shell:Creating package script '/home/krishna/ur_ws/src/install/ur_sim/share/ur_sim/package.zsh'
[1.378s] Level 1:colcon.colcon_core.environment:create_file_with_runtime_dependencies(/home/krishna/ur_ws/src/install/ur_sim/share/colcon-core/packages/ur_sim)
[1.379s] Level 1:colcon.colcon_core.environment:create_environment_scripts_only(ur_sim)
[1.379s] Level 1:colcon.colcon_core.environment:checking '/home/krishna/ur_ws/src/install/ur_sim' for CMake module files
[1.379s] Level 1:colcon.colcon_core.environment:checking '/home/krishna/ur_ws/src/install/ur_sim' for CMake config files
[1.379s] Level 1:colcon.colcon_core.shell:create_environment_hook('ur_sim', 'cmake_prefix_path')
[1.379s] INFO:colcon.colcon_core.shell:Creating environment hook '/home/krishna/ur_ws/src/install/ur_sim/share/ur_sim/hook/cmake_prefix_path.ps1'
[1.380s] INFO:colcon.colcon_core.shell:Creating environment descriptor '/home/krishna/ur_ws/src/install/ur_sim/share/ur_sim/hook/cmake_prefix_path.dsv'
[1.380s] INFO:colcon.colcon_core.shell:Creating environment hook '/home/krishna/ur_ws/src/install/ur_sim/share/ur_sim/hook/cmake_prefix_path.sh'
[1.380s] Level 1:colcon.colcon_core.environment:checking '/home/krishna/ur_ws/src/install/ur_sim/bin'
[1.380s] Level 1:colcon.colcon_core.environment:checking '/home/krishna/ur_ws/src/install/ur_sim/lib/pkgconfig/ur_sim.pc'
[1.380s] Level 1:colcon.colcon_core.environment:checking '/home/krishna/ur_ws/src/install/ur_sim/lib/python3.10/site-packages'
[1.381s] Level 1:colcon.colcon_core.environment:checking '/home/krishna/ur_ws/src/install/ur_sim/bin'
[1.381s] INFO:colcon.colcon_core.shell:Creating package script '/home/krishna/ur_ws/src/install/ur_sim/share/ur_sim/package.ps1'
[1.381s] INFO:colcon.colcon_core.shell:Creating package descriptor '/home/krishna/ur_ws/src/install/ur_sim/share/ur_sim/package.dsv'
[1.381s] INFO:colcon.colcon_core.shell:Creating package script '/home/krishna/ur_ws/src/install/ur_sim/share/ur_sim/package.sh'
[1.382s] INFO:colcon.colcon_core.shell:Creating package script '/home/krishna/ur_ws/src/install/ur_sim/share/ur_sim/package.bash'
[1.382s] INFO:colcon.colcon_core.shell:Creating package script '/home/krishna/ur_ws/src/install/ur_sim/share/ur_sim/package.zsh'
[1.382s] Level 1:colcon.colcon_core.environment:create_file_with_runtime_dependencies(/home/krishna/ur_ws/src/install/ur_sim/share/colcon-core/packages/ur_sim)
[1.383s] INFO:colcon.colcon_ros.task.ament_cmake.build:Building ROS package in '/home/krishna/ur_ws/src/ur5_camera_movit_config' with build type 'ament_cmake'
[1.383s] INFO:colcon.colcon_cmake.task.cmake.build:Building CMake package in '/home/krishna/ur_ws/src/ur5_camera_movit_config'
[1.383s] INFO:colcon.colcon_core.shell:Skip shell extension 'powershell' for command environment: Not usable outside of PowerShell
[1.383s] DEBUG:colcon.colcon_core.shell:Skip shell extension 'dsv' for command environment
[1.401s] DEBUG:colcon.colcon_core.event_handler.log_command:Invoking command in '/home/krishna/ur_ws/src/build/ur5_camera_movit_config': AMENT_PREFIX_PATH=/home/krishna/ur_ws/src/install/ur_sim:${AMENT_PREFIX_PATH} CMAKE_PREFIX_PATH=/home/krishna/ur_ws/src/install/ur_sim:/home/krishna/ur_ws/install/ur_simulation_gazebo:/home/krishna/ur_ws/install/ur_sim:/home/krishna/ur_ws/install/ur_description:/home/krishna/moveit_ws/install/pilz_industrial_motion_planner_testutils:/home/krishna/moveit_ws/install/moveit_runtime:/home/krishna/moveit_ws/install/moveit2_tutorials:/home/krishna/moveit_ws/install/moveit:/home/krishna/moveit_ws/install/moveit_planners:/home/krishna/moveit_ws/install/pilz_industrial_motion_planner:/home/krishna/moveit_ws/install/moveit_visual_tools:/home/krishna/moveit_ws/install/moveit_task_constructor_visualization:/home/krishna/moveit_ws/install/moveit_task_constructor_demo:/home/krishna/moveit_ws/install/moveit_task_constructor_capabilities:/home/krishna/moveit_ws/install/moveit_task_constructor_core:/home/krishna/moveit_ws/install/moveit_ros_control_interface:/home/krishna/moveit_ws/install/moveit_plugins:/home/krishna/moveit_ws/install/moveit_simple_controller_manager:/home/krishna/moveit_ws/install/moveit_setup_assistant:/home/krishna/moveit_ws/install/moveit_setup_srdf_plugins:/home/krishna/moveit_ws/install/moveit_setup_core_plugins:/home/krishna/moveit_ws/install/moveit_setup_controllers:/home/krishna/moveit_ws/install/moveit_setup_app_plugins:/home/krishna/moveit_ws/install/moveit_setup_framework:/home/krishna/moveit_ws/install/moveit_servo:/home/krishna/moveit_ws/install/moveit_ros:/home/krishna/moveit_ws/install/moveit_ros_visualization:/home/krishna/moveit_ws/install/moveit_hybrid_planning:/home/krishna/moveit_ws/install/move_program:/home/krishna/moveit_ws/install/moveit_ros_planning_interface:/home/krishna/moveit_ws/install/moveit_ros_benchmarks:/home/krishna/moveit_ws/install/moveit_ros_warehouse:/home/krishna/moveit_ws/install/moveit_ros_robot_interaction:/home/krishna/moveit_ws/install/moveit_ros_perception:/home/krishna/moveit_ws/install/moveit_resources_prbt_pg70_support:/home/krishna/moveit_ws/install/moveit_resources_prbt_moveit_config:/home/krishna/moveit_ws/install/moveit_ros_move_group:/home/krishna/moveit_ws/install/moveit_planners_ompl:/home/krishna/moveit_ws/install/moveit_ros_planning:/home/krishna/moveit_ws/install/moveit_ros_occupancy_map_monitor:/home/krishna/moveit_ws/install/moveit_resources_prbt_ikfast_manipulator_plugin:/home/krishna/moveit_ws/install/moveit_planners_chomp:/home/krishna/moveit_ws/install/moveit_kinematics:/home/krishna/moveit_ws/install/moveit_chomp_optimizer_adapter:/home/krishna/moveit_ws/install/chomp_motion_planner:/home/krishna/moveit_ws/install/moveit_core:/home/krishna/moveit_ws/install/srdfdom:/home/krishna/moveit_ws/install/rviz_marker_tools:/home/krishna/moveit_ws/install/rosparam_shortcuts:/home/krishna/moveit_ws/install/moveit_task_constructor_msgs:/home/krishna/moveit_ws/install/moveit_resources_prbt_support:/home/krishna/moveit_ws/install/moveit_resources:/home/krishna/moveit_ws/install/moveit_resources_pr2_description:/home/krishna/moveit_ws/install/moveit_resources_panda_moveit_config:/home/krishna/moveit_ws/install/moveit_resources_panda_description:/home/krishna/moveit_ws/install/moveit_resources_fanuc_moveit_config:/home/krishna/moveit_ws/install/moveit_resources_fanuc_description:/home/krishna/moveit_ws/install/moveit_common:/home/krishna/speed_ws/install/ur5_notebook:/home/krishna/speed_ws/install/ur5_motion_cpp:/home/krishna/speed_ws/install/ur5_gazebo_description:/home/krishna/speed_ws/install/ur5_blocks:/home/krishna/moveit_ws/install/moveit_configs_utils:/home/krishna/moveit_ws/install/launch_param_builder:/home/krishna/speed_ws/install/ur5_vision2:/home/krishna/speed_ws/install/ur5_gripper2:/opt/ros/humble /usr/bin/cmake /home/krishna/ur_ws/src/ur5_camera_movit_config -DCMAKE_INSTALL_PREFIX=/home/krishna/ur_ws/src/install/ur5_camera_movit_config
[1.422s] DEBUG:colcon.colcon_core.event_handler.log_command:Invoked command in '/home/krishna/ur_ws/src/build/ur_description' returned '0': CMAKE_PREFIX_PATH=${CMAKE_PREFIX_PATH}:/home/krishna/moveit_ws/install/moveit_configs_utils:/home/krishna/moveit_ws/install/launch_param_builder:/home/krishna/speed_ws/install/ur5_vision2:/home/krishna/speed_ws/install/ur5_gripper2:/opt/ros/humble /usr/bin/cmake /home/krishna/ur_ws/src/Universal_Robots_ROS2_Description -DCMAKE_INSTALL_PREFIX=/home/krishna/ur_ws/src/install/ur_description
[1.424s] DEBUG:colcon.colcon_core.event_handler.log_command:Invoking command in '/home/krishna/ur_ws/src/build/ur_description': CMAKE_PREFIX_PATH=${CMAKE_PREFIX_PATH}:/home/krishna/moveit_ws/install/moveit_configs_utils:/home/krishna/moveit_ws/install/launch_param_builder:/home/krishna/speed_ws/install/ur5_vision2:/home/krishna/speed_ws/install/ur5_gripper2:/opt/ros/humble /usr/bin/cmake --build /home/krishna/ur_ws/src/build/ur_description -- -j16 -l16
[1.470s] DEBUG:colcon.colcon_core.event_handler.log_command:Invoked command in '/home/krishna/ur_ws/src/build/ur_description' returned '0': CMAKE_PREFIX_PATH=${CMAKE_PREFIX_PATH}:/home/krishna/moveit_ws/install/moveit_configs_utils:/home/krishna/moveit_ws/install/launch_param_builder:/home/krishna/speed_ws/install/ur5_vision2:/home/krishna/speed_ws/install/ur5_gripper2:/opt/ros/humble /usr/bin/cmake --build /home/krishna/ur_ws/src/build/ur_description -- -j16 -l16
[1.471s] DEBUG:colcon.colcon_core.event_handler.log_command:Invoking command in '/home/krishna/ur_ws/src/build/ur_description': CMAKE_PREFIX_PATH=${CMAKE_PREFIX_PATH}:/home/krishna/moveit_ws/install/moveit_configs_utils:/home/krishna/moveit_ws/install/launch_param_builder:/home/krishna/speed_ws/install/ur5_vision2:/home/krishna/speed_ws/install/ur5_gripper2:/opt/ros/humble /usr/bin/cmake --install /home/krishna/ur_ws/src/build/ur_description
[1.556s] Level 1:colcon.colcon_core.environment:create_environment_scripts_only(ur_description)
[1.556s] DEBUG:colcon.colcon_core.event_handler.log_command:Invoked command in '/home/krishna/ur_ws/src/build/ur_description' returned '0': CMAKE_PREFIX_PATH=${CMAKE_PREFIX_PATH}:/home/krishna/moveit_ws/install/moveit_configs_utils:/home/krishna/moveit_ws/install/launch_param_builder:/home/krishna/speed_ws/install/ur5_vision2:/home/krishna/speed_ws/install/ur5_gripper2:/opt/ros/humble /usr/bin/cmake --install /home/krishna/ur_ws/src/build/ur_description
[1.556s] Level 1:colcon.colcon_core.environment:checking '/home/krishna/ur_ws/src/install/ur_description' for CMake module files
[1.557s] Level 1:colcon.colcon_core.environment:checking '/home/krishna/ur_ws/src/install/ur_description' for CMake config files
[1.557s] Level 1:colcon.colcon_core.shell:create_environment_hook('ur_description', 'cmake_prefix_path')
[1.557s] INFO:colcon.colcon_core.shell:Creating environment hook '/home/krishna/ur_ws/src/install/ur_description/share/ur_description/hook/cmake_prefix_path.ps1'
[1.558s] INFO:colcon.colcon_core.shell:Creating environment descriptor '/home/krishna/ur_ws/src/install/ur_description/share/ur_description/hook/cmake_prefix_path.dsv'
[1.558s] INFO:colcon.colcon_core.shell:Creating environment hook '/home/krishna/ur_ws/src/install/ur_description/share/ur_description/hook/cmake_prefix_path.sh'
[1.559s] Level 1:colcon.colcon_core.environment:checking '/home/krishna/ur_ws/src/install/ur_description/bin'
[1.559s] Level 1:colcon.colcon_core.environment:checking '/home/krishna/ur_ws/src/install/ur_description/lib/pkgconfig/ur_description.pc'
[1.559s] Level 1:colcon.colcon_core.environment:checking '/home/krishna/ur_ws/src/install/ur_description/lib/python3.10/site-packages'
[1.559s] Level 1:colcon.colcon_core.environment:checking '/home/krishna/ur_ws/src/install/ur_description/bin'
[1.560s] INFO:colcon.colcon_core.shell:Creating package script '/home/krishna/ur_ws/src/install/ur_description/share/ur_description/package.ps1'
[1.560s] INFO:colcon.colcon_core.shell:Creating package descriptor '/home/krishna/ur_ws/src/install/ur_description/share/ur_description/package.dsv'
[1.561s] INFO:colcon.colcon_core.shell:Creating package script '/home/krishna/ur_ws/src/install/ur_description/share/ur_description/package.sh'
[1.561s] INFO:colcon.colcon_core.shell:Creating package script '/home/krishna/ur_ws/src/install/ur_description/share/ur_description/package.bash'
[1.561s] INFO:colcon.colcon_core.shell:Creating package script '/home/krishna/ur_ws/src/install/ur_description/share/ur_description/package.zsh'
[1.562s] Level 1:colcon.colcon_core.environment:create_file_with_runtime_dependencies(/home/krishna/ur_ws/src/install/ur_description/share/colcon-core/packages/ur_description)
[1.562s] Level 1:colcon.colcon_core.environment:create_environment_scripts_only(ur_description)
[1.563s] Level 1:colcon.colcon_core.environment:checking '/home/krishna/ur_ws/src/install/ur_description' for CMake module files
[1.563s] Level 1:colcon.colcon_core.environment:checking '/home/krishna/ur_ws/src/install/ur_description' for CMake config files
[1.563s] Level 1:colcon.colcon_core.shell:create_environment_hook('ur_description', 'cmake_prefix_path')
[1.564s] INFO:colcon.colcon_core.shell:Creating environment hook '/home/krishna/ur_ws/src/install/ur_description/share/ur_description/hook/cmake_prefix_path.ps1'
[1.564s] INFO:colcon.colcon_core.shell:Creating environment descriptor '/home/krishna/ur_ws/src/install/ur_description/share/ur_description/hook/cmake_prefix_path.dsv'
[1.564s] INFO:colcon.colcon_core.shell:Creating environment hook '/home/krishna/ur_ws/src/install/ur_description/share/ur_description/hook/cmake_prefix_path.sh'
[1.565s] Level 1:colcon.colcon_core.environment:checking '/home/krishna/ur_ws/src/install/ur_description/bin'
[1.565s] Level 1:colcon.colcon_core.environment:checking '/home/krishna/ur_ws/src/install/ur_description/lib/pkgconfig/ur_description.pc'
[1.565s] Level 1:colcon.colcon_core.environment:checking '/home/krishna/ur_ws/src/install/ur_description/lib/python3.10/site-packages'
[1.566s] Level 1:colcon.colcon_core.environment:checking '/home/krishna/ur_ws/src/install/ur_description/bin'
[1.566s] INFO:colcon.colcon_core.shell:Creating package script '/home/krishna/ur_ws/src/install/ur_description/share/ur_description/package.ps1'
[1.567s] INFO:colcon.colcon_core.shell:Creating package descriptor '/home/krishna/ur_ws/src/install/ur_description/share/ur_description/package.dsv'
[1.567s] INFO:colcon.colcon_core.shell:Creating package script '/home/krishna/ur_ws/src/install/ur_description/share/ur_description/package.sh'
[1.568s] INFO:colcon.colcon_core.shell:Creating package script '/home/krishna/ur_ws/src/install/ur_description/share/ur_description/package.bash'
[1.568s] INFO:colcon.colcon_core.shell:Creating package script '/home/krishna/ur_ws/src/install/ur_description/share/ur_description/package.zsh'
[1.569s] Level 1:colcon.colcon_core.environment:create_file_with_runtime_dependencies(/home/krishna/ur_ws/src/install/ur_description/share/colcon-core/packages/ur_description)
[1.569s] INFO:colcon.colcon_ros.task.ament_cmake.build:Building ROS package in '/home/krishna/ur_ws/src/Universal_Robots_ROS2_Gazebo_Simulation/ur_simulation_gazebo' with build type 'ament_cmake'
[1.569s] INFO:colcon.colcon_cmake.task.cmake.build:Building CMake package in '/home/krishna/ur_ws/src/Universal_Robots_ROS2_Gazebo_Simulation/ur_simulation_gazebo'
[1.570s] INFO:colcon.colcon_core.shell:Skip shell extension 'powershell' for command environment: Not usable outside of PowerShell
[1.570s] DEBUG:colcon.colcon_core.shell:Skip shell extension 'dsv' for command environment
[1.588s] DEBUG:colcon.colcon_core.event_handler.log_command:Invoking command in '/home/krishna/ur_ws/src/build/ur_simulation_gazebo': AMENT_PREFIX_PATH=/home/krishna/ur_ws/src/install/ur_description:${AMENT_PREFIX_PATH} CMAKE_PREFIX_PATH=/home/krishna/ur_ws/src/install/ur_description:/home/krishna/ur_ws/install/ur_simulation_gazebo:/home/krishna/ur_ws/install/ur_sim:/home/krishna/ur_ws/install/ur_description:/home/krishna/moveit_ws/install/pilz_industrial_motion_planner_testutils:/home/krishna/moveit_ws/install/moveit_runtime:/home/krishna/moveit_ws/install/moveit2_tutorials:/home/krishna/moveit_ws/install/moveit:/home/krishna/moveit_ws/install/moveit_planners:/home/krishna/moveit_ws/install/pilz_industrial_motion_planner:/home/krishna/moveit_ws/install/moveit_visual_tools:/home/krishna/moveit_ws/install/moveit_task_constructor_visualization:/home/krishna/moveit_ws/install/moveit_task_constructor_demo:/home/krishna/moveit_ws/install/moveit_task_constructor_capabilities:/home/krishna/moveit_ws/install/moveit_task_constructor_core:/home/krishna/moveit_ws/install/moveit_ros_control_interface:/home/krishna/moveit_ws/install/moveit_plugins:/home/krishna/moveit_ws/install/moveit_simple_controller_manager:/home/krishna/moveit_ws/install/moveit_setup_assistant:/home/krishna/moveit_ws/install/moveit_setup_srdf_plugins:/home/krishna/moveit_ws/install/moveit_setup_core_plugins:/home/krishna/moveit_ws/install/moveit_setup_controllers:/home/krishna/moveit_ws/install/moveit_setup_app_plugins:/home/krishna/moveit_ws/install/moveit_setup_framework:/home/krishna/moveit_ws/install/moveit_servo:/home/krishna/moveit_ws/install/moveit_ros:/home/krishna/moveit_ws/install/moveit_ros_visualization:/home/krishna/moveit_ws/install/moveit_hybrid_planning:/home/krishna/moveit_ws/install/move_program:/home/krishna/moveit_ws/install/moveit_ros_planning_interface:/home/krishna/moveit_ws/install/moveit_ros_benchmarks:/home/krishna/moveit_ws/install/moveit_ros_warehouse:/home/krishna/moveit_ws/install/moveit_ros_robot_interaction:/home/krishna/moveit_ws/install/moveit_ros_perception:/home/krishna/moveit_ws/install/moveit_resources_prbt_pg70_support:/home/krishna/moveit_ws/install/moveit_resources_prbt_moveit_config:/home/krishna/moveit_ws/install/moveit_ros_move_group:/home/krishna/moveit_ws/install/moveit_planners_ompl:/home/krishna/moveit_ws/install/moveit_ros_planning:/home/krishna/moveit_ws/install/moveit_ros_occupancy_map_monitor:/home/krishna/moveit_ws/install/moveit_resources_prbt_ikfast_manipulator_plugin:/home/krishna/moveit_ws/install/moveit_planners_chomp:/home/krishna/moveit_ws/install/moveit_kinematics:/home/krishna/moveit_ws/install/moveit_chomp_optimizer_adapter:/home/krishna/moveit_ws/install/chomp_motion_planner:/home/krishna/moveit_ws/install/moveit_core:/home/krishna/moveit_ws/install/srdfdom:/home/krishna/moveit_ws/install/rviz_marker_tools:/home/krishna/moveit_ws/install/rosparam_shortcuts:/home/krishna/moveit_ws/install/moveit_task_constructor_msgs:/home/krishna/moveit_ws/install/moveit_resources_prbt_support:/home/krishna/moveit_ws/install/moveit_resources:/home/krishna/moveit_ws/install/moveit_resources_pr2_description:/home/krishna/moveit_ws/install/moveit_resources_panda_moveit_config:/home/krishna/moveit_ws/install/moveit_resources_panda_description:/home/krishna/moveit_ws/install/moveit_resources_fanuc_moveit_config:/home/krishna/moveit_ws/install/moveit_resources_fanuc_description:/home/krishna/moveit_ws/install/moveit_common:/home/krishna/speed_ws/install/ur5_notebook:/home/krishna/speed_ws/install/ur5_motion_cpp:/home/krishna/speed_ws/install/ur5_gazebo_description:/home/krishna/speed_ws/install/ur5_blocks:/home/krishna/moveit_ws/install/moveit_configs_utils:/home/krishna/moveit_ws/install/launch_param_builder:/home/krishna/speed_ws/install/ur5_vision2:/home/krishna/speed_ws/install/ur5_gripper2:/opt/ros/humble /usr/bin/cmake /home/krishna/ur_ws/src/Universal_Robots_ROS2_Gazebo_Simulation/ur_simulation_gazebo -DCMAKE_INSTALL_PREFIX=/home/krishna/ur_ws/src/install/ur_simulation_gazebo
[2.008s] DEBUG:colcon.colcon_core.event_handler.log_command:Invoked command in '/home/krishna/ur_ws/src/build/ur5_camera_movit_config' returned '0': AMENT_PREFIX_PATH=/home/krishna/ur_ws/src/install/ur_sim:${AMENT_PREFIX_PATH} CMAKE_PREFIX_PATH=/home/krishna/ur_ws/src/install/ur_sim:/home/krishna/ur_ws/install/ur_simulation_gazebo:/home/krishna/ur_ws/install/ur_sim:/home/krishna/ur_ws/install/ur_description:/home/krishna/moveit_ws/install/pilz_industrial_motion_planner_testutils:/home/krishna/moveit_ws/install/moveit_runtime:/home/krishna/moveit_ws/install/moveit2_tutorials:/home/krishna/moveit_ws/install/moveit:/home/krishna/moveit_ws/install/moveit_planners:/home/krishna/moveit_ws/install/pilz_industrial_motion_planner:/home/krishna/moveit_ws/install/moveit_visual_tools:/home/krishna/moveit_ws/install/moveit_task_constructor_visualization:/home/krishna/moveit_ws/install/moveit_task_constructor_demo:/home/krishna/moveit_ws/install/moveit_task_constructor_capabilities:/home/krishna/moveit_ws/install/moveit_task_constructor_core:/home/krishna/moveit_ws/install/moveit_ros_control_interface:/home/krishna/moveit_ws/install/moveit_plugins:/home/krishna/moveit_ws/install/moveit_simple_controller_manager:/home/krishna/moveit_ws/install/moveit_setup_assistant:/home/krishna/moveit_ws/install/moveit_setup_srdf_plugins:/home/krishna/moveit_ws/install/moveit_setup_core_plugins:/home/krishna/moveit_ws/install/moveit_setup_controllers:/home/krishna/moveit_ws/install/moveit_setup_app_plugins:/home/krishna/moveit_ws/install/moveit_setup_framework:/home/krishna/moveit_ws/install/moveit_servo:/home/krishna/moveit_ws/install/moveit_ros:/home/krishna/moveit_ws/install/moveit_ros_visualization:/home/krishna/moveit_ws/install/moveit_hybrid_planning:/home/krishna/moveit_ws/install/move_program:/home/krishna/moveit_ws/install/moveit_ros_planning_interface:/home/krishna/moveit_ws/install/moveit_ros_benchmarks:/home/krishna/moveit_ws/install/moveit_ros_warehouse:/home/krishna/moveit_ws/install/moveit_ros_robot_interaction:/home/krishna/moveit_ws/install/moveit_ros_perception:/home/krishna/moveit_ws/install/moveit_resources_prbt_pg70_support:/home/krishna/moveit_ws/install/moveit_resources_prbt_moveit_config:/home/krishna/moveit_ws/install/moveit_ros_move_group:/home/krishna/moveit_ws/install/moveit_planners_ompl:/home/krishna/moveit_ws/install/moveit_ros_planning:/home/krishna/moveit_ws/install/moveit_ros_occupancy_map_monitor:/home/krishna/moveit_ws/install/moveit_resources_prbt_ikfast_manipulator_plugin:/home/krishna/moveit_ws/install/moveit_planners_chomp:/home/krishna/moveit_ws/install/moveit_kinematics:/home/krishna/moveit_ws/install/moveit_chomp_optimizer_adapter:/home/krishna/moveit_ws/install/chomp_motion_planner:/home/krishna/moveit_ws/install/moveit_core:/home/krishna/moveit_ws/install/srdfdom:/home/krishna/moveit_ws/install/rviz_marker_tools:/home/krishna/moveit_ws/install/rosparam_shortcuts:/home/krishna/moveit_ws/install/moveit_task_constructor_msgs:/home/krishna/moveit_ws/install/moveit_resources_prbt_support:/home/krishna/moveit_ws/install/moveit_resources:/home/krishna/moveit_ws/install/moveit_resources_pr2_description:/home/krishna/moveit_ws/install/moveit_resources_panda_moveit_config:/home/krishna/moveit_ws/install/moveit_resources_panda_description:/home/krishna/moveit_ws/install/moveit_resources_fanuc_moveit_config:/home/krishna/moveit_ws/install/moveit_resources_fanuc_description:/home/krishna/moveit_ws/install/moveit_common:/home/krishna/speed_ws/install/ur5_notebook:/home/krishna/speed_ws/install/ur5_motion_cpp:/home/krishna/speed_ws/install/ur5_gazebo_description:/home/krishna/speed_ws/install/ur5_blocks:/home/krishna/moveit_ws/install/moveit_configs_utils:/home/krishna/moveit_ws/install/launch_param_builder:/home/krishna/speed_ws/install/ur5_vision2:/home/krishna/speed_ws/install/ur5_gripper2:/opt/ros/humble /usr/bin/cmake /home/krishna/ur_ws/src/ur5_camera_movit_config -DCMAKE_INSTALL_PREFIX=/home/krishna/ur_ws/src/install/ur5_camera_movit_config
[2.010s] DEBUG:colcon.colcon_core.event_handler.log_command:Invoking command in '/home/krishna/ur_ws/src/build/ur5_camera_movit_config': AMENT_PREFIX_PATH=/home/krishna/ur_ws/src/install/ur_sim:${AMENT_PREFIX_PATH} CMAKE_PREFIX_PATH=/home/krishna/ur_ws/src/install/ur_sim:/home/krishna/ur_ws/install/ur_simulation_gazebo:/home/krishna/ur_ws/install/ur_sim:/home/krishna/ur_ws/install/ur_description:/home/krishna/moveit_ws/install/pilz_industrial_motion_planner_testutils:/home/krishna/moveit_ws/install/moveit_runtime:/home/krishna/moveit_ws/install/moveit2_tutorials:/home/krishna/moveit_ws/install/moveit:/home/krishna/moveit_ws/install/moveit_planners:/home/krishna/moveit_ws/install/pilz_industrial_motion_planner:/home/krishna/moveit_ws/install/moveit_visual_tools:/home/krishna/moveit_ws/install/moveit_task_constructor_visualization:/home/krishna/moveit_ws/install/moveit_task_constructor_demo:/home/krishna/moveit_ws/install/moveit_task_constructor_capabilities:/home/krishna/moveit_ws/install/moveit_task_constructor_core:/home/krishna/moveit_ws/install/moveit_ros_control_interface:/home/krishna/moveit_ws/install/moveit_plugins:/home/krishna/moveit_ws/install/moveit_simple_controller_manager:/home/krishna/moveit_ws/install/moveit_setup_assistant:/home/krishna/moveit_ws/install/moveit_setup_srdf_plugins:/home/krishna/moveit_ws/install/moveit_setup_core_plugins:/home/krishna/moveit_ws/install/moveit_setup_controllers:/home/krishna/moveit_ws/install/moveit_setup_app_plugins:/home/krishna/moveit_ws/install/moveit_setup_framework:/home/krishna/moveit_ws/install/moveit_servo:/home/krishna/moveit_ws/install/moveit_ros:/home/krishna/moveit_ws/install/moveit_ros_visualization:/home/krishna/moveit_ws/install/moveit_hybrid_planning:/home/krishna/moveit_ws/install/move_program:/home/krishna/moveit_ws/install/moveit_ros_planning_interface:/home/krishna/moveit_ws/install/moveit_ros_benchmarks:/home/krishna/moveit_ws/install/moveit_ros_warehouse:/home/krishna/moveit_ws/install/moveit_ros_robot_interaction:/home/krishna/moveit_ws/install/moveit_ros_perception:/home/krishna/moveit_ws/install/moveit_resources_prbt_pg70_support:/home/krishna/moveit_ws/install/moveit_resources_prbt_moveit_config:/home/krishna/moveit_ws/install/moveit_ros_move_group:/home/krishna/moveit_ws/install/moveit_planners_ompl:/home/krishna/moveit_ws/install/moveit_ros_planning:/home/krishna/moveit_ws/install/moveit_ros_occupancy_map_monitor:/home/krishna/moveit_ws/install/moveit_resources_prbt_ikfast_manipulator_plugin:/home/krishna/moveit_ws/install/moveit_planners_chomp:/home/krishna/moveit_ws/install/moveit_kinematics:/home/krishna/moveit_ws/install/moveit_chomp_optimizer_adapter:/home/krishna/moveit_ws/install/chomp_motion_planner:/home/krishna/moveit_ws/install/moveit_core:/home/krishna/moveit_ws/install/srdfdom:/home/krishna/moveit_ws/install/rviz_marker_tools:/home/krishna/moveit_ws/install/rosparam_shortcuts:/home/krishna/moveit_ws/install/moveit_task_constructor_msgs:/home/krishna/moveit_ws/install/moveit_resources_prbt_support:/home/krishna/moveit_ws/install/moveit_resources:/home/krishna/moveit_ws/install/moveit_resources_pr2_description:/home/krishna/moveit_ws/install/moveit_resources_panda_moveit_config:/home/krishna/moveit_ws/install/moveit_resources_panda_description:/home/krishna/moveit_ws/install/moveit_resources_fanuc_moveit_config:/home/krishna/moveit_ws/install/moveit_resources_fanuc_description:/home/krishna/moveit_ws/install/moveit_common:/home/krishna/speed_ws/install/ur5_notebook:/home/krishna/speed_ws/install/ur5_motion_cpp:/home/krishna/speed_ws/install/ur5_gazebo_description:/home/krishna/speed_ws/install/ur5_blocks:/home/krishna/moveit_ws/install/moveit_configs_utils:/home/krishna/moveit_ws/install/launch_param_builder:/home/krishna/speed_ws/install/ur5_vision2:/home/krishna/speed_ws/install/ur5_gripper2:/opt/ros/humble /usr/bin/cmake --build /home/krishna/ur_ws/src/build/ur5_camera_movit_config -- -j16 -l16
[2.056s] DEBUG:colcon.colcon_core.event_handler.log_command:Invoked command in '/home/krishna/ur_ws/src/build/ur5_camera_movit_config' returned '0': AMENT_PREFIX_PATH=/home/krishna/ur_ws/src/install/ur_sim:${AMENT_PREFIX_PATH} CMAKE_PREFIX_PATH=/home/krishna/ur_ws/src/install/ur_sim:/home/krishna/ur_ws/install/ur_simulation_gazebo:/home/krishna/ur_ws/install/ur_sim:/home/krishna/ur_ws/install/ur_description:/home/krishna/moveit_ws/install/pilz_industrial_motion_planner_testutils:/home/krishna/moveit_ws/install/moveit_runtime:/home/krishna/moveit_ws/install/moveit2_tutorials:/home/krishna/moveit_ws/install/moveit:/home/krishna/moveit_ws/install/moveit_planners:/home/krishna/moveit_ws/install/pilz_industrial_motion_planner:/home/krishna/moveit_ws/install/moveit_visual_tools:/home/krishna/moveit_ws/install/moveit_task_constructor_visualization:/home/krishna/moveit_ws/install/moveit_task_constructor_demo:/home/krishna/moveit_ws/install/moveit_task_constructor_capabilities:/home/krishna/moveit_ws/install/moveit_task_constructor_core:/home/krishna/moveit_ws/install/moveit_ros_control_interface:/home/krishna/moveit_ws/install/moveit_plugins:/home/krishna/moveit_ws/install/moveit_simple_controller_manager:/home/krishna/moveit_ws/install/moveit_setup_assistant:/home/krishna/moveit_ws/install/moveit_setup_srdf_plugins:/home/krishna/moveit_ws/install/moveit_setup_core_plugins:/home/krishna/moveit_ws/install/moveit_setup_controllers:/home/krishna/moveit_ws/install/moveit_setup_app_plugins:/home/krishna/moveit_ws/install/moveit_setup_framework:/home/krishna/moveit_ws/install/moveit_servo:/home/krishna/moveit_ws/install/moveit_ros:/home/krishna/moveit_ws/install/moveit_ros_visualization:/home/krishna/moveit_ws/install/moveit_hybrid_planning:/home/krishna/moveit_ws/install/move_program:/home/krishna/moveit_ws/install/moveit_ros_planning_interface:/home/krishna/moveit_ws/install/moveit_ros_benchmarks:/home/krishna/moveit_ws/install/moveit_ros_warehouse:/home/krishna/moveit_ws/install/moveit_ros_robot_interaction:/home/krishna/moveit_ws/install/moveit_ros_perception:/home/krishna/moveit_ws/install/moveit_resources_prbt_pg70_support:/home/krishna/moveit_ws/install/moveit_resources_prbt_moveit_config:/home/krishna/moveit_ws/install/moveit_ros_move_group:/home/krishna/moveit_ws/install/moveit_planners_ompl:/home/krishna/moveit_ws/install/moveit_ros_planning:/home/krishna/moveit_ws/install/moveit_ros_occupancy_map_monitor:/home/krishna/moveit_ws/install/moveit_resources_prbt_ikfast_manipulator_plugin:/home/krishna/moveit_ws/install/moveit_planners_chomp:/home/krishna/moveit_ws/install/moveit_kinematics:/home/krishna/moveit_ws/install/moveit_chomp_optimizer_adapter:/home/krishna/moveit_ws/install/chomp_motion_planner:/home/krishna/moveit_ws/install/moveit_core:/home/krishna/moveit_ws/install/srdfdom:/home/krishna/moveit_ws/install/rviz_marker_tools:/home/krishna/moveit_ws/install/rosparam_shortcuts:/home/krishna/moveit_ws/install/moveit_task_constructor_msgs:/home/krishna/moveit_ws/install/moveit_resources_prbt_support:/home/krishna/moveit_ws/install/moveit_resources:/home/krishna/moveit_ws/install/moveit_resources_pr2_description:/home/krishna/moveit_ws/install/moveit_resources_panda_moveit_config:/home/krishna/moveit_ws/install/moveit_resources_panda_description:/home/krishna/moveit_ws/install/moveit_resources_fanuc_moveit_config:/home/krishna/moveit_ws/install/moveit_resources_fanuc_description:/home/krishna/moveit_ws/install/moveit_common:/home/krishna/speed_ws/install/ur5_notebook:/home/krishna/speed_ws/install/ur5_motion_cpp:/home/krishna/speed_ws/install/ur5_gazebo_description:/home/krishna/speed_ws/install/ur5_blocks:/home/krishna/moveit_ws/install/moveit_configs_utils:/home/krishna/moveit_ws/install/launch_param_builder:/home/krishna/speed_ws/install/ur5_vision2:/home/krishna/speed_ws/install/ur5_gripper2:/opt/ros/humble /usr/bin/cmake --build /home/krishna/ur_ws/src/build/ur5_camera_movit_config -- -j16 -l16
[2.057s] DEBUG:colcon.colcon_core.event_handler.log_command:Invoking command in '/home/krishna/ur_ws/src/build/ur5_camera_movit_config': AMENT_PREFIX_PATH=/home/krishna/ur_ws/src/install/ur_sim:${AMENT_PREFIX_PATH} CMAKE_PREFIX_PATH=/home/krishna/ur_ws/src/install/ur_sim:/home/krishna/ur_ws/install/ur_simulation_gazebo:/home/krishna/ur_ws/install/ur_sim:/home/krishna/ur_ws/install/ur_description:/home/krishna/moveit_ws/install/pilz_industrial_motion_planner_testutils:/home/krishna/moveit_ws/install/moveit_runtime:/home/krishna/moveit_ws/install/moveit2_tutorials:/home/krishna/moveit_ws/install/moveit:/home/krishna/moveit_ws/install/moveit_planners:/home/krishna/moveit_ws/install/pilz_industrial_motion_planner:/home/krishna/moveit_ws/install/moveit_visual_tools:/home/krishna/moveit_ws/install/moveit_task_constructor_visualization:/home/krishna/moveit_ws/install/moveit_task_constructor_demo:/home/krishna/moveit_ws/install/moveit_task_constructor_capabilities:/home/krishna/moveit_ws/install/moveit_task_constructor_core:/home/krishna/moveit_ws/install/moveit_ros_control_interface:/home/krishna/moveit_ws/install/moveit_plugins:/home/krishna/moveit_ws/install/moveit_simple_controller_manager:/home/krishna/moveit_ws/install/moveit_setup_assistant:/home/krishna/moveit_ws/install/moveit_setup_srdf_plugins:/home/krishna/moveit_ws/install/moveit_setup_core_plugins:/home/krishna/moveit_ws/install/moveit_setup_controllers:/home/krishna/moveit_ws/install/moveit_setup_app_plugins:/home/krishna/moveit_ws/install/moveit_setup_framework:/home/krishna/moveit_ws/install/moveit_servo:/home/krishna/moveit_ws/install/moveit_ros:/home/krishna/moveit_ws/install/moveit_ros_visualization:/home/krishna/moveit_ws/install/moveit_hybrid_planning:/home/krishna/moveit_ws/install/move_program:/home/krishna/moveit_ws/install/moveit_ros_planning_interface:/home/krishna/moveit_ws/install/moveit_ros_benchmarks:/home/krishna/moveit_ws/install/moveit_ros_warehouse:/home/krishna/moveit_ws/install/moveit_ros_robot_interaction:/home/krishna/moveit_ws/install/moveit_ros_perception:/home/krishna/moveit_ws/install/moveit_resources_prbt_pg70_support:/home/krishna/moveit_ws/install/moveit_resources_prbt_moveit_config:/home/krishna/moveit_ws/install/moveit_ros_move_group:/home/krishna/moveit_ws/install/moveit_planners_ompl:/home/krishna/moveit_ws/install/moveit_ros_planning:/home/krishna/moveit_ws/install/moveit_ros_occupancy_map_monitor:/home/krishna/moveit_ws/install/moveit_resources_prbt_ikfast_manipulator_plugin:/home/krishna/moveit_ws/install/moveit_planners_chomp:/home/krishna/moveit_ws/install/moveit_kinematics:/home/krishna/moveit_ws/install/moveit_chomp_optimizer_adapter:/home/krishna/moveit_ws/install/chomp_motion_planner:/home/krishna/moveit_ws/install/moveit_core:/home/krishna/moveit_ws/install/srdfdom:/home/krishna/moveit_ws/install/rviz_marker_tools:/home/krishna/moveit_ws/install/rosparam_shortcuts:/home/krishna/moveit_ws/install/moveit_task_constructor_msgs:/home/krishna/moveit_ws/install/moveit_resources_prbt_support:/home/krishna/moveit_ws/install/moveit_resources:/home/krishna/moveit_ws/install/moveit_resources_pr2_description:/home/krishna/moveit_ws/install/moveit_resources_panda_moveit_config:/home/krishna/moveit_ws/install/moveit_resources_panda_description:/home/krishna/moveit_ws/install/moveit_resources_fanuc_moveit_config:/home/krishna/moveit_ws/install/moveit_resources_fanuc_description:/home/krishna/moveit_ws/install/moveit_common:/home/krishna/speed_ws/install/ur5_notebook:/home/krishna/speed_ws/install/ur5_motion_cpp:/home/krishna/speed_ws/install/ur5_gazebo_description:/home/krishna/speed_ws/install/ur5_blocks:/home/krishna/moveit_ws/install/moveit_configs_utils:/home/krishna/moveit_ws/install/launch_param_builder:/home/krishna/speed_ws/install/ur5_vision2:/home/krishna/speed_ws/install/ur5_gripper2:/opt/ros/humble /usr/bin/cmake --install /home/krishna/ur_ws/src/build/ur5_camera_movit_config
[2.072s] Level 1:colcon.colcon_core.environment:create_environment_scripts_only(ur5_camera_movit_config)
[2.072s] Level 1:colcon.colcon_core.environment:checking '/home/krishna/ur_ws/src/install/ur5_camera_movit_config' for CMake module files
[2.073s] DEBUG:colcon.colcon_core.event_handler.log_command:Invoked command in '/home/krishna/ur_ws/src/build/ur5_camera_movit_config' returned '0': AMENT_PREFIX_PATH=/home/krishna/ur_ws/src/install/ur_sim:${AMENT_PREFIX_PATH} CMAKE_PREFIX_PATH=/home/krishna/ur_ws/src/install/ur_sim:/home/krishna/ur_ws/install/ur_simulation_gazebo:/home/krishna/ur_ws/install/ur_sim:/home/krishna/ur_ws/install/ur_description:/home/krishna/moveit_ws/install/pilz_industrial_motion_planner_testutils:/home/krishna/moveit_ws/install/moveit_runtime:/home/krishna/moveit_ws/install/moveit2_tutorials:/home/krishna/moveit_ws/install/moveit:/home/krishna/moveit_ws/install/moveit_planners:/home/krishna/moveit_ws/install/pilz_industrial_motion_planner:/home/krishna/moveit_ws/install/moveit_visual_tools:/home/krishna/moveit_ws/install/moveit_task_constructor_visualization:/home/krishna/moveit_ws/install/moveit_task_constructor_demo:/home/krishna/moveit_ws/install/moveit_task_constructor_capabilities:/home/krishna/moveit_ws/install/moveit_task_constructor_core:/home/krishna/moveit_ws/install/moveit_ros_control_interface:/home/krishna/moveit_ws/install/moveit_plugins:/home/krishna/moveit_ws/install/moveit_simple_controller_manager:/home/krishna/moveit_ws/install/moveit_setup_assistant:/home/krishna/moveit_ws/install/moveit_setup_srdf_plugins:/home/krishna/moveit_ws/install/moveit_setup_core_plugins:/home/krishna/moveit_ws/install/moveit_setup_controllers:/home/krishna/moveit_ws/install/moveit_setup_app_plugins:/home/krishna/moveit_ws/install/moveit_setup_framework:/home/krishna/moveit_ws/install/moveit_servo:/home/krishna/moveit_ws/install/moveit_ros:/home/krishna/moveit_ws/install/moveit_ros_visualization:/home/krishna/moveit_ws/install/moveit_hybrid_planning:/home/krishna/moveit_ws/install/move_program:/home/krishna/moveit_ws/install/moveit_ros_planning_interface:/home/krishna/moveit_ws/install/moveit_ros_benchmarks:/home/krishna/moveit_ws/install/moveit_ros_warehouse:/home/krishna/moveit_ws/install/moveit_ros_robot_interaction:/home/krishna/moveit_ws/install/moveit_ros_perception:/home/krishna/moveit_ws/install/moveit_resources_prbt_pg70_support:/home/krishna/moveit_ws/install/moveit_resources_prbt_moveit_config:/home/krishna/moveit_ws/install/moveit_ros_move_group:/home/krishna/moveit_ws/install/moveit_planners_ompl:/home/krishna/moveit_ws/install/moveit_ros_planning:/home/krishna/moveit_ws/install/moveit_ros_occupancy_map_monitor:/home/krishna/moveit_ws/install/moveit_resources_prbt_ikfast_manipulator_plugin:/home/krishna/moveit_ws/install/moveit_planners_chomp:/home/krishna/moveit_ws/install/moveit_kinematics:/home/krishna/moveit_ws/install/moveit_chomp_optimizer_adapter:/home/krishna/moveit_ws/install/chomp_motion_planner:/home/krishna/moveit_ws/install/moveit_core:/home/krishna/moveit_ws/install/srdfdom:/home/krishna/moveit_ws/install/rviz_marker_tools:/home/krishna/moveit_ws/install/rosparam_shortcuts:/home/krishna/moveit_ws/install/moveit_task_constructor_msgs:/home/krishna/moveit_ws/install/moveit_resources_prbt_support:/home/krishna/moveit_ws/install/moveit_resources:/home/krishna/moveit_ws/install/moveit_resources_pr2_description:/home/krishna/moveit_ws/install/moveit_resources_panda_moveit_config:/home/krishna/moveit_ws/install/moveit_resources_panda_description:/home/krishna/moveit_ws/install/moveit_resources_fanuc_moveit_config:/home/krishna/moveit_ws/install/moveit_resources_fanuc_description:/home/krishna/moveit_ws/install/moveit_common:/home/krishna/speed_ws/install/ur5_notebook:/home/krishna/speed_ws/install/ur5_motion_cpp:/home/krishna/speed_ws/install/ur5_gazebo_description:/home/krishna/speed_ws/install/ur5_blocks:/home/krishna/moveit_ws/install/moveit_configs_utils:/home/krishna/moveit_ws/install/launch_param_builder:/home/krishna/speed_ws/install/ur5_vision2:/home/krishna/speed_ws/install/ur5_gripper2:/opt/ros/humble /usr/bin/cmake --install /home/krishna/ur_ws/src/build/ur5_camera_movit_config
[2.073s] Level 1:colcon.colcon_core.environment:checking '/home/krishna/ur_ws/src/install/ur5_camera_movit_config' for CMake config files
[2.073s] Level 1:colcon.colcon_core.shell:create_environment_hook('ur5_camera_movit_config', 'cmake_prefix_path')
[2.073s] INFO:colcon.colcon_core.shell:Creating environment hook '/home/krishna/ur_ws/src/install/ur5_camera_movit_config/share/ur5_camera_movit_config/hook/cmake_prefix_path.ps1'
[2.073s] INFO:colcon.colcon_core.shell:Creating environment descriptor '/home/krishna/ur_ws/src/install/ur5_camera_movit_config/share/ur5_camera_movit_config/hook/cmake_prefix_path.dsv'
[2.074s] INFO:colcon.colcon_core.shell:Creating environment hook '/home/krishna/ur_ws/src/install/ur5_camera_movit_config/share/ur5_camera_movit_config/hook/cmake_prefix_path.sh'
[2.074s] Level 1:colcon.colcon_core.environment:checking '/home/krishna/ur_ws/src/install/ur5_camera_movit_config/bin'
[2.074s] Level 1:colcon.colcon_core.environment:checking '/home/krishna/ur_ws/src/install/ur5_camera_movit_config/lib/pkgconfig/ur5_camera_movit_config.pc'
[2.074s] Level 1:colcon.colcon_core.environment:checking '/home/krishna/ur_ws/src/install/ur5_camera_movit_config/lib/python3.10/site-packages'
[2.074s] Level 1:colcon.colcon_core.environment:checking '/home/krishna/ur_ws/src/install/ur5_camera_movit_config/bin'
[2.075s] INFO:colcon.colcon_core.shell:Creating package script '/home/krishna/ur_ws/src/install/ur5_camera_movit_config/share/ur5_camera_movit_config/package.ps1'
[2.075s] INFO:colcon.colcon_core.shell:Creating package descriptor '/home/krishna/ur_ws/src/install/ur5_camera_movit_config/share/ur5_camera_movit_config/package.dsv'
[2.075s] INFO:colcon.colcon_core.shell:Creating package script '/home/krishna/ur_ws/src/install/ur5_camera_movit_config/share/ur5_camera_movit_config/package.sh'
[2.075s] INFO:colcon.colcon_core.shell:Creating package script '/home/krishna/ur_ws/src/install/ur5_camera_movit_config/share/ur5_camera_movit_config/package.bash'
[2.075s] INFO:colcon.colcon_core.shell:Creating package script '/home/krishna/ur_ws/src/install/ur5_camera_movit_config/share/ur5_camera_movit_config/package.zsh'
[2.075s] Level 1:colcon.colcon_core.environment:create_file_with_runtime_dependencies(/home/krishna/ur_ws/src/install/ur5_camera_movit_config/share/colcon-core/packages/ur5_camera_movit_config)
[2.076s] Level 1:colcon.colcon_core.environment:create_environment_scripts_only(ur5_camera_movit_config)
[2.076s] Level 1:colcon.colcon_core.environment:checking '/home/krishna/ur_ws/src/install/ur5_camera_movit_config' for CMake module files
[2.076s] Level 1:colcon.colcon_core.environment:checking '/home/krishna/ur_ws/src/install/ur5_camera_movit_config' for CMake config files
[2.076s] Level 1:colcon.colcon_core.shell:create_environment_hook('ur5_camera_movit_config', 'cmake_prefix_path')
[2.076s] INFO:colcon.colcon_core.shell:Creating environment hook '/home/krishna/ur_ws/src/install/ur5_camera_movit_config/share/ur5_camera_movit_config/hook/cmake_prefix_path.ps1'
[2.076s] INFO:colcon.colcon_core.shell:Creating environment descriptor '/home/krishna/ur_ws/src/install/ur5_camera_movit_config/share/ur5_camera_movit_config/hook/cmake_prefix_path.dsv'
[2.077s] INFO:colcon.colcon_core.shell:Creating environment hook '/home/krishna/ur_ws/src/install/ur5_camera_movit_config/share/ur5_camera_movit_config/hook/cmake_prefix_path.sh'
[2.077s] Level 1:colcon.colcon_core.environment:checking '/home/krishna/ur_ws/src/install/ur5_camera_movit_config/bin'
[2.077s] Level 1:colcon.colcon_core.environment:checking '/home/krishna/ur_ws/src/install/ur5_camera_movit_config/lib/pkgconfig/ur5_camera_movit_config.pc'
[2.077s] Level 1:colcon.colcon_core.environment:checking '/home/krishna/ur_ws/src/install/ur5_camera_movit_config/lib/python3.10/site-packages'
[2.077s] Level 1:colcon.colcon_core.environment:checking '/home/krishna/ur_ws/src/install/ur5_camera_movit_config/bin'
[2.077s] INFO:colcon.colcon_core.shell:Creating package script '/home/krishna/ur_ws/src/install/ur5_camera_movit_config/share/ur5_camera_movit_config/package.ps1'
[2.077s] INFO:colcon.colcon_core.shell:Creating package descriptor '/home/krishna/ur_ws/src/install/ur5_camera_movit_config/share/ur5_camera_movit_config/package.dsv'
[2.078s] INFO:colcon.colcon_core.shell:Creating package script '/home/krishna/ur_ws/src/install/ur5_camera_movit_config/share/ur5_camera_movit_config/package.sh'
[2.078s] INFO:colcon.colcon_core.shell:Creating package script '/home/krishna/ur_ws/src/install/ur5_camera_movit_config/share/ur5_camera_movit_config/package.bash'
[2.078s] INFO:colcon.colcon_core.shell:Creating package script '/home/krishna/ur_ws/src/install/ur5_camera_movit_config/share/ur5_camera_movit_config/package.zsh'
[2.078s] Level 1:colcon.colcon_core.environment:create_file_with_runtime_dependencies(/home/krishna/ur_ws/src/install/ur5_camera_movit_config/share/colcon-core/packages/ur5_camera_movit_config)
[2.256s] DEBUG:colcon.colcon_core.event_handler.log_command:Invoked command in '/home/krishna/ur_ws/src/build/ur_simulation_gazebo' returned '0': AMENT_PREFIX_PATH=/home/krishna/ur_ws/src/install/ur_description:${AMENT_PREFIX_PATH} CMAKE_PREFIX_PATH=/home/krishna/ur_ws/src/install/ur_description:/home/krishna/ur_ws/install/ur_simulation_gazebo:/home/krishna/ur_ws/install/ur_sim:/home/krishna/ur_ws/install/ur_description:/home/krishna/moveit_ws/install/pilz_industrial_motion_planner_testutils:/home/krishna/moveit_ws/install/moveit_runtime:/home/krishna/moveit_ws/install/moveit2_tutorials:/home/krishna/moveit_ws/install/moveit:/home/krishna/moveit_ws/install/moveit_planners:/home/krishna/moveit_ws/install/pilz_industrial_motion_planner:/home/krishna/moveit_ws/install/moveit_visual_tools:/home/krishna/moveit_ws/install/moveit_task_constructor_visualization:/home/krishna/moveit_ws/install/moveit_task_constructor_demo:/home/krishna/moveit_ws/install/moveit_task_constructor_capabilities:/home/krishna/moveit_ws/install/moveit_task_constructor_core:/home/krishna/moveit_ws/install/moveit_ros_control_interface:/home/krishna/moveit_ws/install/moveit_plugins:/home/krishna/moveit_ws/install/moveit_simple_controller_manager:/home/krishna/moveit_ws/install/moveit_setup_assistant:/home/krishna/moveit_ws/install/moveit_setup_srdf_plugins:/home/krishna/moveit_ws/install/moveit_setup_core_plugins:/home/krishna/moveit_ws/install/moveit_setup_controllers:/home/krishna/moveit_ws/install/moveit_setup_app_plugins:/home/krishna/moveit_ws/install/moveit_setup_framework:/home/krishna/moveit_ws/install/moveit_servo:/home/krishna/moveit_ws/install/moveit_ros:/home/krishna/moveit_ws/install/moveit_ros_visualization:/home/krishna/moveit_ws/install/moveit_hybrid_planning:/home/krishna/moveit_ws/install/move_program:/home/krishna/moveit_ws/install/moveit_ros_planning_interface:/home/krishna/moveit_ws/install/moveit_ros_benchmarks:/home/krishna/moveit_ws/install/moveit_ros_warehouse:/home/krishna/moveit_ws/install/moveit_ros_robot_interaction:/home/krishna/moveit_ws/install/moveit_ros_perception:/home/krishna/moveit_ws/install/moveit_resources_prbt_pg70_support:/home/krishna/moveit_ws/install/moveit_resources_prbt_moveit_config:/home/krishna/moveit_ws/install/moveit_ros_move_group:/home/krishna/moveit_ws/install/moveit_planners_ompl:/home/krishna/moveit_ws/install/moveit_ros_planning:/home/krishna/moveit_ws/install/moveit_ros_occupancy_map_monitor:/home/krishna/moveit_ws/install/moveit_resources_prbt_ikfast_manipulator_plugin:/home/krishna/moveit_ws/install/moveit_planners_chomp:/home/krishna/moveit_ws/install/moveit_kinematics:/home/krishna/moveit_ws/install/moveit_chomp_optimizer_adapter:/home/krishna/moveit_ws/install/chomp_motion_planner:/home/krishna/moveit_ws/install/moveit_core:/home/krishna/moveit_ws/install/srdfdom:/home/krishna/moveit_ws/install/rviz_marker_tools:/home/krishna/moveit_ws/install/rosparam_shortcuts:/home/krishna/moveit_ws/install/moveit_task_constructor_msgs:/home/krishna/moveit_ws/install/moveit_resources_prbt_support:/home/krishna/moveit_ws/install/moveit_resources:/home/krishna/moveit_ws/install/moveit_resources_pr2_description:/home/krishna/moveit_ws/install/moveit_resources_panda_moveit_config:/home/krishna/moveit_ws/install/moveit_resources_panda_description:/home/krishna/moveit_ws/install/moveit_resources_fanuc_moveit_config:/home/krishna/moveit_ws/install/moveit_resources_fanuc_description:/home/krishna/moveit_ws/install/moveit_common:/home/krishna/speed_ws/install/ur5_notebook:/home/krishna/speed_ws/install/ur5_motion_cpp:/home/krishna/speed_ws/install/ur5_gazebo_description:/home/krishna/speed_ws/install/ur5_blocks:/home/krishna/moveit_ws/install/moveit_configs_utils:/home/krishna/moveit_ws/install/launch_param_builder:/home/krishna/speed_ws/install/ur5_vision2:/home/krishna/speed_ws/install/ur5_gripper2:/opt/ros/humble /usr/bin/cmake /home/krishna/ur_ws/src/Universal_Robots_ROS2_Gazebo_Simulation/ur_simulation_gazebo -DCMAKE_INSTALL_PREFIX=/home/krishna/ur_ws/src/install/ur_simulation_gazebo
[2.258s] DEBUG:colcon.colcon_core.event_handler.log_command:Invoking command in '/home/krishna/ur_ws/src/build/ur_simulation_gazebo': AMENT_PREFIX_PATH=/home/krishna/ur_ws/src/install/ur_description:${AMENT_PREFIX_PATH} CMAKE_PREFIX_PATH=/home/krishna/ur_ws/src/install/ur_description:/home/krishna/ur_ws/install/ur_simulation_gazebo:/home/krishna/ur_ws/install/ur_sim:/home/krishna/ur_ws/install/ur_description:/home/krishna/moveit_ws/install/pilz_industrial_motion_planner_testutils:/home/krishna/moveit_ws/install/moveit_runtime:/home/krishna/moveit_ws/install/moveit2_tutorials:/home/krishna/moveit_ws/install/moveit:/home/krishna/moveit_ws/install/moveit_planners:/home/krishna/moveit_ws/install/pilz_industrial_motion_planner:/home/krishna/moveit_ws/install/moveit_visual_tools:/home/krishna/moveit_ws/install/moveit_task_constructor_visualization:/home/krishna/moveit_ws/install/moveit_task_constructor_demo:/home/krishna/moveit_ws/install/moveit_task_constructor_capabilities:/home/krishna/moveit_ws/install/moveit_task_constructor_core:/home/krishna/moveit_ws/install/moveit_ros_control_interface:/home/krishna/moveit_ws/install/moveit_plugins:/home/krishna/moveit_ws/install/moveit_simple_controller_manager:/home/krishna/moveit_ws/install/moveit_setup_assistant:/home/krishna/moveit_ws/install/moveit_setup_srdf_plugins:/home/krishna/moveit_ws/install/moveit_setup_core_plugins:/home/krishna/moveit_ws/install/moveit_setup_controllers:/home/krishna/moveit_ws/install/moveit_setup_app_plugins:/home/krishna/moveit_ws/install/moveit_setup_framework:/home/krishna/moveit_ws/install/moveit_servo:/home/krishna/moveit_ws/install/moveit_ros:/home/krishna/moveit_ws/install/moveit_ros_visualization:/home/krishna/moveit_ws/install/moveit_hybrid_planning:/home/krishna/moveit_ws/install/move_program:/home/krishna/moveit_ws/install/moveit_ros_planning_interface:/home/krishna/moveit_ws/install/moveit_ros_benchmarks:/home/krishna/moveit_ws/install/moveit_ros_warehouse:/home/krishna/moveit_ws/install/moveit_ros_robot_interaction:/home/krishna/moveit_ws/install/moveit_ros_perception:/home/krishna/moveit_ws/install/moveit_resources_prbt_pg70_support:/home/krishna/moveit_ws/install/moveit_resources_prbt_moveit_config:/home/krishna/moveit_ws/install/moveit_ros_move_group:/home/krishna/moveit_ws/install/moveit_planners_ompl:/home/krishna/moveit_ws/install/moveit_ros_planning:/home/krishna/moveit_ws/install/moveit_ros_occupancy_map_monitor:/home/krishna/moveit_ws/install/moveit_resources_prbt_ikfast_manipulator_plugin:/home/krishna/moveit_ws/install/moveit_planners_chomp:/home/krishna/moveit_ws/install/moveit_kinematics:/home/krishna/moveit_ws/install/moveit_chomp_optimizer_adapter:/home/krishna/moveit_ws/install/chomp_motion_planner:/home/krishna/moveit_ws/install/moveit_core:/home/krishna/moveit_ws/install/srdfdom:/home/krishna/moveit_ws/install/rviz_marker_tools:/home/krishna/moveit_ws/install/rosparam_shortcuts:/home/krishna/moveit_ws/install/moveit_task_constructor_msgs:/home/krishna/moveit_ws/install/moveit_resources_prbt_support:/home/krishna/moveit_ws/install/moveit_resources:/home/krishna/moveit_ws/install/moveit_resources_pr2_description:/home/krishna/moveit_ws/install/moveit_resources_panda_moveit_config:/home/krishna/moveit_ws/install/moveit_resources_panda_description:/home/krishna/moveit_ws/install/moveit_resources_fanuc_moveit_config:/home/krishna/moveit_ws/install/moveit_resources_fanuc_description:/home/krishna/moveit_ws/install/moveit_common:/home/krishna/speed_ws/install/ur5_notebook:/home/krishna/speed_ws/install/ur5_motion_cpp:/home/krishna/speed_ws/install/ur5_gazebo_description:/home/krishna/speed_ws/install/ur5_blocks:/home/krishna/moveit_ws/install/moveit_configs_utils:/home/krishna/moveit_ws/install/launch_param_builder:/home/krishna/speed_ws/install/ur5_vision2:/home/krishna/speed_ws/install/ur5_gripper2:/opt/ros/humble /usr/bin/cmake --build /home/krishna/ur_ws/src/build/ur_simulation_gazebo -- -j16 -l16
[2.308s] DEBUG:colcon.colcon_core.event_handler.log_command:Invoked command in '/home/krishna/ur_ws/src/build/ur_simulation_gazebo' returned '0': AMENT_PREFIX_PATH=/home/krishna/ur_ws/src/install/ur_description:${AMENT_PREFIX_PATH} CMAKE_PREFIX_PATH=/home/krishna/ur_ws/src/install/ur_description:/home/krishna/ur_ws/install/ur_simulation_gazebo:/home/krishna/ur_ws/install/ur_sim:/home/krishna/ur_ws/install/ur_description:/home/krishna/moveit_ws/install/pilz_industrial_motion_planner_testutils:/home/krishna/moveit_ws/install/moveit_runtime:/home/krishna/moveit_ws/install/moveit2_tutorials:/home/krishna/moveit_ws/install/moveit:/home/krishna/moveit_ws/install/moveit_planners:/home/krishna/moveit_ws/install/pilz_industrial_motion_planner:/home/krishna/moveit_ws/install/moveit_visual_tools:/home/krishna/moveit_ws/install/moveit_task_constructor_visualization:/home/krishna/moveit_ws/install/moveit_task_constructor_demo:/home/krishna/moveit_ws/install/moveit_task_constructor_capabilities:/home/krishna/moveit_ws/install/moveit_task_constructor_core:/home/krishna/moveit_ws/install/moveit_ros_control_interface:/home/krishna/moveit_ws/install/moveit_plugins:/home/krishna/moveit_ws/install/moveit_simple_controller_manager:/home/krishna/moveit_ws/install/moveit_setup_assistant:/home/krishna/moveit_ws/install/moveit_setup_srdf_plugins:/home/krishna/moveit_ws/install/moveit_setup_core_plugins:/home/krishna/moveit_ws/install/moveit_setup_controllers:/home/krishna/moveit_ws/install/moveit_setup_app_plugins:/home/krishna/moveit_ws/install/moveit_setup_framework:/home/krishna/moveit_ws/install/moveit_servo:/home/krishna/moveit_ws/install/moveit_ros:/home/krishna/moveit_ws/install/moveit_ros_visualization:/home/krishna/moveit_ws/install/moveit_hybrid_planning:/home/krishna/moveit_ws/install/move_program:/home/krishna/moveit_ws/install/moveit_ros_planning_interface:/home/krishna/moveit_ws/install/moveit_ros_benchmarks:/home/krishna/moveit_ws/install/moveit_ros_warehouse:/home/krishna/moveit_ws/install/moveit_ros_robot_interaction:/home/krishna/moveit_ws/install/moveit_ros_perception:/home/krishna/moveit_ws/install/moveit_resources_prbt_pg70_support:/home/krishna/moveit_ws/install/moveit_resources_prbt_moveit_config:/home/krishna/moveit_ws/install/moveit_ros_move_group:/home/krishna/moveit_ws/install/moveit_planners_ompl:/home/krishna/moveit_ws/install/moveit_ros_planning:/home/krishna/moveit_ws/install/moveit_ros_occupancy_map_monitor:/home/krishna/moveit_ws/install/moveit_resources_prbt_ikfast_manipulator_plugin:/home/krishna/moveit_ws/install/moveit_planners_chomp:/home/krishna/moveit_ws/install/moveit_kinematics:/home/krishna/moveit_ws/install/moveit_chomp_optimizer_adapter:/home/krishna/moveit_ws/install/chomp_motion_planner:/home/krishna/moveit_ws/install/moveit_core:/home/krishna/moveit_ws/install/srdfdom:/home/krishna/moveit_ws/install/rviz_marker_tools:/home/krishna/moveit_ws/install/rosparam_shortcuts:/home/krishna/moveit_ws/install/moveit_task_constructor_msgs:/home/krishna/moveit_ws/install/moveit_resources_prbt_support:/home/krishna/moveit_ws/install/moveit_resources:/home/krishna/moveit_ws/install/moveit_resources_pr2_description:/home/krishna/moveit_ws/install/moveit_resources_panda_moveit_config:/home/krishna/moveit_ws/install/moveit_resources_panda_description:/home/krishna/moveit_ws/install/moveit_resources_fanuc_moveit_config:/home/krishna/moveit_ws/install/moveit_resources_fanuc_description:/home/krishna/moveit_ws/install/moveit_common:/home/krishna/speed_ws/install/ur5_notebook:/home/krishna/speed_ws/install/ur5_motion_cpp:/home/krishna/speed_ws/install/ur5_gazebo_description:/home/krishna/speed_ws/install/ur5_blocks:/home/krishna/moveit_ws/install/moveit_configs_utils:/home/krishna/moveit_ws/install/launch_param_builder:/home/krishna/speed_ws/install/ur5_vision2:/home/krishna/speed_ws/install/ur5_gripper2:/opt/ros/humble /usr/bin/cmake --build /home/krishna/ur_ws/src/build/ur_simulation_gazebo -- -j16 -l16
[2.309s] DEBUG:colcon.colcon_core.event_handler.log_command:Invoking command in '/home/krishna/ur_ws/src/build/ur_simulation_gazebo': AMENT_PREFIX_PATH=/home/krishna/ur_ws/src/install/ur_description:${AMENT_PREFIX_PATH} CMAKE_PREFIX_PATH=/home/krishna/ur_ws/src/install/ur_description:/home/krishna/ur_ws/install/ur_simulation_gazebo:/home/krishna/ur_ws/install/ur_sim:/home/krishna/ur_ws/install/ur_description:/home/krishna/moveit_ws/install/pilz_industrial_motion_planner_testutils:/home/krishna/moveit_ws/install/moveit_runtime:/home/krishna/moveit_ws/install/moveit2_tutorials:/home/krishna/moveit_ws/install/moveit:/home/krishna/moveit_ws/install/moveit_planners:/home/krishna/moveit_ws/install/pilz_industrial_motion_planner:/home/krishna/moveit_ws/install/moveit_visual_tools:/home/krishna/moveit_ws/install/moveit_task_constructor_visualization:/home/krishna/moveit_ws/install/moveit_task_constructor_demo:/home/krishna/moveit_ws/install/moveit_task_constructor_capabilities:/home/krishna/moveit_ws/install/moveit_task_constructor_core:/home/krishna/moveit_ws/install/moveit_ros_control_interface:/home/krishna/moveit_ws/install/moveit_plugins:/home/krishna/moveit_ws/install/moveit_simple_controller_manager:/home/krishna/moveit_ws/install/moveit_setup_assistant:/home/krishna/moveit_ws/install/moveit_setup_srdf_plugins:/home/krishna/moveit_ws/install/moveit_setup_core_plugins:/home/krishna/moveit_ws/install/moveit_setup_controllers:/home/krishna/moveit_ws/install/moveit_setup_app_plugins:/home/krishna/moveit_ws/install/moveit_setup_framework:/home/krishna/moveit_ws/install/moveit_servo:/home/krishna/moveit_ws/install/moveit_ros:/home/krishna/moveit_ws/install/moveit_ros_visualization:/home/krishna/moveit_ws/install/moveit_hybrid_planning:/home/krishna/moveit_ws/install/move_program:/home/krishna/moveit_ws/install/moveit_ros_planning_interface:/home/krishna/moveit_ws/install/moveit_ros_benchmarks:/home/krishna/moveit_ws/install/moveit_ros_warehouse:/home/krishna/moveit_ws/install/moveit_ros_robot_interaction:/home/krishna/moveit_ws/install/moveit_ros_perception:/home/krishna/moveit_ws/install/moveit_resources_prbt_pg70_support:/home/krishna/moveit_ws/install/moveit_resources_prbt_moveit_config:/home/krishna/moveit_ws/install/moveit_ros_move_group:/home/krishna/moveit_ws/install/moveit_planners_ompl:/home/krishna/moveit_ws/install/moveit_ros_planning:/home/krishna/moveit_ws/install/moveit_ros_occupancy_map_monitor:/home/krishna/moveit_ws/install/moveit_resources_prbt_ikfast_manipulator_plugin:/home/krishna/moveit_ws/install/moveit_planners_chomp:/home/krishna/moveit_ws/install/moveit_kinematics:/home/krishna/moveit_ws/install/moveit_chomp_optimizer_adapter:/home/krishna/moveit_ws/install/chomp_motion_planner:/home/krishna/moveit_ws/install/moveit_core:/home/krishna/moveit_ws/install/srdfdom:/home/krishna/moveit_ws/install/rviz_marker_tools:/home/krishna/moveit_ws/install/rosparam_shortcuts:/home/krishna/moveit_ws/install/moveit_task_constructor_msgs:/home/krishna/moveit_ws/install/moveit_resources_prbt_support:/home/krishna/moveit_ws/install/moveit_resources:/home/krishna/moveit_ws/install/moveit_resources_pr2_description:/home/krishna/moveit_ws/install/moveit_resources_panda_moveit_config:/home/krishna/moveit_ws/install/moveit_resources_panda_description:/home/krishna/moveit_ws/install/moveit_resources_fanuc_moveit_config:/home/krishna/moveit_ws/install/moveit_resources_fanuc_description:/home/krishna/moveit_ws/install/moveit_common:/home/krishna/speed_ws/install/ur5_notebook:/home/krishna/speed_ws/install/ur5_motion_cpp:/home/krishna/speed_ws/install/ur5_gazebo_description:/home/krishna/speed_ws/install/ur5_blocks:/home/krishna/moveit_ws/install/moveit_configs_utils:/home/krishna/moveit_ws/install/launch_param_builder:/home/krishna/speed_ws/install/ur5_vision2:/home/krishna/speed_ws/install/ur5_gripper2:/opt/ros/humble /usr/bin/cmake --install /home/krishna/ur_ws/src/build/ur_simulation_gazebo
[2.321s] Level 1:colcon.colcon_core.environment:create_environment_scripts_only(ur_simulation_gazebo)
[2.321s] Level 1:colcon.colcon_core.environment:checking '/home/krishna/ur_ws/src/install/ur_simulation_gazebo' for CMake module files
[2.322s] DEBUG:colcon.colcon_core.event_handler.log_command:Invoked command in '/home/krishna/ur_ws/src/build/ur_simulation_gazebo' returned '0': AMENT_PREFIX_PATH=/home/krishna/ur_ws/src/install/ur_description:${AMENT_PREFIX_PATH} CMAKE_PREFIX_PATH=/home/krishna/ur_ws/src/install/ur_description:/home/krishna/ur_ws/install/ur_simulation_gazebo:/home/krishna/ur_ws/install/ur_sim:/home/krishna/ur_ws/install/ur_description:/home/krishna/moveit_ws/install/pilz_industrial_motion_planner_testutils:/home/krishna/moveit_ws/install/moveit_runtime:/home/krishna/moveit_ws/install/moveit2_tutorials:/home/krishna/moveit_ws/install/moveit:/home/krishna/moveit_ws/install/moveit_planners:/home/krishna/moveit_ws/install/pilz_industrial_motion_planner:/home/krishna/moveit_ws/install/moveit_visual_tools:/home/krishna/moveit_ws/install/moveit_task_constructor_visualization:/home/krishna/moveit_ws/install/moveit_task_constructor_demo:/home/krishna/moveit_ws/install/moveit_task_constructor_capabilities:/home/krishna/moveit_ws/install/moveit_task_constructor_core:/home/krishna/moveit_ws/install/moveit_ros_control_interface:/home/krishna/moveit_ws/install/moveit_plugins:/home/krishna/moveit_ws/install/moveit_simple_controller_manager:/home/krishna/moveit_ws/install/moveit_setup_assistant:/home/krishna/moveit_ws/install/moveit_setup_srdf_plugins:/home/krishna/moveit_ws/install/moveit_setup_core_plugins:/home/krishna/moveit_ws/install/moveit_setup_controllers:/home/krishna/moveit_ws/install/moveit_setup_app_plugins:/home/krishna/moveit_ws/install/moveit_setup_framework:/home/krishna/moveit_ws/install/moveit_servo:/home/krishna/moveit_ws/install/moveit_ros:/home/krishna/moveit_ws/install/moveit_ros_visualization:/home/krishna/moveit_ws/install/moveit_hybrid_planning:/home/krishna/moveit_ws/install/move_program:/home/krishna/moveit_ws/install/moveit_ros_planning_interface:/home/krishna/moveit_ws/install/moveit_ros_benchmarks:/home/krishna/moveit_ws/install/moveit_ros_warehouse:/home/krishna/moveit_ws/install/moveit_ros_robot_interaction:/home/krishna/moveit_ws/install/moveit_ros_perception:/home/krishna/moveit_ws/install/moveit_resources_prbt_pg70_support:/home/krishna/moveit_ws/install/moveit_resources_prbt_moveit_config:/home/krishna/moveit_ws/install/moveit_ros_move_group:/home/krishna/moveit_ws/install/moveit_planners_ompl:/home/krishna/moveit_ws/install/moveit_ros_planning:/home/krishna/moveit_ws/install/moveit_ros_occupancy_map_monitor:/home/krishna/moveit_ws/install/moveit_resources_prbt_ikfast_manipulator_plugin:/home/krishna/moveit_ws/install/moveit_planners_chomp:/home/krishna/moveit_ws/install/moveit_kinematics:/home/krishna/moveit_ws/install/moveit_chomp_optimizer_adapter:/home/krishna/moveit_ws/install/chomp_motion_planner:/home/krishna/moveit_ws/install/moveit_core:/home/krishna/moveit_ws/install/srdfdom:/home/krishna/moveit_ws/install/rviz_marker_tools:/home/krishna/moveit_ws/install/rosparam_shortcuts:/home/krishna/moveit_ws/install/moveit_task_constructor_msgs:/home/krishna/moveit_ws/install/moveit_resources_prbt_support:/home/krishna/moveit_ws/install/moveit_resources:/home/krishna/moveit_ws/install/moveit_resources_pr2_description:/home/krishna/moveit_ws/install/moveit_resources_panda_moveit_config:/home/krishna/moveit_ws/install/moveit_resources_panda_description:/home/krishna/moveit_ws/install/moveit_resources_fanuc_moveit_config:/home/krishna/moveit_ws/install/moveit_resources_fanuc_description:/home/krishna/moveit_ws/install/moveit_common:/home/krishna/speed_ws/install/ur5_notebook:/home/krishna/speed_ws/install/ur5_motion_cpp:/home/krishna/speed_ws/install/ur5_gazebo_description:/home/krishna/speed_ws/install/ur5_blocks:/home/krishna/moveit_ws/install/moveit_configs_utils:/home/krishna/moveit_ws/install/launch_param_builder:/home/krishna/speed_ws/install/ur5_vision2:/home/krishna/speed_ws/install/ur5_gripper2:/opt/ros/humble /usr/bin/cmake --install /home/krishna/ur_ws/src/build/ur_simulation_gazebo
[2.322s] Level 1:colcon.colcon_core.environment:checking '/home/krishna/ur_ws/src/install/ur_simulation_gazebo' for CMake config files
[2.322s] Level 1:colcon.colcon_core.shell:create_environment_hook('ur_simulation_gazebo', 'cmake_prefix_path')
[2.322s] INFO:colcon.colcon_core.shell:Creating environment hook '/home/krishna/ur_ws/src/install/ur_simulation_gazebo/share/ur_simulation_gazebo/hook/cmake_prefix_path.ps1'
[2.322s] INFO:colcon.colcon_core.shell:Creating environment descriptor '/home/krishna/ur_ws/src/install/ur_simulation_gazebo/share/ur_simulation_gazebo/hook/cmake_prefix_path.dsv'
[2.323s] INFO:colcon.colcon_core.shell:Creating environment hook '/home/krishna/ur_ws/src/install/ur_simulation_gazebo/share/ur_simulation_gazebo/hook/cmake_prefix_path.sh'
[2.323s] Level 1:colcon.colcon_core.environment:checking '/home/krishna/ur_ws/src/install/ur_simulation_gazebo/bin'
[2.323s] Level 1:colcon.colcon_core.environment:checking '/home/krishna/ur_ws/src/install/ur_simulation_gazebo/lib/pkgconfig/ur_simulation_gazebo.pc'
[2.323s] Level 1:colcon.colcon_core.environment:checking '/home/krishna/ur_ws/src/install/ur_simulation_gazebo/lib/python3.10/site-packages'
[2.323s] Level 1:colcon.colcon_core.environment:checking '/home/krishna/ur_ws/src/install/ur_simulation_gazebo/bin'
[2.323s] INFO:colcon.colcon_core.shell:Creating package script '/home/krishna/ur_ws/src/install/ur_simulation_gazebo/share/ur_simulation_gazebo/package.ps1'
[2.323s] INFO:colcon.colcon_core.shell:Creating package descriptor '/home/krishna/ur_ws/src/install/ur_simulation_gazebo/share/ur_simulation_gazebo/package.dsv'
[2.324s] INFO:colcon.colcon_core.shell:Creating package script '/home/krishna/ur_ws/src/install/ur_simulation_gazebo/share/ur_simulation_gazebo/package.sh'
[2.324s] INFO:colcon.colcon_core.shell:Creating package script '/home/krishna/ur_ws/src/install/ur_simulation_gazebo/share/ur_simulation_gazebo/package.bash'
[2.324s] INFO:colcon.colcon_core.shell:Creating package script '/home/krishna/ur_ws/src/install/ur_simulation_gazebo/share/ur_simulation_gazebo/package.zsh'
[2.324s] Level 1:colcon.colcon_core.environment:create_file_with_runtime_dependencies(/home/krishna/ur_ws/src/install/ur_simulation_gazebo/share/colcon-core/packages/ur_simulation_gazebo)
[2.324s] Level 1:colcon.colcon_core.environment:create_environment_scripts_only(ur_simulation_gazebo)
[2.324s] Level 1:colcon.colcon_core.environment:checking '/home/krishna/ur_ws/src/install/ur_simulation_gazebo' for CMake module files
[2.325s] Level 1:colcon.colcon_core.environment:checking '/home/krishna/ur_ws/src/install/ur_simulation_gazebo' for CMake config files
[2.325s] Level 1:colcon.colcon_core.shell:create_environment_hook('ur_simulation_gazebo', 'cmake_prefix_path')
[2.325s] INFO:colcon.colcon_core.shell:Creating environment hook '/home/krishna/ur_ws/src/install/ur_simulation_gazebo/share/ur_simulation_gazebo/hook/cmake_prefix_path.ps1'
[2.325s] INFO:colcon.colcon_core.shell:Creating environment descriptor '/home/krishna/ur_ws/src/install/ur_simulation_gazebo/share/ur_simulation_gazebo/hook/cmake_prefix_path.dsv'
[2.325s] INFO:colcon.colcon_core.shell:Creating environment hook '/home/krishna/ur_ws/src/install/ur_simulation_gazebo/share/ur_simulation_gazebo/hook/cmake_prefix_path.sh'
[2.325s] Level 1:colcon.colcon_core.environment:checking '/home/krishna/ur_ws/src/install/ur_simulation_gazebo/bin'
[2.325s] Level 1:colcon.colcon_core.environment:checking '/home/krishna/ur_ws/src/install/ur_simulation_gazebo/lib/pkgconfig/ur_simulation_gazebo.pc'
[2.326s] Level 1:colcon.colcon_core.environment:checking '/home/krishna/ur_ws/src/install/ur_simulation_gazebo/lib/python3.10/site-packages'
[2.326s] Level 1:colcon.colcon_core.environment:checking '/home/krishna/ur_ws/src/install/ur_simulation_gazebo/bin'
[2.326s] INFO:colcon.colcon_core.shell:Creating package script '/home/krishna/ur_ws/src/install/ur_simulation_gazebo/share/ur_simulation_gazebo/package.ps1'
[2.326s] INFO:colcon.colcon_core.shell:Creating package descriptor '/home/krishna/ur_ws/src/install/ur_simulation_gazebo/share/ur_simulation_gazebo/package.dsv'
[2.326s] INFO:colcon.colcon_core.shell:Creating package script '/home/krishna/ur_ws/src/install/ur_simulation_gazebo/share/ur_simulation_gazebo/package.sh'
[2.326s] INFO:colcon.colcon_core.shell:Creating package script '/home/krishna/ur_ws/src/install/ur_simulation_gazebo/share/ur_simulation_gazebo/package.bash'
[2.327s] INFO:colcon.colcon_core.shell:Creating package script '/home/krishna/ur_ws/src/install/ur_simulation_gazebo/share/ur_simulation_gazebo/package.zsh'
[2.327s] Level 1:colcon.colcon_core.environment:create_file_with_runtime_dependencies(/home/krishna/ur_ws/src/install/ur_simulation_gazebo/share/colcon-core/packages/ur_simulation_gazebo)
[2.327s] DEBUG:colcon.colcon_parallel_executor.executor.parallel:closing loop
[2.327s] DEBUG:colcon.colcon_parallel_executor.executor.parallel:loop closed
[2.327s] DEBUG:colcon.colcon_parallel_executor.executor.parallel:run_until_complete finished with '0'
[2.327s] DEBUG:colcon.colcon_core.event_reactor:joining thread
[2.332s] INFO:colcon.colcon_core.plugin_system:Skipping extension 'colcon_notification.desktop_notification.terminal_notifier': Not used on non-Darwin systems
[2.332s] INFO:colcon.colcon_core.plugin_system:Skipping extension 'colcon_notification.desktop_notification.win32': Not used on non-Windows systems
[2.332s] INFO:colcon.colcon_notification.desktop_notification:Sending desktop notification using 'notify2'
[2.346s] DEBUG:colcon.colcon_core.event_reactor:joined thread
[2.347s] INFO:colcon.colcon_core.shell:Creating prefix script '/home/krishna/ur_ws/src/install/local_setup.ps1'
[2.348s] INFO:colcon.colcon_core.shell:Creating prefix util module '/home/krishna/ur_ws/src/install/_local_setup_util_ps1.py'
[2.349s] INFO:colcon.colcon_core.shell:Creating prefix chain script '/home/krishna/ur_ws/src/install/setup.ps1'
[2.352s] INFO:colcon.colcon_core.shell:Creating prefix script '/home/krishna/ur_ws/src/install/local_setup.sh'
[2.352s] INFO:colcon.colcon_core.shell:Creating prefix util module '/home/krishna/ur_ws/src/install/_local_setup_util_sh.py'
[2.352s] INFO:colcon.colcon_core.shell:Creating prefix chain script '/home/krishna/ur_ws/src/install/setup.sh'
[2.355s] INFO:colcon.colcon_core.shell:Creating prefix script '/home/krishna/ur_ws/src/install/local_setup.bash'
[2.356s] INFO:colcon.colcon_core.shell:Creating prefix chain script '/home/krishna/ur_ws/src/install/setup.bash'
[2.358s] INFO:colcon.colcon_core.shell:Creating prefix script '/home/krishna/ur_ws/src/install/local_setup.zsh'
[2.359s] INFO:colcon.colcon_core.shell:Creating prefix chain script '/home/krishna/ur_ws/src/install/setup.zsh'
