[0.011s] Invoking command in '/home/krishna/ur_ws/src/build/ur_sim': CMAKE_PREFIX_PATH=${CMAKE_PREFIX_PATH}:/home/krishna/moveit_ws/install/moveit_configs_utils:/home/krishna/moveit_ws/install/launch_param_builder:/home/krishna/speed_ws/install/ur5_vision2:/home/krishna/speed_ws/install/ur5_gripper2:/opt/ros/humble /usr/bin/cmake /home/krishna/ur_ws/src/ur_sim -DCMAKE_INSTALL_PREFIX=/home/krishna/ur_ws/src/install/ur_sim
[0.106s] -- The C compiler identification is GNU 11.4.0
[0.179s] -- The CXX compiler identification is GNU 11.4.0
[0.189s] -- Detecting C compiler ABI info
[0.267s] -- Detecting C compiler ABI info - done
[0.272s] -- Check for working C compiler: /usr/bin/cc - skipped
[0.272s] -- Detecting C compile features
[0.273s] -- Detecting C compile features - done
[0.275s] -- Detecting CXX compiler ABI info
[0.357s] -- Detecting CXX compiler ABI info - done
[0.361s] -- Check for working CXX compiler: /usr/bin/c++ - skipped
[0.362s] -- Detecting CXX compile features
[0.362s] -- Detecting CXX compile features - done
[0.368s] -- Found ament_cmake: 1.3.11 (/opt/ros/humble/share/ament_cmake/cmake)
[0.503s] -- Found Python3: /usr/bin/python3 (found version "3.10.12") found components: Interpreter 
[0.656s] -- Found xacro: 2.0.13 (/opt/ros/humble/share/xacro/cmake)
[0.662s] -- Found std_msgs: 4.8.0 (/opt/ros/humble/share/std_msgs/cmake)
[0.738s] -- Found rosidl_generator_c: 3.1.6 (/opt/ros/humble/share/rosidl_generator_c/cmake)
[0.752s] -- Found rosidl_adapter: 3.1.6 (/opt/ros/humble/share/rosidl_adapter/cmake)
[0.770s] -- Found rosidl_generator_cpp: 3.1.6 (/opt/ros/humble/share/rosidl_generator_cpp/cmake)
[0.793s] -- Using all available rosidl_typesupport_c: rosidl_typesupport_fastrtps_c;rosidl_typesupport_introspection_c
[0.822s] -- Using all available rosidl_typesupport_cpp: rosidl_typesupport_fastrtps_cpp;rosidl_typesupport_introspection_cpp
[0.859s] -- Found trajectory_msgs: 4.8.0 (/opt/ros/humble/share/trajectory_msgs/cmake)
[0.891s] -- Found ament_lint_auto: 0.12.12 (/opt/ros/humble/share/ament_lint_auto/cmake)
[0.991s] -- Added test 'flake8' to check Python code syntax and style conventions
[0.992s] -- Added test 'lint_cmake' to check CMake code style
[0.994s] -- Added test 'pep257' to check Python code against some of the docstring style conventions in PEP 257
[0.996s] -- Added test 'xmllint' to check XML markup files
[0.999s] -- Configuring done
[1.002s] -- Generating done
[1.004s] -- Build files have been written to: /home/krishna/ur_ws/src/build/ur_sim
[1.015s] Invoked command in '/home/krishna/ur_ws/src/build/ur_sim' returned '0': CMAKE_PREFIX_PATH=${CMAKE_PREFIX_PATH}:/home/krishna/moveit_ws/install/moveit_configs_utils:/home/krishna/moveit_ws/install/launch_param_builder:/home/krishna/speed_ws/install/ur5_vision2:/home/krishna/speed_ws/install/ur5_gripper2:/opt/ros/humble /usr/bin/cmake /home/krishna/ur_ws/src/ur_sim -DCMAKE_INSTALL_PREFIX=/home/krishna/ur_ws/src/install/ur_sim
[1.016s] Invoking command in '/home/krishna/ur_ws/src/build/ur_sim': CMAKE_PREFIX_PATH=${CMAKE_PREFIX_PATH}:/home/krishna/moveit_ws/install/moveit_configs_utils:/home/krishna/moveit_ws/install/launch_param_builder:/home/krishna/speed_ws/install/ur5_vision2:/home/krishna/speed_ws/install/ur5_gripper2:/opt/ros/humble /usr/bin/cmake --build /home/krishna/ur_ws/src/build/ur_sim -- -j16 -l16
[1.070s] Invoked command in '/home/krishna/ur_ws/src/build/ur_sim' returned '0': CMAKE_PREFIX_PATH=${CMAKE_PREFIX_PATH}:/home/krishna/moveit_ws/install/moveit_configs_utils:/home/krishna/moveit_ws/install/launch_param_builder:/home/krishna/speed_ws/install/ur5_vision2:/home/krishna/speed_ws/install/ur5_gripper2:/opt/ros/humble /usr/bin/cmake --build /home/krishna/ur_ws/src/build/ur_sim -- -j16 -l16
[1.083s] Invoking command in '/home/krishna/ur_ws/src/build/ur_sim': CMAKE_PREFIX_PATH=${CMAKE_PREFIX_PATH}:/home/krishna/moveit_ws/install/moveit_configs_utils:/home/krishna/moveit_ws/install/launch_param_builder:/home/krishna/speed_ws/install/ur5_vision2:/home/krishna/speed_ws/install/ur5_gripper2:/opt/ros/humble /usr/bin/cmake --install /home/krishna/ur_ws/src/build/ur_sim
[1.091s] -- Install configuration: ""
[1.091s] -- Installing: /home/krishna/ur_ws/src/install/ur_sim/share/ur_sim/launch
[1.091s] -- Installing: /home/krishna/ur_ws/src/install/ur_sim/share/ur_sim/launch/spawn_ur5_camera.launch.py
[1.091s] -- Installing: /home/krishna/ur_ws/src/install/ur_sim/share/ur_sim/launch/view_ur5_camera.launch.py
[1.091s] -- Installing: /home/krishna/ur_ws/src/install/ur_sim/share/ur_sim/launch/spawn_ur5_camera_moveit.launch.py
[1.091s] -- Installing: /home/krishna/ur_ws/src/install/ur_sim/share/ur_sim/urdf
[1.091s] -- Installing: /home/krishna/ur_ws/src/install/ur_sim/share/ur_sim/urdf/ur5_camera.urdf.xacro
[1.092s] -- Installing: /home/krishna/ur_ws/src/install/ur_sim/share/ur_sim/urdf/ur5.ros2_control.xacro
[1.092s] -- Installing: /home/krishna/ur_ws/src/install/ur_sim/share/ur_sim/urdf/camera.xacro
[1.092s] -- Installing: /home/krishna/ur_ws/src/install/ur_sim/share/ur_sim/urdf/ur5_macro.xacro
[1.093s] -- Installing: /home/krishna/ur_ws/src/install/ur_sim/share/ur_sim/config
[1.093s] -- Installing: /home/krishna/ur_ws/src/install/ur_sim/share/ur_sim/config/initial_positions.yaml
[1.093s] -- Installing: /home/krishna/ur_ws/src/install/ur_sim/share/ur_sim/config/ur5_controllers.yaml
[1.093s] -- Installing: /home/krishna/ur_ws/src/install/ur_sim/share/ur_sim/meshes
[1.093s] -- Installing: /home/krishna/ur_ws/src/install/ur_sim/share/ur_sim/meshes/sensors
[1.093s] -- Installing: /home/krishna/ur_ws/src/install/ur_sim/share/ur_sim/meshes/sensors/camera
[1.093s] -- Installing: /home/krishna/ur_ws/src/install/ur_sim/share/ur_sim/meshes/sensors/camera/kinetic.png
[1.094s] -- Installing: /home/krishna/ur_ws/src/install/ur_sim/share/ur_sim/meshes/sensors/camera/kinetic.stl
[1.094s] -- Installing: /home/krishna/ur_ws/src/install/ur_sim/share/ur_sim/meshes/sensors/camera/kinetic.dae
[1.095s] -- Installing: /home/krishna/ur_ws/src/install/ur_sim/share/ur_sim/worlds
[1.095s] -- Installing: /home/krishna/ur_ws/src/install/ur_sim/share/ur_sim/rviz
[1.095s] -- Installing: /home/krishna/ur_ws/src/install/ur_sim/share/ur_sim/rviz/view_ur5_camera.rviz
[1.096s] -- Installing: /home/krishna/ur_ws/src/install/ur_sim/share/ament_index/resource_index/package_run_dependencies/ur_sim
[1.096s] -- Installing: /home/krishna/ur_ws/src/install/ur_sim/share/ament_index/resource_index/parent_prefix_path/ur_sim
[1.096s] -- Installing: /home/krishna/ur_ws/src/install/ur_sim/share/ur_sim/environment/ament_prefix_path.sh
[1.096s] -- Installing: /home/krishna/ur_ws/src/install/ur_sim/share/ur_sim/environment/ament_prefix_path.dsv
[1.096s] -- Installing: /home/krishna/ur_ws/src/install/ur_sim/share/ur_sim/environment/path.sh
[1.096s] -- Installing: /home/krishna/ur_ws/src/install/ur_sim/share/ur_sim/environment/path.dsv
[1.096s] -- Installing: /home/krishna/ur_ws/src/install/ur_sim/share/ur_sim/local_setup.bash
[1.096s] -- Installing: /home/krishna/ur_ws/src/install/ur_sim/share/ur_sim/local_setup.sh
[1.096s] -- Installing: /home/krishna/ur_ws/src/install/ur_sim/share/ur_sim/local_setup.zsh
[1.097s] -- Installing: /home/krishna/ur_ws/src/install/ur_sim/share/ur_sim/local_setup.dsv
[1.097s] -- Installing: /home/krishna/ur_ws/src/install/ur_sim/share/ur_sim/package.dsv
[1.097s] -- Installing: /home/krishna/ur_ws/src/install/ur_sim/share/ament_index/resource_index/packages/ur_sim
[1.097s] -- Installing: /home/krishna/ur_ws/src/install/ur_sim/share/ur_sim/cmake/ur_simConfig.cmake
[1.097s] -- Installing: /home/krishna/ur_ws/src/install/ur_sim/share/ur_sim/cmake/ur_simConfig-version.cmake
[1.097s] -- Installing: /home/krishna/ur_ws/src/install/ur_sim/share/ur_sim/package.xml
[1.099s] Invoked command in '/home/krishna/ur_ws/src/build/ur_sim' returned '0': CMAKE_PREFIX_PATH=${CMAKE_PREFIX_PATH}:/home/krishna/moveit_ws/install/moveit_configs_utils:/home/krishna/moveit_ws/install/launch_param_builder:/home/krishna/speed_ws/install/ur5_vision2:/home/krishna/speed_ws/install/ur5_gripper2:/opt/ros/humble /usr/bin/cmake --install /home/krishna/ur_ws/src/build/ur_sim
