-- Install configuration: ""
-- Up-to-date: /home/krishna/ur_ws/src/install/ur_sim/share/ur_sim/launch
-- Up-to-date: /home/krishna/ur_ws/src/install/ur_sim/share/ur_sim/launch/spawn_ur5_camera.launch.py
-- Up-to-date: /home/krishna/ur_ws/src/install/ur_sim/share/ur_sim/launch/view_ur5_camera.launch.py
-- Installing: /home/krishna/ur_ws/src/install/ur_sim/share/ur_sim/launch/spawn_ur5_camera_moveit.launch.py
-- Up-to-date: /home/krishna/ur_ws/src/install/ur_sim/share/ur_sim/urdf
-- Up-to-date: /home/krishna/ur_ws/src/install/ur_sim/share/ur_sim/urdf/ur5_camera.urdf.xacro
-- Up-to-date: /home/krishna/ur_ws/src/install/ur_sim/share/ur_sim/urdf/ur5.ros2_control.xacro
-- Up-to-date: /home/krishna/ur_ws/src/install/ur_sim/share/ur_sim/urdf/camera.xacro
-- Up-to-date: /home/krishna/ur_ws/src/install/ur_sim/share/ur_sim/urdf/ur5_macro.xacro
-- Up-to-date: /home/krishna/ur_ws/src/install/ur_sim/share/ur_sim/config
-- Up-to-date: /home/krishna/ur_ws/src/install/ur_sim/share/ur_sim/config/initial_positions.yaml
-- Up-to-date: /home/krishna/ur_ws/src/install/ur_sim/share/ur_sim/config/ur5_controllers.yaml
-- Up-to-date: /home/krishna/ur_ws/src/install/ur_sim/share/ur_sim/meshes
-- Up-to-date: /home/krishna/ur_ws/src/install/ur_sim/share/ur_sim/meshes/sensors
-- Up-to-date: /home/krishna/ur_ws/src/install/ur_sim/share/ur_sim/meshes/sensors/camera
-- Up-to-date: /home/krishna/ur_ws/src/install/ur_sim/share/ur_sim/meshes/sensors/camera/kinetic.png
-- Up-to-date: /home/krishna/ur_ws/src/install/ur_sim/share/ur_sim/meshes/sensors/camera/kinetic.stl
-- Up-to-date: /home/krishna/ur_ws/src/install/ur_sim/share/ur_sim/meshes/sensors/camera/kinetic.dae
-- Up-to-date: /home/krishna/ur_ws/src/install/ur_sim/share/ur_sim/worlds
-- Up-to-date: /home/krishna/ur_ws/src/install/ur_sim/share/ur_sim/rviz
-- Up-to-date: /home/krishna/ur_ws/src/install/ur_sim/share/ur_sim/rviz/view_ur5_camera.rviz
-- Up-to-date: /home/krishna/ur_ws/src/install/ur_sim/share/ament_index/resource_index/package_run_dependencies/ur_sim
-- Up-to-date: /home/krishna/ur_ws/src/install/ur_sim/share/ament_index/resource_index/parent_prefix_path/ur_sim
-- Up-to-date: /home/krishna/ur_ws/src/install/ur_sim/share/ur_sim/environment/ament_prefix_path.sh
-- Up-to-date: /home/krishna/ur_ws/src/install/ur_sim/share/ur_sim/environment/ament_prefix_path.dsv
-- Up-to-date: /home/krishna/ur_ws/src/install/ur_sim/share/ur_sim/environment/path.sh
-- Up-to-date: /home/krishna/ur_ws/src/install/ur_sim/share/ur_sim/environment/path.dsv
-- Up-to-date: /home/krishna/ur_ws/src/install/ur_sim/share/ur_sim/local_setup.bash
-- Up-to-date: /home/krishna/ur_ws/src/install/ur_sim/share/ur_sim/local_setup.sh
-- Up-to-date: /home/krishna/ur_ws/src/install/ur_sim/share/ur_sim/local_setup.zsh
-- Up-to-date: /home/krishna/ur_ws/src/install/ur_sim/share/ur_sim/local_setup.dsv
-- Up-to-date: /home/krishna/ur_ws/src/install/ur_sim/share/ur_sim/package.dsv
-- Up-to-date: /home/krishna/ur_ws/src/install/ur_sim/share/ament_index/resource_index/packages/ur_sim
-- Up-to-date: /home/krishna/ur_ws/src/install/ur_sim/share/ur_sim/cmake/ur_simConfig.cmake
-- Up-to-date: /home/krishna/ur_ws/src/install/ur_sim/share/ur_sim/cmake/ur_simConfig-version.cmake
-- Up-to-date: /home/krishna/ur_ws/src/install/ur_sim/share/ur_sim/package.xml
