[0.013s] Invoking command in '/home/krishna/ur_ws/src/build/ur_sim': CMAKE_PREFIX_PATH=${CMAKE_PREFIX_PATH}:/home/krishna/moveit_ws/install/moveit_configs_utils:/home/krishna/moveit_ws/install/launch_param_builder:/home/krishna/speed_ws/install/ur5_vision2:/home/krishna/speed_ws/install/ur5_gripper2:/opt/ros/humble /usr/bin/cmake --build /home/krishna/ur_ws/src/build/ur_sim -- -j16 -l16
[0.053s] Invoked command in '/home/krishna/ur_ws/src/build/ur_sim' returned '0': CMAKE_PREFIX_PATH=${CMAKE_PREFIX_PATH}:/home/krishna/moveit_ws/install/moveit_configs_utils:/home/krishna/moveit_ws/install/launch_param_builder:/home/krishna/speed_ws/install/ur5_vision2:/home/krishna/speed_ws/install/ur5_gripper2:/opt/ros/humble /usr/bin/cmake --build /home/krishna/ur_ws/src/build/ur_sim -- -j16 -l16
[0.064s] Invoking command in '/home/krishna/ur_ws/src/build/ur_sim': CMAKE_PREFIX_PATH=${CMAKE_PREFIX_PATH}:/home/krishna/moveit_ws/install/moveit_configs_utils:/home/krishna/moveit_ws/install/launch_param_builder:/home/krishna/speed_ws/install/ur5_vision2:/home/krishna/speed_ws/install/ur5_gripper2:/opt/ros/humble /usr/bin/cmake --install /home/krishna/ur_ws/src/build/ur_sim
[0.072s] -- Install configuration: ""
[0.072s] -- Up-to-date: /home/krishna/ur_ws/src/install/ur_sim/share/ur_sim/launch
[0.072s] -- Up-to-date: /home/krishna/ur_ws/src/install/ur_sim/share/ur_sim/launch/spawn_ur5_camera.launch.py
[0.072s] -- Up-to-date: /home/krishna/ur_ws/src/install/ur_sim/share/ur_sim/launch/view_ur5_camera.launch.py
[0.072s] -- Installing: /home/krishna/ur_ws/src/install/ur_sim/share/ur_sim/launch/spawn_ur5_camera_moveit.launch.py
[0.072s] -- Up-to-date: /home/krishna/ur_ws/src/install/ur_sim/share/ur_sim/urdf
[0.072s] -- Up-to-date: /home/krishna/ur_ws/src/install/ur_sim/share/ur_sim/urdf/ur5_camera.urdf.xacro
[0.072s] -- Up-to-date: /home/krishna/ur_ws/src/install/ur_sim/share/ur_sim/urdf/ur5.ros2_control.xacro
[0.072s] -- Up-to-date: /home/krishna/ur_ws/src/install/ur_sim/share/ur_sim/urdf/camera.xacro
[0.072s] -- Up-to-date: /home/krishna/ur_ws/src/install/ur_sim/share/ur_sim/urdf/ur5_macro.xacro
[0.072s] -- Up-to-date: /home/krishna/ur_ws/src/install/ur_sim/share/ur_sim/config
[0.072s] -- Up-to-date: /home/krishna/ur_ws/src/install/ur_sim/share/ur_sim/config/initial_positions.yaml
[0.072s] -- Up-to-date: /home/krishna/ur_ws/src/install/ur_sim/share/ur_sim/config/ur5_controllers.yaml
[0.073s] -- Up-to-date: /home/krishna/ur_ws/src/install/ur_sim/share/ur_sim/meshes
[0.073s] -- Up-to-date: /home/krishna/ur_ws/src/install/ur_sim/share/ur_sim/meshes/sensors
[0.073s] -- Up-to-date: /home/krishna/ur_ws/src/install/ur_sim/share/ur_sim/meshes/sensors/camera
[0.073s] -- Up-to-date: /home/krishna/ur_ws/src/install/ur_sim/share/ur_sim/meshes/sensors/camera/kinetic.png
[0.073s] -- Up-to-date: /home/krishna/ur_ws/src/install/ur_sim/share/ur_sim/meshes/sensors/camera/kinetic.stl
[0.073s] -- Up-to-date: /home/krishna/ur_ws/src/install/ur_sim/share/ur_sim/meshes/sensors/camera/kinetic.dae
[0.073s] -- Up-to-date: /home/krishna/ur_ws/src/install/ur_sim/share/ur_sim/worlds
[0.073s] -- Up-to-date: /home/krishna/ur_ws/src/install/ur_sim/share/ur_sim/rviz
[0.073s] -- Up-to-date: /home/krishna/ur_ws/src/install/ur_sim/share/ur_sim/rviz/view_ur5_camera.rviz
[0.073s] -- Up-to-date: /home/krishna/ur_ws/src/install/ur_sim/share/ament_index/resource_index/package_run_dependencies/ur_sim
[0.073s] -- Up-to-date: /home/krishna/ur_ws/src/install/ur_sim/share/ament_index/resource_index/parent_prefix_path/ur_sim
[0.073s] -- Up-to-date: /home/krishna/ur_ws/src/install/ur_sim/share/ur_sim/environment/ament_prefix_path.sh
[0.073s] -- Up-to-date: /home/krishna/ur_ws/src/install/ur_sim/share/ur_sim/environment/ament_prefix_path.dsv
[0.073s] -- Up-to-date: /home/krishna/ur_ws/src/install/ur_sim/share/ur_sim/environment/path.sh
[0.073s] -- Up-to-date: /home/krishna/ur_ws/src/install/ur_sim/share/ur_sim/environment/path.dsv
[0.073s] -- Up-to-date: /home/krishna/ur_ws/src/install/ur_sim/share/ur_sim/local_setup.bash
[0.073s] -- Up-to-date: /home/krishna/ur_ws/src/install/ur_sim/share/ur_sim/local_setup.sh
[0.073s] -- Up-to-date: /home/krishna/ur_ws/src/install/ur_sim/share/ur_sim/local_setup.zsh
[0.073s] -- Up-to-date: /home/krishna/ur_ws/src/install/ur_sim/share/ur_sim/local_setup.dsv
[0.073s] -- Up-to-date: /home/krishna/ur_ws/src/install/ur_sim/share/ur_sim/package.dsv
[0.073s] -- Up-to-date: /home/krishna/ur_ws/src/install/ur_sim/share/ament_index/resource_index/packages/ur_sim
[0.073s] -- Up-to-date: /home/krishna/ur_ws/src/install/ur_sim/share/ur_sim/cmake/ur_simConfig.cmake
[0.073s] -- Up-to-date: /home/krishna/ur_ws/src/install/ur_sim/share/ur_sim/cmake/ur_simConfig-version.cmake
[0.073s] -- Up-to-date: /home/krishna/ur_ws/src/install/ur_sim/share/ur_sim/package.xml
[0.075s] Invoked command in '/home/krishna/ur_ws/src/build/ur_sim' returned '0': CMAKE_PREFIX_PATH=${CMAKE_PREFIX_PATH}:/home/krishna/moveit_ws/install/moveit_configs_utils:/home/krishna/moveit_ws/install/launch_param_builder:/home/krishna/speed_ws/install/ur5_vision2:/home/krishna/speed_ws/install/ur5_gripper2:/opt/ros/humble /usr/bin/cmake --install /home/krishna/ur_ws/src/build/ur_sim
