[0.063s] DEBUG:colcon:Command line arguments: ['/usr/bin/colcon', 'build']
[0.063s] DEBUG:colcon:Parsed command line arguments: Namespace(log_base=None, log_level=None, verb_name='build', build_base='build', install_base='install', merge_install=False, symlink_install=False, test_result_base=None, continue_on_error=False, executor='parallel', parallel_workers=16, event_handlers=None, ignore_user_meta=False, metas=['./colcon.meta'], base_paths=['.'], packages_ignore=None, packages_ignore_regex=None, paths=None, packages_up_to=None, packages_up_to_regex=None, packages_above=None, packages_above_and_dependencies=None, packages_above_depth=None, packages_select_by_dep=None, packages_skip_by_dep=None, packages_skip_up_to=None, packages_select_build_failed=False, packages_skip_build_finished=False, packages_select_test_failures=False, packages_skip_test_passed=False, packages_select=None, packages_skip=None, packages_select_regex=None, packages_skip_regex=None, packages_start=None, packages_end=None, allow_overriding=[], cmake_args=None, cmake_target=None, cmake_target_skip_unavailable=False, cmake_clean_cache=False, cmake_clean_first=False, cmake_force_configure=False, ament_cmake_args=None, catkin_cmake_args=None, catkin_skip_building_tests=False, mixin_files=None, mixin=None, verb_parser=<colcon_mixin.mixin.mixin_argument.MixinArgumentDecorator object at 0x7944e3a901f0>, verb_extension=<colcon_core.verb.build.BuildVerb object at 0x7944e3a4fbe0>, main=<bound method BuildVerb.main of <colcon_core.verb.build.BuildVerb object at 0x7944e3a4fbe0>>, mixin_verb=('build',))
[0.147s] Level 1:colcon.colcon_core.package_discovery:discover_packages(colcon_meta) check parameters
[0.147s] Level 1:colcon.colcon_core.package_discovery:discover_packages(recursive) check parameters
[0.147s] Level 1:colcon.colcon_core.package_discovery:discover_packages(ignore) check parameters
[0.147s] Level 1:colcon.colcon_core.package_discovery:discover_packages(path) check parameters
[0.147s] Level 1:colcon.colcon_core.package_discovery:discover_packages(colcon_meta) discover
[0.147s] Level 1:colcon.colcon_core.package_discovery:discover_packages(recursive) discover
[0.147s] INFO:colcon.colcon_core.package_discovery:Crawling recursively for packages in '/home/krishna/ur_ws/src'
[0.147s] Level 1:colcon.colcon_core.package_identification:_identify(.) by extensions ['ignore', 'ignore_ament_install']
[0.147s] Level 1:colcon.colcon_core.package_identification:_identify(.) by extension 'ignore'
[0.147s] Level 1:colcon.colcon_core.package_identification:_identify(.) by extension 'ignore_ament_install'
[0.147s] Level 1:colcon.colcon_core.package_identification:_identify(.) by extensions ['colcon_pkg']
[0.147s] Level 1:colcon.colcon_core.package_identification:_identify(.) by extension 'colcon_pkg'
[0.147s] Level 1:colcon.colcon_core.package_identification:_identify(.) by extensions ['colcon_meta']
[0.147s] Level 1:colcon.colcon_core.package_identification:_identify(.) by extension 'colcon_meta'
[0.147s] Level 1:colcon.colcon_core.package_identification:_identify(.) by extensions ['ros']
[0.147s] Level 1:colcon.colcon_core.package_identification:_identify(.) by extension 'ros'
[0.154s] Level 1:colcon.colcon_core.package_identification:_identify(.) by extensions ['cmake', 'python']
[0.154s] Level 1:colcon.colcon_core.package_identification:_identify(.) by extension 'cmake'
[0.154s] Level 1:colcon.colcon_core.package_identification:_identify(.) by extension 'python'
[0.154s] Level 1:colcon.colcon_core.package_identification:_identify(.) by extensions ['python_setup_py']
[0.154s] Level 1:colcon.colcon_core.package_identification:_identify(.) by extension 'python_setup_py'
[0.154s] Level 1:colcon.colcon_core.package_identification:_identify(Universal_Robots_ROS2_Description) by extensions ['ignore', 'ignore_ament_install']
[0.154s] Level 1:colcon.colcon_core.package_identification:_identify(Universal_Robots_ROS2_Description) by extension 'ignore'
[0.154s] Level 1:colcon.colcon_core.package_identification:_identify(Universal_Robots_ROS2_Description) by extension 'ignore_ament_install'
[0.154s] Level 1:colcon.colcon_core.package_identification:_identify(Universal_Robots_ROS2_Description) by extensions ['colcon_pkg']
[0.154s] Level 1:colcon.colcon_core.package_identification:_identify(Universal_Robots_ROS2_Description) by extension 'colcon_pkg'
[0.154s] Level 1:colcon.colcon_core.package_identification:_identify(Universal_Robots_ROS2_Description) by extensions ['colcon_meta']
[0.154s] Level 1:colcon.colcon_core.package_identification:_identify(Universal_Robots_ROS2_Description) by extension 'colcon_meta'
[0.154s] Level 1:colcon.colcon_core.package_identification:_identify(Universal_Robots_ROS2_Description) by extensions ['ros']
[0.154s] Level 1:colcon.colcon_core.package_identification:_identify(Universal_Robots_ROS2_Description) by extension 'ros'
[0.155s] DEBUG:colcon.colcon_core.package_identification:Package 'Universal_Robots_ROS2_Description' with type 'ros.ament_cmake' and name 'ur_description'
[0.155s] Level 1:colcon.colcon_core.package_identification:_identify(Universal_Robots_ROS2_Gazebo_Simulation) by extensions ['ignore', 'ignore_ament_install']
[0.162s] Level 1:colcon.colcon_core.package_identification:_identify(Universal_Robots_ROS2_Gazebo_Simulation) by extension 'ignore'
[0.162s] Level 1:colcon.colcon_core.package_identification:_identify(Universal_Robots_ROS2_Gazebo_Simulation) by extension 'ignore_ament_install'
[0.162s] Level 1:colcon.colcon_core.package_identification:_identify(Universal_Robots_ROS2_Gazebo_Simulation) by extensions ['colcon_pkg']
[0.162s] Level 1:colcon.colcon_core.package_identification:_identify(Universal_Robots_ROS2_Gazebo_Simulation) by extension 'colcon_pkg'
[0.162s] Level 1:colcon.colcon_core.package_identification:_identify(Universal_Robots_ROS2_Gazebo_Simulation) by extensions ['colcon_meta']
[0.162s] Level 1:colcon.colcon_core.package_identification:_identify(Universal_Robots_ROS2_Gazebo_Simulation) by extension 'colcon_meta'
[0.162s] Level 1:colcon.colcon_core.package_identification:_identify(Universal_Robots_ROS2_Gazebo_Simulation) by extensions ['ros']
[0.162s] Level 1:colcon.colcon_core.package_identification:_identify(Universal_Robots_ROS2_Gazebo_Simulation) by extension 'ros'
[0.162s] Level 1:colcon.colcon_core.package_identification:_identify(Universal_Robots_ROS2_Gazebo_Simulation) by extensions ['cmake', 'python']
[0.162s] Level 1:colcon.colcon_core.package_identification:_identify(Universal_Robots_ROS2_Gazebo_Simulation) by extension 'cmake'
[0.162s] Level 1:colcon.colcon_core.package_identification:_identify(Universal_Robots_ROS2_Gazebo_Simulation) by extension 'python'
[0.162s] Level 1:colcon.colcon_core.package_identification:_identify(Universal_Robots_ROS2_Gazebo_Simulation) by extensions ['python_setup_py']
[0.162s] Level 1:colcon.colcon_core.package_identification:_identify(Universal_Robots_ROS2_Gazebo_Simulation) by extension 'python_setup_py'
[0.162s] Level 1:colcon.colcon_core.package_identification:_identify(Universal_Robots_ROS2_Gazebo_Simulation/ur_simulation_gazebo) by extensions ['ignore', 'ignore_ament_install']
[0.162s] Level 1:colcon.colcon_core.package_identification:_identify(Universal_Robots_ROS2_Gazebo_Simulation/ur_simulation_gazebo) by extension 'ignore'
[0.162s] Level 1:colcon.colcon_core.package_identification:_identify(Universal_Robots_ROS2_Gazebo_Simulation/ur_simulation_gazebo) by extension 'ignore_ament_install'
[0.163s] Level 1:colcon.colcon_core.package_identification:_identify(Universal_Robots_ROS2_Gazebo_Simulation/ur_simulation_gazebo) by extensions ['colcon_pkg']
[0.163s] Level 1:colcon.colcon_core.package_identification:_identify(Universal_Robots_ROS2_Gazebo_Simulation/ur_simulation_gazebo) by extension 'colcon_pkg'
[0.163s] Level 1:colcon.colcon_core.package_identification:_identify(Universal_Robots_ROS2_Gazebo_Simulation/ur_simulation_gazebo) by extensions ['colcon_meta']
[0.163s] Level 1:colcon.colcon_core.package_identification:_identify(Universal_Robots_ROS2_Gazebo_Simulation/ur_simulation_gazebo) by extension 'colcon_meta'
[0.163s] Level 1:colcon.colcon_core.package_identification:_identify(Universal_Robots_ROS2_Gazebo_Simulation/ur_simulation_gazebo) by extensions ['ros']
[0.163s] Level 1:colcon.colcon_core.package_identification:_identify(Universal_Robots_ROS2_Gazebo_Simulation/ur_simulation_gazebo) by extension 'ros'
[0.163s] DEBUG:colcon.colcon_core.package_identification:Package 'Universal_Robots_ROS2_Gazebo_Simulation/ur_simulation_gazebo' with type 'ros.ament_cmake' and name 'ur_simulation_gazebo'
[0.163s] Level 1:colcon.colcon_core.package_identification:_identify(build) by extensions ['ignore', 'ignore_ament_install']
[0.163s] Level 1:colcon.colcon_core.package_identification:_identify(build) by extension 'ignore'
[0.163s] Level 1:colcon.colcon_core.package_identification:_identify(build) ignored
[0.163s] Level 1:colcon.colcon_core.package_identification:_identify(install) by extensions ['ignore', 'ignore_ament_install']
[0.163s] Level 1:colcon.colcon_core.package_identification:_identify(install) by extension 'ignore'
[0.163s] Level 1:colcon.colcon_core.package_identification:_identify(install) ignored
[0.163s] Level 1:colcon.colcon_core.package_identification:_identify(log) by extensions ['ignore', 'ignore_ament_install']
[0.163s] Level 1:colcon.colcon_core.package_identification:_identify(log) by extension 'ignore'
[0.163s] Level 1:colcon.colcon_core.package_identification:_identify(log) ignored
[0.163s] Level 1:colcon.colcon_core.package_identification:_identify(ur5_camera_movit_config) by extensions ['ignore', 'ignore_ament_install']
[0.163s] Level 1:colcon.colcon_core.package_identification:_identify(ur5_camera_movit_config) by extension 'ignore'
[0.163s] Level 1:colcon.colcon_core.package_identification:_identify(ur5_camera_movit_config) by extension 'ignore_ament_install'
[0.163s] Level 1:colcon.colcon_core.package_identification:_identify(ur5_camera_movit_config) by extensions ['colcon_pkg']
[0.163s] Level 1:colcon.colcon_core.package_identification:_identify(ur5_camera_movit_config) by extension 'colcon_pkg'
[0.163s] Level 1:colcon.colcon_core.package_identification:_identify(ur5_camera_movit_config) by extensions ['colcon_meta']
[0.163s] Level 1:colcon.colcon_core.package_identification:_identify(ur5_camera_movit_config) by extension 'colcon_meta'
[0.164s] Level 1:colcon.colcon_core.package_identification:_identify(ur5_camera_movit_config) by extensions ['ros']
[0.164s] Level 1:colcon.colcon_core.package_identification:_identify(ur5_camera_movit_config) by extension 'ros'
[0.164s] DEBUG:colcon.colcon_core.package_identification:Package 'ur5_camera_movit_config' with type 'ros.ament_cmake' and name 'ur5_camera_movit_config'
[0.164s] Level 1:colcon.colcon_core.package_identification:_identify(ur_sim) by extensions ['ignore', 'ignore_ament_install']
[0.164s] Level 1:colcon.colcon_core.package_identification:_identify(ur_sim) by extension 'ignore'
[0.164s] Level 1:colcon.colcon_core.package_identification:_identify(ur_sim) by extension 'ignore_ament_install'
[0.164s] Level 1:colcon.colcon_core.package_identification:_identify(ur_sim) by extensions ['colcon_pkg']
[0.164s] Level 1:colcon.colcon_core.package_identification:_identify(ur_sim) by extension 'colcon_pkg'
[0.164s] Level 1:colcon.colcon_core.package_identification:_identify(ur_sim) by extensions ['colcon_meta']
[0.164s] Level 1:colcon.colcon_core.package_identification:_identify(ur_sim) by extension 'colcon_meta'
[0.164s] Level 1:colcon.colcon_core.package_identification:_identify(ur_sim) by extensions ['ros']
[0.164s] Level 1:colcon.colcon_core.package_identification:_identify(ur_sim) by extension 'ros'
[0.164s] DEBUG:colcon.colcon_core.package_identification:Package 'ur_sim' with type 'ros.ament_cmake' and name 'ur_sim'
[0.164s] Level 1:colcon.colcon_core.package_discovery:discover_packages(recursive) using defaults
[0.165s] Level 1:colcon.colcon_core.package_discovery:discover_packages(ignore) discover
[0.165s] Level 1:colcon.colcon_core.package_discovery:discover_packages(ignore) using defaults
[0.165s] Level 1:colcon.colcon_core.package_discovery:discover_packages(path) discover
[0.165s] Level 1:colcon.colcon_core.package_discovery:discover_packages(path) using defaults
[0.175s] Level 1:colcon.colcon_core.package_discovery:discover_packages(prefix_path) check parameters
[0.175s] Level 1:colcon.colcon_core.package_discovery:discover_packages(prefix_path) discover
[0.178s] DEBUG:colcon.colcon_installed_package_information.package_discovery:Found 4 installed packages in /home/krishna/ur_ws/src/install
[0.178s] DEBUG:colcon.colcon_installed_package_information.package_discovery:Found 3 installed packages in /home/krishna/ur_ws/install
[0.179s] DEBUG:colcon.colcon_installed_package_information.package_discovery:Found 56 installed packages in /home/krishna/moveit_ws/install
[0.179s] DEBUG:colcon.colcon_installed_package_information.package_discovery:Found 6 installed packages in /home/krishna/speed_ws/install
[0.181s] DEBUG:colcon.colcon_installed_package_information.package_discovery:Found 402 installed packages in /opt/ros/humble
[0.182s] Level 1:colcon.colcon_core.package_discovery:discover_packages(prefix_path) using defaults
[0.209s] WARNING:colcon.colcon_core.package_selection:Some selected packages are already built in one or more underlay workspaces:
	'ur_description' is in: /home/krishna/ur_ws/install/ur_description, /home/krishna/ur_ws/src/install/ur_description, /opt/ros/humble
If a package in a merged underlay workspace is overridden and it installs headers, then all packages in the overlay must sort their include directories by workspace order. Failure to do so may result in build failures or undefined behavior at run time.
If the overridden package is used by another package in any underlay, then the overriding package in the overlay must be API and ABI compatible or undefined behavior at run time may occur.

If you understand the risks and want to override a package anyways, add the following to the command line:
	--allow-overriding ur_description

This may be promoted to an error in a future release of colcon-override-check.
[0.209s] Level 5:colcon.colcon_core.verb:set package 'ur_description' build argument 'cmake_args' from command line to 'None'
[0.209s] Level 5:colcon.colcon_core.verb:set package 'ur_description' build argument 'cmake_target' from command line to 'None'
[0.209s] Level 5:colcon.colcon_core.verb:set package 'ur_description' build argument 'cmake_target_skip_unavailable' from command line to 'False'
[0.209s] Level 5:colcon.colcon_core.verb:set package 'ur_description' build argument 'cmake_clean_cache' from command line to 'False'
[0.210s] Level 5:colcon.colcon_core.verb:set package 'ur_description' build argument 'cmake_clean_first' from command line to 'False'
[0.210s] Level 5:colcon.colcon_core.verb:set package 'ur_description' build argument 'cmake_force_configure' from command line to 'False'
[0.210s] Level 5:colcon.colcon_core.verb:set package 'ur_description' build argument 'ament_cmake_args' from command line to 'None'
[0.210s] Level 5:colcon.colcon_core.verb:set package 'ur_description' build argument 'catkin_cmake_args' from command line to 'None'
[0.210s] Level 5:colcon.colcon_core.verb:set package 'ur_description' build argument 'catkin_skip_building_tests' from command line to 'False'
[0.210s] DEBUG:colcon.colcon_core.verb:Building package 'ur_description' with the following arguments: {'ament_cmake_args': None, 'build_base': '/home/krishna/ur_ws/src/build/ur_description', 'catkin_cmake_args': None, 'catkin_skip_building_tests': False, 'cmake_args': None, 'cmake_clean_cache': False, 'cmake_clean_first': False, 'cmake_force_configure': False, 'cmake_target': None, 'cmake_target_skip_unavailable': False, 'install_base': '/home/krishna/ur_ws/src/install/ur_description', 'merge_install': False, 'path': '/home/krishna/ur_ws/src/Universal_Robots_ROS2_Description', 'symlink_install': False, 'test_result_base': None}
[0.210s] Level 5:colcon.colcon_core.verb:set package 'ur_sim' build argument 'cmake_args' from command line to 'None'
[0.210s] Level 5:colcon.colcon_core.verb:set package 'ur_sim' build argument 'cmake_target' from command line to 'None'
[0.210s] Level 5:colcon.colcon_core.verb:set package 'ur_sim' build argument 'cmake_target_skip_unavailable' from command line to 'False'
[0.210s] Level 5:colcon.colcon_core.verb:set package 'ur_sim' build argument 'cmake_clean_cache' from command line to 'False'
[0.210s] Level 5:colcon.colcon_core.verb:set package 'ur_sim' build argument 'cmake_clean_first' from command line to 'False'
[0.210s] Level 5:colcon.colcon_core.verb:set package 'ur_sim' build argument 'cmake_force_configure' from command line to 'False'
[0.210s] Level 5:colcon.colcon_core.verb:set package 'ur_sim' build argument 'ament_cmake_args' from command line to 'None'
[0.210s] Level 5:colcon.colcon_core.verb:set package 'ur_sim' build argument 'catkin_cmake_args' from command line to 'None'
[0.210s] Level 5:colcon.colcon_core.verb:set package 'ur_sim' build argument 'catkin_skip_building_tests' from command line to 'False'
[0.210s] DEBUG:colcon.colcon_core.verb:Building package 'ur_sim' with the following arguments: {'ament_cmake_args': None, 'build_base': '/home/krishna/ur_ws/src/build/ur_sim', 'catkin_cmake_args': None, 'catkin_skip_building_tests': False, 'cmake_args': None, 'cmake_clean_cache': False, 'cmake_clean_first': False, 'cmake_force_configure': False, 'cmake_target': None, 'cmake_target_skip_unavailable': False, 'install_base': '/home/krishna/ur_ws/src/install/ur_sim', 'merge_install': False, 'path': '/home/krishna/ur_ws/src/ur_sim', 'symlink_install': False, 'test_result_base': None}
[0.210s] Level 5:colcon.colcon_core.verb:set package 'ur5_camera_movit_config' build argument 'cmake_args' from command line to 'None'
[0.210s] Level 5:colcon.colcon_core.verb:set package 'ur5_camera_movit_config' build argument 'cmake_target' from command line to 'None'
[0.210s] Level 5:colcon.colcon_core.verb:set package 'ur5_camera_movit_config' build argument 'cmake_target_skip_unavailable' from command line to 'False'
[0.210s] Level 5:colcon.colcon_core.verb:set package 'ur5_camera_movit_config' build argument 'cmake_clean_cache' from command line to 'False'
[0.210s] Level 5:colcon.colcon_core.verb:set package 'ur5_camera_movit_config' build argument 'cmake_clean_first' from command line to 'False'
[0.210s] Level 5:colcon.colcon_core.verb:set package 'ur5_camera_movit_config' build argument 'cmake_force_configure' from command line to 'False'
[0.210s] Level 5:colcon.colcon_core.verb:set package 'ur5_camera_movit_config' build argument 'ament_cmake_args' from command line to 'None'
[0.210s] Level 5:colcon.colcon_core.verb:set package 'ur5_camera_movit_config' build argument 'catkin_cmake_args' from command line to 'None'
[0.210s] Level 5:colcon.colcon_core.verb:set package 'ur5_camera_movit_config' build argument 'catkin_skip_building_tests' from command line to 'False'
[0.210s] DEBUG:colcon.colcon_core.verb:Building package 'ur5_camera_movit_config' with the following arguments: {'ament_cmake_args': None, 'build_base': '/home/krishna/ur_ws/src/build/ur5_camera_movit_config', 'catkin_cmake_args': None, 'catkin_skip_building_tests': False, 'cmake_args': None, 'cmake_clean_cache': False, 'cmake_clean_first': False, 'cmake_force_configure': False, 'cmake_target': None, 'cmake_target_skip_unavailable': False, 'install_base': '/home/krishna/ur_ws/src/install/ur5_camera_movit_config', 'merge_install': False, 'path': '/home/krishna/ur_ws/src/ur5_camera_movit_config', 'symlink_install': False, 'test_result_base': None}
[0.210s] Level 5:colcon.colcon_core.verb:set package 'ur_simulation_gazebo' build argument 'cmake_args' from command line to 'None'
[0.210s] Level 5:colcon.colcon_core.verb:set package 'ur_simulation_gazebo' build argument 'cmake_target' from command line to 'None'
[0.210s] Level 5:colcon.colcon_core.verb:set package 'ur_simulation_gazebo' build argument 'cmake_target_skip_unavailable' from command line to 'False'
[0.210s] Level 5:colcon.colcon_core.verb:set package 'ur_simulation_gazebo' build argument 'cmake_clean_cache' from command line to 'False'
[0.210s] Level 5:colcon.colcon_core.verb:set package 'ur_simulation_gazebo' build argument 'cmake_clean_first' from command line to 'False'
[0.210s] Level 5:colcon.colcon_core.verb:set package 'ur_simulation_gazebo' build argument 'cmake_force_configure' from command line to 'False'
[0.210s] Level 5:colcon.colcon_core.verb:set package 'ur_simulation_gazebo' build argument 'ament_cmake_args' from command line to 'None'
[0.210s] Level 5:colcon.colcon_core.verb:set package 'ur_simulation_gazebo' build argument 'catkin_cmake_args' from command line to 'None'
[0.210s] Level 5:colcon.colcon_core.verb:set package 'ur_simulation_gazebo' build argument 'catkin_skip_building_tests' from command line to 'False'
[0.210s] DEBUG:colcon.colcon_core.verb:Building package 'ur_simulation_gazebo' with the following arguments: {'ament_cmake_args': None, 'build_base': '/home/krishna/ur_ws/src/build/ur_simulation_gazebo', 'catkin_cmake_args': None, 'catkin_skip_building_tests': False, 'cmake_args': None, 'cmake_clean_cache': False, 'cmake_clean_first': False, 'cmake_force_configure': False, 'cmake_target': None, 'cmake_target_skip_unavailable': False, 'install_base': '/home/krishna/ur_ws/src/install/ur_simulation_gazebo', 'merge_install': False, 'path': '/home/krishna/ur_ws/src/Universal_Robots_ROS2_Gazebo_Simulation/ur_simulation_gazebo', 'symlink_install': False, 'test_result_base': None}
[0.210s] INFO:colcon.colcon_core.executor:Executing jobs using 'parallel' executor
[0.211s] DEBUG:colcon.colcon_parallel_executor.executor.parallel:run_until_complete
[0.211s] INFO:colcon.colcon_ros.task.ament_cmake.build:Building ROS package in '/home/krishna/ur_ws/src/Universal_Robots_ROS2_Description' with build type 'ament_cmake'
[0.211s] INFO:colcon.colcon_cmake.task.cmake.build:Building CMake package in '/home/krishna/ur_ws/src/Universal_Robots_ROS2_Description'
[0.213s] INFO:colcon.colcon_core.plugin_system:Skipping extension 'colcon_core.shell.bat': Not used on non-Windows systems
[0.213s] INFO:colcon.colcon_core.shell:Skip shell extension 'powershell' for command environment: Not usable outside of PowerShell
[0.213s] DEBUG:colcon.colcon_core.shell:Skip shell extension 'dsv' for command environment
[0.218s] INFO:colcon.colcon_ros.task.ament_cmake.build:Building ROS package in '/home/krishna/ur_ws/src/ur_sim' with build type 'ament_cmake'
[0.218s] INFO:colcon.colcon_cmake.task.cmake.build:Building CMake package in '/home/krishna/ur_ws/src/ur_sim'
[0.218s] INFO:colcon.colcon_core.shell:Skip shell extension 'powershell' for command environment: Not usable outside of PowerShell
[0.218s] DEBUG:colcon.colcon_core.shell:Skip shell extension 'dsv' for command environment
[0.228s] DEBUG:colcon.colcon_core.event_handler.log_command:Invoking command in '/home/krishna/ur_ws/src/build/ur_description': CMAKE_PREFIX_PATH=${CMAKE_PREFIX_PATH}:/home/krishna/moveit_ws/install/moveit_configs_utils:/home/krishna/moveit_ws/install/launch_param_builder:/home/krishna/speed_ws/install/ur5_vision2:/home/krishna/speed_ws/install/ur5_gripper2:/opt/ros/humble /usr/bin/cmake --build /home/krishna/ur_ws/src/build/ur_description -- -j16 -l16
[0.231s] DEBUG:colcon.colcon_core.event_handler.log_command:Invoking command in '/home/krishna/ur_ws/src/build/ur_sim': CMAKE_PREFIX_PATH=${CMAKE_PREFIX_PATH}:/home/krishna/moveit_ws/install/moveit_configs_utils:/home/krishna/moveit_ws/install/launch_param_builder:/home/krishna/speed_ws/install/ur5_vision2:/home/krishna/speed_ws/install/ur5_gripper2:/opt/ros/humble /usr/bin/cmake --build /home/krishna/ur_ws/src/build/ur_sim -- -j16 -l16
[0.271s] DEBUG:colcon.colcon_core.event_handler.log_command:Invoked command in '/home/krishna/ur_ws/src/build/ur_sim' returned '0': CMAKE_PREFIX_PATH=${CMAKE_PREFIX_PATH}:/home/krishna/moveit_ws/install/moveit_configs_utils:/home/krishna/moveit_ws/install/launch_param_builder:/home/krishna/speed_ws/install/ur5_vision2:/home/krishna/speed_ws/install/ur5_gripper2:/opt/ros/humble /usr/bin/cmake --build /home/krishna/ur_ws/src/build/ur_sim -- -j16 -l16
[0.282s] DEBUG:colcon.colcon_core.event_handler.log_command:Invoking command in '/home/krishna/ur_ws/src/build/ur_sim': CMAKE_PREFIX_PATH=${CMAKE_PREFIX_PATH}:/home/krishna/moveit_ws/install/moveit_configs_utils:/home/krishna/moveit_ws/install/launch_param_builder:/home/krishna/speed_ws/install/ur5_vision2:/home/krishna/speed_ws/install/ur5_gripper2:/opt/ros/humble /usr/bin/cmake --install /home/krishna/ur_ws/src/build/ur_sim
[0.283s] DEBUG:colcon.colcon_core.event_handler.log_command:Invoked command in '/home/krishna/ur_ws/src/build/ur_description' returned '0': CMAKE_PREFIX_PATH=${CMAKE_PREFIX_PATH}:/home/krishna/moveit_ws/install/moveit_configs_utils:/home/krishna/moveit_ws/install/launch_param_builder:/home/krishna/speed_ws/install/ur5_vision2:/home/krishna/speed_ws/install/ur5_gripper2:/opt/ros/humble /usr/bin/cmake --build /home/krishna/ur_ws/src/build/ur_description -- -j16 -l16
[0.283s] DEBUG:colcon.colcon_core.event_handler.log_command:Invoking command in '/home/krishna/ur_ws/src/build/ur_description': CMAKE_PREFIX_PATH=${CMAKE_PREFIX_PATH}:/home/krishna/moveit_ws/install/moveit_configs_utils:/home/krishna/moveit_ws/install/launch_param_builder:/home/krishna/speed_ws/install/ur5_vision2:/home/krishna/speed_ws/install/ur5_gripper2:/opt/ros/humble /usr/bin/cmake --install /home/krishna/ur_ws/src/build/ur_description
[0.292s] Level 1:colcon.colcon_core.environment:create_environment_scripts_only(ur_sim)
[0.293s] DEBUG:colcon.colcon_core.event_handler.log_command:Invoked command in '/home/krishna/ur_ws/src/build/ur_sim' returned '0': CMAKE_PREFIX_PATH=${CMAKE_PREFIX_PATH}:/home/krishna/moveit_ws/install/moveit_configs_utils:/home/krishna/moveit_ws/install/launch_param_builder:/home/krishna/speed_ws/install/ur5_vision2:/home/krishna/speed_ws/install/ur5_gripper2:/opt/ros/humble /usr/bin/cmake --install /home/krishna/ur_ws/src/build/ur_sim
[0.301s] Level 1:colcon.colcon_core.environment:checking '/home/krishna/ur_ws/src/install/ur_sim' for CMake module files
[0.301s] Level 1:colcon.colcon_core.environment:checking '/home/krishna/ur_ws/src/install/ur_sim' for CMake config files
[0.301s] Level 1:colcon.colcon_core.shell:create_environment_hook('ur_sim', 'cmake_prefix_path')
[0.301s] INFO:colcon.colcon_core.shell:Creating environment hook '/home/krishna/ur_ws/src/install/ur_sim/share/ur_sim/hook/cmake_prefix_path.ps1'
[0.302s] INFO:colcon.colcon_core.shell:Creating environment descriptor '/home/krishna/ur_ws/src/install/ur_sim/share/ur_sim/hook/cmake_prefix_path.dsv'
[0.302s] INFO:colcon.colcon_core.shell:Creating environment hook '/home/krishna/ur_ws/src/install/ur_sim/share/ur_sim/hook/cmake_prefix_path.sh'
[0.303s] Level 1:colcon.colcon_core.environment:checking '/home/krishna/ur_ws/src/install/ur_sim/bin'
[0.303s] Level 1:colcon.colcon_core.environment:checking '/home/krishna/ur_ws/src/install/ur_sim/lib/pkgconfig/ur_sim.pc'
[0.303s] Level 1:colcon.colcon_core.environment:checking '/home/krishna/ur_ws/src/install/ur_sim/lib/python3.10/site-packages'
[0.303s] Level 1:colcon.colcon_core.environment:checking '/home/krishna/ur_ws/src/install/ur_sim/bin'
[0.303s] INFO:colcon.colcon_core.shell:Creating package script '/home/krishna/ur_ws/src/install/ur_sim/share/ur_sim/package.ps1'
[0.304s] INFO:colcon.colcon_core.shell:Creating package descriptor '/home/krishna/ur_ws/src/install/ur_sim/share/ur_sim/package.dsv'
[0.304s] INFO:colcon.colcon_core.shell:Creating package script '/home/krishna/ur_ws/src/install/ur_sim/share/ur_sim/package.sh'
[0.304s] INFO:colcon.colcon_core.shell:Creating package script '/home/krishna/ur_ws/src/install/ur_sim/share/ur_sim/package.bash'
[0.304s] INFO:colcon.colcon_core.shell:Creating package script '/home/krishna/ur_ws/src/install/ur_sim/share/ur_sim/package.zsh'
[0.305s] Level 1:colcon.colcon_core.environment:create_file_with_runtime_dependencies(/home/krishna/ur_ws/src/install/ur_sim/share/colcon-core/packages/ur_sim)
[0.305s] Level 1:colcon.colcon_core.environment:create_environment_scripts_only(ur_sim)
[0.305s] Level 1:colcon.colcon_core.environment:checking '/home/krishna/ur_ws/src/install/ur_sim' for CMake module files
[0.305s] Level 1:colcon.colcon_core.environment:checking '/home/krishna/ur_ws/src/install/ur_sim' for CMake config files
[0.305s] Level 1:colcon.colcon_core.shell:create_environment_hook('ur_sim', 'cmake_prefix_path')
[0.306s] INFO:colcon.colcon_core.shell:Creating environment hook '/home/krishna/ur_ws/src/install/ur_sim/share/ur_sim/hook/cmake_prefix_path.ps1'
[0.306s] INFO:colcon.colcon_core.shell:Creating environment descriptor '/home/krishna/ur_ws/src/install/ur_sim/share/ur_sim/hook/cmake_prefix_path.dsv'
[0.306s] INFO:colcon.colcon_core.shell:Creating environment hook '/home/krishna/ur_ws/src/install/ur_sim/share/ur_sim/hook/cmake_prefix_path.sh'
[0.306s] Level 1:colcon.colcon_core.environment:checking '/home/krishna/ur_ws/src/install/ur_sim/bin'
[0.306s] Level 1:colcon.colcon_core.environment:checking '/home/krishna/ur_ws/src/install/ur_sim/lib/pkgconfig/ur_sim.pc'
[0.306s] Level 1:colcon.colcon_core.environment:checking '/home/krishna/ur_ws/src/install/ur_sim/lib/python3.10/site-packages'
[0.306s] Level 1:colcon.colcon_core.environment:checking '/home/krishna/ur_ws/src/install/ur_sim/bin'
[0.307s] INFO:colcon.colcon_core.shell:Creating package script '/home/krishna/ur_ws/src/install/ur_sim/share/ur_sim/package.ps1'
[0.307s] INFO:colcon.colcon_core.shell:Creating package descriptor '/home/krishna/ur_ws/src/install/ur_sim/share/ur_sim/package.dsv'
[0.307s] INFO:colcon.colcon_core.shell:Creating package script '/home/krishna/ur_ws/src/install/ur_sim/share/ur_sim/package.sh'
[0.307s] INFO:colcon.colcon_core.shell:Creating package script '/home/krishna/ur_ws/src/install/ur_sim/share/ur_sim/package.bash'
[0.307s] INFO:colcon.colcon_core.shell:Creating package script '/home/krishna/ur_ws/src/install/ur_sim/share/ur_sim/package.zsh'
[0.308s] Level 1:colcon.colcon_core.environment:create_file_with_runtime_dependencies(/home/krishna/ur_ws/src/install/ur_sim/share/colcon-core/packages/ur_sim)
[0.308s] INFO:colcon.colcon_ros.task.ament_cmake.build:Building ROS package in '/home/krishna/ur_ws/src/ur5_camera_movit_config' with build type 'ament_cmake'
[0.308s] INFO:colcon.colcon_cmake.task.cmake.build:Building CMake package in '/home/krishna/ur_ws/src/ur5_camera_movit_config'
[0.308s] INFO:colcon.colcon_core.shell:Skip shell extension 'powershell' for command environment: Not usable outside of PowerShell
[0.308s] DEBUG:colcon.colcon_core.shell:Skip shell extension 'dsv' for command environment
[0.314s] Level 1:colcon.colcon_core.environment:create_environment_scripts_only(ur_description)
[0.314s] Level 1:colcon.colcon_core.environment:checking '/home/krishna/ur_ws/src/install/ur_description' for CMake module files
[0.314s] DEBUG:colcon.colcon_core.event_handler.log_command:Invoked command in '/home/krishna/ur_ws/src/build/ur_description' returned '0': CMAKE_PREFIX_PATH=${CMAKE_PREFIX_PATH}:/home/krishna/moveit_ws/install/moveit_configs_utils:/home/krishna/moveit_ws/install/launch_param_builder:/home/krishna/speed_ws/install/ur5_vision2:/home/krishna/speed_ws/install/ur5_gripper2:/opt/ros/humble /usr/bin/cmake --install /home/krishna/ur_ws/src/build/ur_description
[0.315s] Level 1:colcon.colcon_core.environment:checking '/home/krishna/ur_ws/src/install/ur_description' for CMake config files
[0.315s] Level 1:colcon.colcon_core.shell:create_environment_hook('ur_description', 'cmake_prefix_path')
[0.315s] INFO:colcon.colcon_core.shell:Creating environment hook '/home/krishna/ur_ws/src/install/ur_description/share/ur_description/hook/cmake_prefix_path.ps1'
[0.315s] INFO:colcon.colcon_core.shell:Creating environment descriptor '/home/krishna/ur_ws/src/install/ur_description/share/ur_description/hook/cmake_prefix_path.dsv'
[0.315s] INFO:colcon.colcon_core.shell:Creating environment hook '/home/krishna/ur_ws/src/install/ur_description/share/ur_description/hook/cmake_prefix_path.sh'
[0.315s] Level 1:colcon.colcon_core.environment:checking '/home/krishna/ur_ws/src/install/ur_description/bin'
[0.315s] Level 1:colcon.colcon_core.environment:checking '/home/krishna/ur_ws/src/install/ur_description/lib/pkgconfig/ur_description.pc'
[0.316s] Level 1:colcon.colcon_core.environment:checking '/home/krishna/ur_ws/src/install/ur_description/lib/python3.10/site-packages'
[0.316s] Level 1:colcon.colcon_core.environment:checking '/home/krishna/ur_ws/src/install/ur_description/bin'
[0.316s] INFO:colcon.colcon_core.shell:Creating package script '/home/krishna/ur_ws/src/install/ur_description/share/ur_description/package.ps1'
[0.316s] INFO:colcon.colcon_core.shell:Creating package descriptor '/home/krishna/ur_ws/src/install/ur_description/share/ur_description/package.dsv'
[0.316s] INFO:colcon.colcon_core.shell:Creating package script '/home/krishna/ur_ws/src/install/ur_description/share/ur_description/package.sh'
[0.316s] INFO:colcon.colcon_core.shell:Creating package script '/home/krishna/ur_ws/src/install/ur_description/share/ur_description/package.bash'
[0.317s] INFO:colcon.colcon_core.shell:Creating package script '/home/krishna/ur_ws/src/install/ur_description/share/ur_description/package.zsh'
[0.317s] Level 1:colcon.colcon_core.environment:create_file_with_runtime_dependencies(/home/krishna/ur_ws/src/install/ur_description/share/colcon-core/packages/ur_description)
[0.317s] Level 1:colcon.colcon_core.environment:create_environment_scripts_only(ur_description)
[0.317s] Level 1:colcon.colcon_core.environment:checking '/home/krishna/ur_ws/src/install/ur_description' for CMake module files
[0.317s] Level 1:colcon.colcon_core.environment:checking '/home/krishna/ur_ws/src/install/ur_description' for CMake config files
[0.317s] Level 1:colcon.colcon_core.shell:create_environment_hook('ur_description', 'cmake_prefix_path')
[0.317s] INFO:colcon.colcon_core.shell:Creating environment hook '/home/krishna/ur_ws/src/install/ur_description/share/ur_description/hook/cmake_prefix_path.ps1'
[0.318s] INFO:colcon.colcon_core.shell:Creating environment descriptor '/home/krishna/ur_ws/src/install/ur_description/share/ur_description/hook/cmake_prefix_path.dsv'
[0.318s] INFO:colcon.colcon_core.shell:Creating environment hook '/home/krishna/ur_ws/src/install/ur_description/share/ur_description/hook/cmake_prefix_path.sh'
[0.318s] Level 1:colcon.colcon_core.environment:checking '/home/krishna/ur_ws/src/install/ur_description/bin'
[0.318s] Level 1:colcon.colcon_core.environment:checking '/home/krishna/ur_ws/src/install/ur_description/lib/pkgconfig/ur_description.pc'
[0.318s] Level 1:colcon.colcon_core.environment:checking '/home/krishna/ur_ws/src/install/ur_description/lib/python3.10/site-packages'
[0.318s] Level 1:colcon.colcon_core.environment:checking '/home/krishna/ur_ws/src/install/ur_description/bin'
[0.319s] INFO:colcon.colcon_core.shell:Creating package script '/home/krishna/ur_ws/src/install/ur_description/share/ur_description/package.ps1'
[0.319s] INFO:colcon.colcon_core.shell:Creating package descriptor '/home/krishna/ur_ws/src/install/ur_description/share/ur_description/package.dsv'
[0.319s] INFO:colcon.colcon_core.shell:Creating package script '/home/krishna/ur_ws/src/install/ur_description/share/ur_description/package.sh'
[0.319s] INFO:colcon.colcon_core.shell:Creating package script '/home/krishna/ur_ws/src/install/ur_description/share/ur_description/package.bash'
[0.320s] INFO:colcon.colcon_core.shell:Creating package script '/home/krishna/ur_ws/src/install/ur_description/share/ur_description/package.zsh'
[0.320s] Level 1:colcon.colcon_core.environment:create_file_with_runtime_dependencies(/home/krishna/ur_ws/src/install/ur_description/share/colcon-core/packages/ur_description)
[0.320s] INFO:colcon.colcon_ros.task.ament_cmake.build:Building ROS package in '/home/krishna/ur_ws/src/Universal_Robots_ROS2_Gazebo_Simulation/ur_simulation_gazebo' with build type 'ament_cmake'
[0.320s] INFO:colcon.colcon_cmake.task.cmake.build:Building CMake package in '/home/krishna/ur_ws/src/Universal_Robots_ROS2_Gazebo_Simulation/ur_simulation_gazebo'
[0.320s] INFO:colcon.colcon_core.shell:Skip shell extension 'powershell' for command environment: Not usable outside of PowerShell
[0.320s] DEBUG:colcon.colcon_core.shell:Skip shell extension 'dsv' for command environment
[0.330s] DEBUG:colcon.colcon_core.event_handler.log_command:Invoking command in '/home/krishna/ur_ws/src/build/ur5_camera_movit_config': CMAKE_PREFIX_PATH=/home/krishna/ur_ws/src/install/ur_sim:/home/krishna/ur_ws/src/install/ur_simulation_gazebo:/home/krishna/ur_ws/src/install/ur5_camera_movit_config:/home/krishna/ur_ws/src/install/ur_description:/home/krishna/ur_ws/install/ur_simulation_gazebo:/home/krishna/ur_ws/install/ur_sim:/home/krishna/ur_ws/install/ur_description:/home/krishna/moveit_ws/install/pilz_industrial_motion_planner_testutils:/home/krishna/moveit_ws/install/moveit_runtime:/home/krishna/moveit_ws/install/moveit2_tutorials:/home/krishna/moveit_ws/install/moveit:/home/krishna/moveit_ws/install/moveit_planners:/home/krishna/moveit_ws/install/pilz_industrial_motion_planner:/home/krishna/moveit_ws/install/moveit_visual_tools:/home/krishna/moveit_ws/install/moveit_task_constructor_visualization:/home/krishna/moveit_ws/install/moveit_task_constructor_demo:/home/krishna/moveit_ws/install/moveit_task_constructor_capabilities:/home/krishna/moveit_ws/install/moveit_task_constructor_core:/home/krishna/moveit_ws/install/moveit_ros_control_interface:/home/krishna/moveit_ws/install/moveit_plugins:/home/krishna/moveit_ws/install/moveit_simple_controller_manager:/home/krishna/moveit_ws/install/moveit_setup_assistant:/home/krishna/moveit_ws/install/moveit_setup_srdf_plugins:/home/krishna/moveit_ws/install/moveit_setup_core_plugins:/home/krishna/moveit_ws/install/moveit_setup_controllers:/home/krishna/moveit_ws/install/moveit_setup_app_plugins:/home/krishna/moveit_ws/install/moveit_setup_framework:/home/krishna/moveit_ws/install/moveit_servo:/home/krishna/moveit_ws/install/moveit_ros:/home/krishna/moveit_ws/install/moveit_ros_visualization:/home/krishna/moveit_ws/install/moveit_hybrid_planning:/home/krishna/moveit_ws/install/move_program:/home/krishna/moveit_ws/install/moveit_ros_planning_interface:/home/krishna/moveit_ws/install/moveit_ros_benchmarks:/home/krishna/moveit_ws/install/moveit_ros_warehouse:/home/krishna/moveit_ws/install/moveit_ros_robot_interaction:/home/krishna/moveit_ws/install/moveit_ros_perception:/home/krishna/moveit_ws/install/moveit_resources_prbt_pg70_support:/home/krishna/moveit_ws/install/moveit_resources_prbt_moveit_config:/home/krishna/moveit_ws/install/moveit_ros_move_group:/home/krishna/moveit_ws/install/moveit_planners_ompl:/home/krishna/moveit_ws/install/moveit_ros_planning:/home/krishna/moveit_ws/install/moveit_ros_occupancy_map_monitor:/home/krishna/moveit_ws/install/moveit_resources_prbt_ikfast_manipulator_plugin:/home/krishna/moveit_ws/install/moveit_planners_chomp:/home/krishna/moveit_ws/install/moveit_kinematics:/home/krishna/moveit_ws/install/moveit_chomp_optimizer_adapter:/home/krishna/moveit_ws/install/chomp_motion_planner:/home/krishna/moveit_ws/install/moveit_core:/home/krishna/moveit_ws/install/srdfdom:/home/krishna/moveit_ws/install/rviz_marker_tools:/home/krishna/moveit_ws/install/rosparam_shortcuts:/home/krishna/moveit_ws/install/moveit_task_constructor_msgs:/home/krishna/moveit_ws/install/moveit_resources_prbt_support:/home/krishna/moveit_ws/install/moveit_resources:/home/krishna/moveit_ws/install/moveit_resources_pr2_description:/home/krishna/moveit_ws/install/moveit_resources_panda_moveit_config:/home/krishna/moveit_ws/install/moveit_resources_panda_description:/home/krishna/moveit_ws/install/moveit_resources_fanuc_moveit_config:/home/krishna/moveit_ws/install/moveit_resources_fanuc_description:/home/krishna/moveit_ws/install/moveit_common:/home/krishna/speed_ws/install/ur5_notebook:/home/krishna/speed_ws/install/ur5_motion_cpp:/home/krishna/speed_ws/install/ur5_gazebo_description:/home/krishna/speed_ws/install/ur5_blocks:/home/krishna/moveit_ws/install/moveit_configs_utils:/home/krishna/moveit_ws/install/launch_param_builder:/home/krishna/speed_ws/install/ur5_vision2:/home/krishna/speed_ws/install/ur5_gripper2:/opt/ros/humble /usr/bin/cmake --build /home/krishna/ur_ws/src/build/ur5_camera_movit_config -- -j16 -l16
[0.334s] DEBUG:colcon.colcon_core.event_handler.log_command:Invoking command in '/home/krishna/ur_ws/src/build/ur_simulation_gazebo': CMAKE_PREFIX_PATH=/home/krishna/ur_ws/src/install/ur_description:/home/krishna/ur_ws/src/install/ur_simulation_gazebo:/home/krishna/ur_ws/src/install/ur5_camera_movit_config:/home/krishna/ur_ws/src/install/ur_sim:/home/krishna/ur_ws/install/ur_simulation_gazebo:/home/krishna/ur_ws/install/ur_sim:/home/krishna/ur_ws/install/ur_description:/home/krishna/moveit_ws/install/pilz_industrial_motion_planner_testutils:/home/krishna/moveit_ws/install/moveit_runtime:/home/krishna/moveit_ws/install/moveit2_tutorials:/home/krishna/moveit_ws/install/moveit:/home/krishna/moveit_ws/install/moveit_planners:/home/krishna/moveit_ws/install/pilz_industrial_motion_planner:/home/krishna/moveit_ws/install/moveit_visual_tools:/home/krishna/moveit_ws/install/moveit_task_constructor_visualization:/home/krishna/moveit_ws/install/moveit_task_constructor_demo:/home/krishna/moveit_ws/install/moveit_task_constructor_capabilities:/home/krishna/moveit_ws/install/moveit_task_constructor_core:/home/krishna/moveit_ws/install/moveit_ros_control_interface:/home/krishna/moveit_ws/install/moveit_plugins:/home/krishna/moveit_ws/install/moveit_simple_controller_manager:/home/krishna/moveit_ws/install/moveit_setup_assistant:/home/krishna/moveit_ws/install/moveit_setup_srdf_plugins:/home/krishna/moveit_ws/install/moveit_setup_core_plugins:/home/krishna/moveit_ws/install/moveit_setup_controllers:/home/krishna/moveit_ws/install/moveit_setup_app_plugins:/home/krishna/moveit_ws/install/moveit_setup_framework:/home/krishna/moveit_ws/install/moveit_servo:/home/krishna/moveit_ws/install/moveit_ros:/home/krishna/moveit_ws/install/moveit_ros_visualization:/home/krishna/moveit_ws/install/moveit_hybrid_planning:/home/krishna/moveit_ws/install/move_program:/home/krishna/moveit_ws/install/moveit_ros_planning_interface:/home/krishna/moveit_ws/install/moveit_ros_benchmarks:/home/krishna/moveit_ws/install/moveit_ros_warehouse:/home/krishna/moveit_ws/install/moveit_ros_robot_interaction:/home/krishna/moveit_ws/install/moveit_ros_perception:/home/krishna/moveit_ws/install/moveit_resources_prbt_pg70_support:/home/krishna/moveit_ws/install/moveit_resources_prbt_moveit_config:/home/krishna/moveit_ws/install/moveit_ros_move_group:/home/krishna/moveit_ws/install/moveit_planners_ompl:/home/krishna/moveit_ws/install/moveit_ros_planning:/home/krishna/moveit_ws/install/moveit_ros_occupancy_map_monitor:/home/krishna/moveit_ws/install/moveit_resources_prbt_ikfast_manipulator_plugin:/home/krishna/moveit_ws/install/moveit_planners_chomp:/home/krishna/moveit_ws/install/moveit_kinematics:/home/krishna/moveit_ws/install/moveit_chomp_optimizer_adapter:/home/krishna/moveit_ws/install/chomp_motion_planner:/home/krishna/moveit_ws/install/moveit_core:/home/krishna/moveit_ws/install/srdfdom:/home/krishna/moveit_ws/install/rviz_marker_tools:/home/krishna/moveit_ws/install/rosparam_shortcuts:/home/krishna/moveit_ws/install/moveit_task_constructor_msgs:/home/krishna/moveit_ws/install/moveit_resources_prbt_support:/home/krishna/moveit_ws/install/moveit_resources:/home/krishna/moveit_ws/install/moveit_resources_pr2_description:/home/krishna/moveit_ws/install/moveit_resources_panda_moveit_config:/home/krishna/moveit_ws/install/moveit_resources_panda_description:/home/krishna/moveit_ws/install/moveit_resources_fanuc_moveit_config:/home/krishna/moveit_ws/install/moveit_resources_fanuc_description:/home/krishna/moveit_ws/install/moveit_common:/home/krishna/speed_ws/install/ur5_notebook:/home/krishna/speed_ws/install/ur5_motion_cpp:/home/krishna/speed_ws/install/ur5_gazebo_description:/home/krishna/speed_ws/install/ur5_blocks:/home/krishna/moveit_ws/install/moveit_configs_utils:/home/krishna/moveit_ws/install/launch_param_builder:/home/krishna/speed_ws/install/ur5_vision2:/home/krishna/speed_ws/install/ur5_gripper2:/opt/ros/humble /usr/bin/cmake --build /home/krishna/ur_ws/src/build/ur_simulation_gazebo -- -j16 -l16
[0.373s] DEBUG:colcon.colcon_core.event_handler.log_command:Invoked command in '/home/krishna/ur_ws/src/build/ur5_camera_movit_config' returned '0': CMAKE_PREFIX_PATH=/home/krishna/ur_ws/src/install/ur_sim:/home/krishna/ur_ws/src/install/ur_simulation_gazebo:/home/krishna/ur_ws/src/install/ur5_camera_movit_config:/home/krishna/ur_ws/src/install/ur_description:/home/krishna/ur_ws/install/ur_simulation_gazebo:/home/krishna/ur_ws/install/ur_sim:/home/krishna/ur_ws/install/ur_description:/home/krishna/moveit_ws/install/pilz_industrial_motion_planner_testutils:/home/krishna/moveit_ws/install/moveit_runtime:/home/krishna/moveit_ws/install/moveit2_tutorials:/home/krishna/moveit_ws/install/moveit:/home/krishna/moveit_ws/install/moveit_planners:/home/krishna/moveit_ws/install/pilz_industrial_motion_planner:/home/krishna/moveit_ws/install/moveit_visual_tools:/home/krishna/moveit_ws/install/moveit_task_constructor_visualization:/home/krishna/moveit_ws/install/moveit_task_constructor_demo:/home/krishna/moveit_ws/install/moveit_task_constructor_capabilities:/home/krishna/moveit_ws/install/moveit_task_constructor_core:/home/krishna/moveit_ws/install/moveit_ros_control_interface:/home/krishna/moveit_ws/install/moveit_plugins:/home/krishna/moveit_ws/install/moveit_simple_controller_manager:/home/krishna/moveit_ws/install/moveit_setup_assistant:/home/krishna/moveit_ws/install/moveit_setup_srdf_plugins:/home/krishna/moveit_ws/install/moveit_setup_core_plugins:/home/krishna/moveit_ws/install/moveit_setup_controllers:/home/krishna/moveit_ws/install/moveit_setup_app_plugins:/home/krishna/moveit_ws/install/moveit_setup_framework:/home/krishna/moveit_ws/install/moveit_servo:/home/krishna/moveit_ws/install/moveit_ros:/home/krishna/moveit_ws/install/moveit_ros_visualization:/home/krishna/moveit_ws/install/moveit_hybrid_planning:/home/krishna/moveit_ws/install/move_program:/home/krishna/moveit_ws/install/moveit_ros_planning_interface:/home/krishna/moveit_ws/install/moveit_ros_benchmarks:/home/krishna/moveit_ws/install/moveit_ros_warehouse:/home/krishna/moveit_ws/install/moveit_ros_robot_interaction:/home/krishna/moveit_ws/install/moveit_ros_perception:/home/krishna/moveit_ws/install/moveit_resources_prbt_pg70_support:/home/krishna/moveit_ws/install/moveit_resources_prbt_moveit_config:/home/krishna/moveit_ws/install/moveit_ros_move_group:/home/krishna/moveit_ws/install/moveit_planners_ompl:/home/krishna/moveit_ws/install/moveit_ros_planning:/home/krishna/moveit_ws/install/moveit_ros_occupancy_map_monitor:/home/krishna/moveit_ws/install/moveit_resources_prbt_ikfast_manipulator_plugin:/home/krishna/moveit_ws/install/moveit_planners_chomp:/home/krishna/moveit_ws/install/moveit_kinematics:/home/krishna/moveit_ws/install/moveit_chomp_optimizer_adapter:/home/krishna/moveit_ws/install/chomp_motion_planner:/home/krishna/moveit_ws/install/moveit_core:/home/krishna/moveit_ws/install/srdfdom:/home/krishna/moveit_ws/install/rviz_marker_tools:/home/krishna/moveit_ws/install/rosparam_shortcuts:/home/krishna/moveit_ws/install/moveit_task_constructor_msgs:/home/krishna/moveit_ws/install/moveit_resources_prbt_support:/home/krishna/moveit_ws/install/moveit_resources:/home/krishna/moveit_ws/install/moveit_resources_pr2_description:/home/krishna/moveit_ws/install/moveit_resources_panda_moveit_config:/home/krishna/moveit_ws/install/moveit_resources_panda_description:/home/krishna/moveit_ws/install/moveit_resources_fanuc_moveit_config:/home/krishna/moveit_ws/install/moveit_resources_fanuc_description:/home/krishna/moveit_ws/install/moveit_common:/home/krishna/speed_ws/install/ur5_notebook:/home/krishna/speed_ws/install/ur5_motion_cpp:/home/krishna/speed_ws/install/ur5_gazebo_description:/home/krishna/speed_ws/install/ur5_blocks:/home/krishna/moveit_ws/install/moveit_configs_utils:/home/krishna/moveit_ws/install/launch_param_builder:/home/krishna/speed_ws/install/ur5_vision2:/home/krishna/speed_ws/install/ur5_gripper2:/opt/ros/humble /usr/bin/cmake --build /home/krishna/ur_ws/src/build/ur5_camera_movit_config -- -j16 -l16
[0.374s] DEBUG:colcon.colcon_core.event_handler.log_command:Invoking command in '/home/krishna/ur_ws/src/build/ur5_camera_movit_config': CMAKE_PREFIX_PATH=/home/krishna/ur_ws/src/install/ur_sim:/home/krishna/ur_ws/src/install/ur_simulation_gazebo:/home/krishna/ur_ws/src/install/ur5_camera_movit_config:/home/krishna/ur_ws/src/install/ur_description:/home/krishna/ur_ws/install/ur_simulation_gazebo:/home/krishna/ur_ws/install/ur_sim:/home/krishna/ur_ws/install/ur_description:/home/krishna/moveit_ws/install/pilz_industrial_motion_planner_testutils:/home/krishna/moveit_ws/install/moveit_runtime:/home/krishna/moveit_ws/install/moveit2_tutorials:/home/krishna/moveit_ws/install/moveit:/home/krishna/moveit_ws/install/moveit_planners:/home/krishna/moveit_ws/install/pilz_industrial_motion_planner:/home/krishna/moveit_ws/install/moveit_visual_tools:/home/krishna/moveit_ws/install/moveit_task_constructor_visualization:/home/krishna/moveit_ws/install/moveit_task_constructor_demo:/home/krishna/moveit_ws/install/moveit_task_constructor_capabilities:/home/krishna/moveit_ws/install/moveit_task_constructor_core:/home/krishna/moveit_ws/install/moveit_ros_control_interface:/home/krishna/moveit_ws/install/moveit_plugins:/home/krishna/moveit_ws/install/moveit_simple_controller_manager:/home/krishna/moveit_ws/install/moveit_setup_assistant:/home/krishna/moveit_ws/install/moveit_setup_srdf_plugins:/home/krishna/moveit_ws/install/moveit_setup_core_plugins:/home/krishna/moveit_ws/install/moveit_setup_controllers:/home/krishna/moveit_ws/install/moveit_setup_app_plugins:/home/krishna/moveit_ws/install/moveit_setup_framework:/home/krishna/moveit_ws/install/moveit_servo:/home/krishna/moveit_ws/install/moveit_ros:/home/krishna/moveit_ws/install/moveit_ros_visualization:/home/krishna/moveit_ws/install/moveit_hybrid_planning:/home/krishna/moveit_ws/install/move_program:/home/krishna/moveit_ws/install/moveit_ros_planning_interface:/home/krishna/moveit_ws/install/moveit_ros_benchmarks:/home/krishna/moveit_ws/install/moveit_ros_warehouse:/home/krishna/moveit_ws/install/moveit_ros_robot_interaction:/home/krishna/moveit_ws/install/moveit_ros_perception:/home/krishna/moveit_ws/install/moveit_resources_prbt_pg70_support:/home/krishna/moveit_ws/install/moveit_resources_prbt_moveit_config:/home/krishna/moveit_ws/install/moveit_ros_move_group:/home/krishna/moveit_ws/install/moveit_planners_ompl:/home/krishna/moveit_ws/install/moveit_ros_planning:/home/krishna/moveit_ws/install/moveit_ros_occupancy_map_monitor:/home/krishna/moveit_ws/install/moveit_resources_prbt_ikfast_manipulator_plugin:/home/krishna/moveit_ws/install/moveit_planners_chomp:/home/krishna/moveit_ws/install/moveit_kinematics:/home/krishna/moveit_ws/install/moveit_chomp_optimizer_adapter:/home/krishna/moveit_ws/install/chomp_motion_planner:/home/krishna/moveit_ws/install/moveit_core:/home/krishna/moveit_ws/install/srdfdom:/home/krishna/moveit_ws/install/rviz_marker_tools:/home/krishna/moveit_ws/install/rosparam_shortcuts:/home/krishna/moveit_ws/install/moveit_task_constructor_msgs:/home/krishna/moveit_ws/install/moveit_resources_prbt_support:/home/krishna/moveit_ws/install/moveit_resources:/home/krishna/moveit_ws/install/moveit_resources_pr2_description:/home/krishna/moveit_ws/install/moveit_resources_panda_moveit_config:/home/krishna/moveit_ws/install/moveit_resources_panda_description:/home/krishna/moveit_ws/install/moveit_resources_fanuc_moveit_config:/home/krishna/moveit_ws/install/moveit_resources_fanuc_description:/home/krishna/moveit_ws/install/moveit_common:/home/krishna/speed_ws/install/ur5_notebook:/home/krishna/speed_ws/install/ur5_motion_cpp:/home/krishna/speed_ws/install/ur5_gazebo_description:/home/krishna/speed_ws/install/ur5_blocks:/home/krishna/moveit_ws/install/moveit_configs_utils:/home/krishna/moveit_ws/install/launch_param_builder:/home/krishna/speed_ws/install/ur5_vision2:/home/krishna/speed_ws/install/ur5_gripper2:/opt/ros/humble /usr/bin/cmake --install /home/krishna/ur_ws/src/build/ur5_camera_movit_config
[0.375s] DEBUG:colcon.colcon_core.event_handler.log_command:Invoked command in '/home/krishna/ur_ws/src/build/ur_simulation_gazebo' returned '0': CMAKE_PREFIX_PATH=/home/krishna/ur_ws/src/install/ur_description:/home/krishna/ur_ws/src/install/ur_simulation_gazebo:/home/krishna/ur_ws/src/install/ur5_camera_movit_config:/home/krishna/ur_ws/src/install/ur_sim:/home/krishna/ur_ws/install/ur_simulation_gazebo:/home/krishna/ur_ws/install/ur_sim:/home/krishna/ur_ws/install/ur_description:/home/krishna/moveit_ws/install/pilz_industrial_motion_planner_testutils:/home/krishna/moveit_ws/install/moveit_runtime:/home/krishna/moveit_ws/install/moveit2_tutorials:/home/krishna/moveit_ws/install/moveit:/home/krishna/moveit_ws/install/moveit_planners:/home/krishna/moveit_ws/install/pilz_industrial_motion_planner:/home/krishna/moveit_ws/install/moveit_visual_tools:/home/krishna/moveit_ws/install/moveit_task_constructor_visualization:/home/krishna/moveit_ws/install/moveit_task_constructor_demo:/home/krishna/moveit_ws/install/moveit_task_constructor_capabilities:/home/krishna/moveit_ws/install/moveit_task_constructor_core:/home/krishna/moveit_ws/install/moveit_ros_control_interface:/home/krishna/moveit_ws/install/moveit_plugins:/home/krishna/moveit_ws/install/moveit_simple_controller_manager:/home/krishna/moveit_ws/install/moveit_setup_assistant:/home/krishna/moveit_ws/install/moveit_setup_srdf_plugins:/home/krishna/moveit_ws/install/moveit_setup_core_plugins:/home/krishna/moveit_ws/install/moveit_setup_controllers:/home/krishna/moveit_ws/install/moveit_setup_app_plugins:/home/krishna/moveit_ws/install/moveit_setup_framework:/home/krishna/moveit_ws/install/moveit_servo:/home/krishna/moveit_ws/install/moveit_ros:/home/krishna/moveit_ws/install/moveit_ros_visualization:/home/krishna/moveit_ws/install/moveit_hybrid_planning:/home/krishna/moveit_ws/install/move_program:/home/krishna/moveit_ws/install/moveit_ros_planning_interface:/home/krishna/moveit_ws/install/moveit_ros_benchmarks:/home/krishna/moveit_ws/install/moveit_ros_warehouse:/home/krishna/moveit_ws/install/moveit_ros_robot_interaction:/home/krishna/moveit_ws/install/moveit_ros_perception:/home/krishna/moveit_ws/install/moveit_resources_prbt_pg70_support:/home/krishna/moveit_ws/install/moveit_resources_prbt_moveit_config:/home/krishna/moveit_ws/install/moveit_ros_move_group:/home/krishna/moveit_ws/install/moveit_planners_ompl:/home/krishna/moveit_ws/install/moveit_ros_planning:/home/krishna/moveit_ws/install/moveit_ros_occupancy_map_monitor:/home/krishna/moveit_ws/install/moveit_resources_prbt_ikfast_manipulator_plugin:/home/krishna/moveit_ws/install/moveit_planners_chomp:/home/krishna/moveit_ws/install/moveit_kinematics:/home/krishna/moveit_ws/install/moveit_chomp_optimizer_adapter:/home/krishna/moveit_ws/install/chomp_motion_planner:/home/krishna/moveit_ws/install/moveit_core:/home/krishna/moveit_ws/install/srdfdom:/home/krishna/moveit_ws/install/rviz_marker_tools:/home/krishna/moveit_ws/install/rosparam_shortcuts:/home/krishna/moveit_ws/install/moveit_task_constructor_msgs:/home/krishna/moveit_ws/install/moveit_resources_prbt_support:/home/krishna/moveit_ws/install/moveit_resources:/home/krishna/moveit_ws/install/moveit_resources_pr2_description:/home/krishna/moveit_ws/install/moveit_resources_panda_moveit_config:/home/krishna/moveit_ws/install/moveit_resources_panda_description:/home/krishna/moveit_ws/install/moveit_resources_fanuc_moveit_config:/home/krishna/moveit_ws/install/moveit_resources_fanuc_description:/home/krishna/moveit_ws/install/moveit_common:/home/krishna/speed_ws/install/ur5_notebook:/home/krishna/speed_ws/install/ur5_motion_cpp:/home/krishna/speed_ws/install/ur5_gazebo_description:/home/krishna/speed_ws/install/ur5_blocks:/home/krishna/moveit_ws/install/moveit_configs_utils:/home/krishna/moveit_ws/install/launch_param_builder:/home/krishna/speed_ws/install/ur5_vision2:/home/krishna/speed_ws/install/ur5_gripper2:/opt/ros/humble /usr/bin/cmake --build /home/krishna/ur_ws/src/build/ur_simulation_gazebo -- -j16 -l16
[0.376s] DEBUG:colcon.colcon_core.event_handler.log_command:Invoking command in '/home/krishna/ur_ws/src/build/ur_simulation_gazebo': CMAKE_PREFIX_PATH=/home/krishna/ur_ws/src/install/ur_description:/home/krishna/ur_ws/src/install/ur_simulation_gazebo:/home/krishna/ur_ws/src/install/ur5_camera_movit_config:/home/krishna/ur_ws/src/install/ur_sim:/home/krishna/ur_ws/install/ur_simulation_gazebo:/home/krishna/ur_ws/install/ur_sim:/home/krishna/ur_ws/install/ur_description:/home/krishna/moveit_ws/install/pilz_industrial_motion_planner_testutils:/home/krishna/moveit_ws/install/moveit_runtime:/home/krishna/moveit_ws/install/moveit2_tutorials:/home/krishna/moveit_ws/install/moveit:/home/krishna/moveit_ws/install/moveit_planners:/home/krishna/moveit_ws/install/pilz_industrial_motion_planner:/home/krishna/moveit_ws/install/moveit_visual_tools:/home/krishna/moveit_ws/install/moveit_task_constructor_visualization:/home/krishna/moveit_ws/install/moveit_task_constructor_demo:/home/krishna/moveit_ws/install/moveit_task_constructor_capabilities:/home/krishna/moveit_ws/install/moveit_task_constructor_core:/home/krishna/moveit_ws/install/moveit_ros_control_interface:/home/krishna/moveit_ws/install/moveit_plugins:/home/krishna/moveit_ws/install/moveit_simple_controller_manager:/home/krishna/moveit_ws/install/moveit_setup_assistant:/home/krishna/moveit_ws/install/moveit_setup_srdf_plugins:/home/krishna/moveit_ws/install/moveit_setup_core_plugins:/home/krishna/moveit_ws/install/moveit_setup_controllers:/home/krishna/moveit_ws/install/moveit_setup_app_plugins:/home/krishna/moveit_ws/install/moveit_setup_framework:/home/krishna/moveit_ws/install/moveit_servo:/home/krishna/moveit_ws/install/moveit_ros:/home/krishna/moveit_ws/install/moveit_ros_visualization:/home/krishna/moveit_ws/install/moveit_hybrid_planning:/home/krishna/moveit_ws/install/move_program:/home/krishna/moveit_ws/install/moveit_ros_planning_interface:/home/krishna/moveit_ws/install/moveit_ros_benchmarks:/home/krishna/moveit_ws/install/moveit_ros_warehouse:/home/krishna/moveit_ws/install/moveit_ros_robot_interaction:/home/krishna/moveit_ws/install/moveit_ros_perception:/home/krishna/moveit_ws/install/moveit_resources_prbt_pg70_support:/home/krishna/moveit_ws/install/moveit_resources_prbt_moveit_config:/home/krishna/moveit_ws/install/moveit_ros_move_group:/home/krishna/moveit_ws/install/moveit_planners_ompl:/home/krishna/moveit_ws/install/moveit_ros_planning:/home/krishna/moveit_ws/install/moveit_ros_occupancy_map_monitor:/home/krishna/moveit_ws/install/moveit_resources_prbt_ikfast_manipulator_plugin:/home/krishna/moveit_ws/install/moveit_planners_chomp:/home/krishna/moveit_ws/install/moveit_kinematics:/home/krishna/moveit_ws/install/moveit_chomp_optimizer_adapter:/home/krishna/moveit_ws/install/chomp_motion_planner:/home/krishna/moveit_ws/install/moveit_core:/home/krishna/moveit_ws/install/srdfdom:/home/krishna/moveit_ws/install/rviz_marker_tools:/home/krishna/moveit_ws/install/rosparam_shortcuts:/home/krishna/moveit_ws/install/moveit_task_constructor_msgs:/home/krishna/moveit_ws/install/moveit_resources_prbt_support:/home/krishna/moveit_ws/install/moveit_resources:/home/krishna/moveit_ws/install/moveit_resources_pr2_description:/home/krishna/moveit_ws/install/moveit_resources_panda_moveit_config:/home/krishna/moveit_ws/install/moveit_resources_panda_description:/home/krishna/moveit_ws/install/moveit_resources_fanuc_moveit_config:/home/krishna/moveit_ws/install/moveit_resources_fanuc_description:/home/krishna/moveit_ws/install/moveit_common:/home/krishna/speed_ws/install/ur5_notebook:/home/krishna/speed_ws/install/ur5_motion_cpp:/home/krishna/speed_ws/install/ur5_gazebo_description:/home/krishna/speed_ws/install/ur5_blocks:/home/krishna/moveit_ws/install/moveit_configs_utils:/home/krishna/moveit_ws/install/launch_param_builder:/home/krishna/speed_ws/install/ur5_vision2:/home/krishna/speed_ws/install/ur5_gripper2:/opt/ros/humble /usr/bin/cmake --install /home/krishna/ur_ws/src/build/ur_simulation_gazebo
[0.384s] Level 1:colcon.colcon_core.environment:create_environment_scripts_only(ur5_camera_movit_config)
[0.384s] Level 1:colcon.colcon_core.environment:checking '/home/krishna/ur_ws/src/install/ur5_camera_movit_config' for CMake module files
[0.385s] Level 1:colcon.colcon_core.environment:checking '/home/krishna/ur_ws/src/install/ur5_camera_movit_config' for CMake config files
[0.385s] Level 1:colcon.colcon_core.shell:create_environment_hook('ur5_camera_movit_config', 'cmake_prefix_path')
[0.385s] INFO:colcon.colcon_core.shell:Creating environment hook '/home/krishna/ur_ws/src/install/ur5_camera_movit_config/share/ur5_camera_movit_config/hook/cmake_prefix_path.ps1'
[0.386s] INFO:colcon.colcon_core.shell:Creating environment descriptor '/home/krishna/ur_ws/src/install/ur5_camera_movit_config/share/ur5_camera_movit_config/hook/cmake_prefix_path.dsv'
[0.386s] INFO:colcon.colcon_core.shell:Creating environment hook '/home/krishna/ur_ws/src/install/ur5_camera_movit_config/share/ur5_camera_movit_config/hook/cmake_prefix_path.sh'
[0.387s] Level 1:colcon.colcon_core.environment:checking '/home/krishna/ur_ws/src/install/ur5_camera_movit_config/bin'
[0.387s] Level 1:colcon.colcon_core.environment:checking '/home/krishna/ur_ws/src/install/ur5_camera_movit_config/lib/pkgconfig/ur5_camera_movit_config.pc'
[0.387s] Level 1:colcon.colcon_core.environment:checking '/home/krishna/ur_ws/src/install/ur5_camera_movit_config/lib/python3.10/site-packages'
[0.387s] Level 1:colcon.colcon_core.environment:checking '/home/krishna/ur_ws/src/install/ur5_camera_movit_config/bin'
[0.387s] INFO:colcon.colcon_core.shell:Creating package script '/home/krishna/ur_ws/src/install/ur5_camera_movit_config/share/ur5_camera_movit_config/package.ps1'
[0.387s] DEBUG:colcon.colcon_core.event_handler.log_command:Invoked command in '/home/krishna/ur_ws/src/build/ur5_camera_movit_config' returned '0': CMAKE_PREFIX_PATH=/home/krishna/ur_ws/src/install/ur_sim:/home/krishna/ur_ws/src/install/ur_simulation_gazebo:/home/krishna/ur_ws/src/install/ur5_camera_movit_config:/home/krishna/ur_ws/src/install/ur_description:/home/krishna/ur_ws/install/ur_simulation_gazebo:/home/krishna/ur_ws/install/ur_sim:/home/krishna/ur_ws/install/ur_description:/home/krishna/moveit_ws/install/pilz_industrial_motion_planner_testutils:/home/krishna/moveit_ws/install/moveit_runtime:/home/krishna/moveit_ws/install/moveit2_tutorials:/home/krishna/moveit_ws/install/moveit:/home/krishna/moveit_ws/install/moveit_planners:/home/krishna/moveit_ws/install/pilz_industrial_motion_planner:/home/krishna/moveit_ws/install/moveit_visual_tools:/home/krishna/moveit_ws/install/moveit_task_constructor_visualization:/home/krishna/moveit_ws/install/moveit_task_constructor_demo:/home/krishna/moveit_ws/install/moveit_task_constructor_capabilities:/home/krishna/moveit_ws/install/moveit_task_constructor_core:/home/krishna/moveit_ws/install/moveit_ros_control_interface:/home/krishna/moveit_ws/install/moveit_plugins:/home/krishna/moveit_ws/install/moveit_simple_controller_manager:/home/krishna/moveit_ws/install/moveit_setup_assistant:/home/krishna/moveit_ws/install/moveit_setup_srdf_plugins:/home/krishna/moveit_ws/install/moveit_setup_core_plugins:/home/krishna/moveit_ws/install/moveit_setup_controllers:/home/krishna/moveit_ws/install/moveit_setup_app_plugins:/home/krishna/moveit_ws/install/moveit_setup_framework:/home/krishna/moveit_ws/install/moveit_servo:/home/krishna/moveit_ws/install/moveit_ros:/home/krishna/moveit_ws/install/moveit_ros_visualization:/home/krishna/moveit_ws/install/moveit_hybrid_planning:/home/krishna/moveit_ws/install/move_program:/home/krishna/moveit_ws/install/moveit_ros_planning_interface:/home/krishna/moveit_ws/install/moveit_ros_benchmarks:/home/krishna/moveit_ws/install/moveit_ros_warehouse:/home/krishna/moveit_ws/install/moveit_ros_robot_interaction:/home/krishna/moveit_ws/install/moveit_ros_perception:/home/krishna/moveit_ws/install/moveit_resources_prbt_pg70_support:/home/krishna/moveit_ws/install/moveit_resources_prbt_moveit_config:/home/krishna/moveit_ws/install/moveit_ros_move_group:/home/krishna/moveit_ws/install/moveit_planners_ompl:/home/krishna/moveit_ws/install/moveit_ros_planning:/home/krishna/moveit_ws/install/moveit_ros_occupancy_map_monitor:/home/krishna/moveit_ws/install/moveit_resources_prbt_ikfast_manipulator_plugin:/home/krishna/moveit_ws/install/moveit_planners_chomp:/home/krishna/moveit_ws/install/moveit_kinematics:/home/krishna/moveit_ws/install/moveit_chomp_optimizer_adapter:/home/krishna/moveit_ws/install/chomp_motion_planner:/home/krishna/moveit_ws/install/moveit_core:/home/krishna/moveit_ws/install/srdfdom:/home/krishna/moveit_ws/install/rviz_marker_tools:/home/krishna/moveit_ws/install/rosparam_shortcuts:/home/krishna/moveit_ws/install/moveit_task_constructor_msgs:/home/krishna/moveit_ws/install/moveit_resources_prbt_support:/home/krishna/moveit_ws/install/moveit_resources:/home/krishna/moveit_ws/install/moveit_resources_pr2_description:/home/krishna/moveit_ws/install/moveit_resources_panda_moveit_config:/home/krishna/moveit_ws/install/moveit_resources_panda_description:/home/krishna/moveit_ws/install/moveit_resources_fanuc_moveit_config:/home/krishna/moveit_ws/install/moveit_resources_fanuc_description:/home/krishna/moveit_ws/install/moveit_common:/home/krishna/speed_ws/install/ur5_notebook:/home/krishna/speed_ws/install/ur5_motion_cpp:/home/krishna/speed_ws/install/ur5_gazebo_description:/home/krishna/speed_ws/install/ur5_blocks:/home/krishna/moveit_ws/install/moveit_configs_utils:/home/krishna/moveit_ws/install/launch_param_builder:/home/krishna/speed_ws/install/ur5_vision2:/home/krishna/speed_ws/install/ur5_gripper2:/opt/ros/humble /usr/bin/cmake --install /home/krishna/ur_ws/src/build/ur5_camera_movit_config
[0.388s] INFO:colcon.colcon_core.shell:Creating package descriptor '/home/krishna/ur_ws/src/install/ur5_camera_movit_config/share/ur5_camera_movit_config/package.dsv'
[0.388s] INFO:colcon.colcon_core.shell:Creating package script '/home/krishna/ur_ws/src/install/ur5_camera_movit_config/share/ur5_camera_movit_config/package.sh'
[0.388s] INFO:colcon.colcon_core.shell:Creating package script '/home/krishna/ur_ws/src/install/ur5_camera_movit_config/share/ur5_camera_movit_config/package.bash'
[0.388s] INFO:colcon.colcon_core.shell:Creating package script '/home/krishna/ur_ws/src/install/ur5_camera_movit_config/share/ur5_camera_movit_config/package.zsh'
[0.388s] Level 1:colcon.colcon_core.environment:create_file_with_runtime_dependencies(/home/krishna/ur_ws/src/install/ur5_camera_movit_config/share/colcon-core/packages/ur5_camera_movit_config)
[0.389s] Level 1:colcon.colcon_core.environment:create_environment_scripts_only(ur5_camera_movit_config)
[0.389s] Level 1:colcon.colcon_core.environment:checking '/home/krishna/ur_ws/src/install/ur5_camera_movit_config' for CMake module files
[0.389s] Level 1:colcon.colcon_core.environment:checking '/home/krishna/ur_ws/src/install/ur5_camera_movit_config' for CMake config files
[0.389s] Level 1:colcon.colcon_core.shell:create_environment_hook('ur5_camera_movit_config', 'cmake_prefix_path')
[0.389s] INFO:colcon.colcon_core.shell:Creating environment hook '/home/krishna/ur_ws/src/install/ur5_camera_movit_config/share/ur5_camera_movit_config/hook/cmake_prefix_path.ps1'
[0.389s] INFO:colcon.colcon_core.shell:Creating environment descriptor '/home/krishna/ur_ws/src/install/ur5_camera_movit_config/share/ur5_camera_movit_config/hook/cmake_prefix_path.dsv'
[0.389s] INFO:colcon.colcon_core.shell:Creating environment hook '/home/krishna/ur_ws/src/install/ur5_camera_movit_config/share/ur5_camera_movit_config/hook/cmake_prefix_path.sh'
[0.390s] Level 1:colcon.colcon_core.environment:checking '/home/krishna/ur_ws/src/install/ur5_camera_movit_config/bin'
[0.390s] Level 1:colcon.colcon_core.environment:checking '/home/krishna/ur_ws/src/install/ur5_camera_movit_config/lib/pkgconfig/ur5_camera_movit_config.pc'
[0.390s] Level 1:colcon.colcon_core.environment:checking '/home/krishna/ur_ws/src/install/ur5_camera_movit_config/lib/python3.10/site-packages'
[0.390s] Level 1:colcon.colcon_core.environment:checking '/home/krishna/ur_ws/src/install/ur5_camera_movit_config/bin'
[0.390s] INFO:colcon.colcon_core.shell:Creating package script '/home/krishna/ur_ws/src/install/ur5_camera_movit_config/share/ur5_camera_movit_config/package.ps1'
[0.390s] INFO:colcon.colcon_core.shell:Creating package descriptor '/home/krishna/ur_ws/src/install/ur5_camera_movit_config/share/ur5_camera_movit_config/package.dsv'
[0.391s] INFO:colcon.colcon_core.shell:Creating package script '/home/krishna/ur_ws/src/install/ur5_camera_movit_config/share/ur5_camera_movit_config/package.sh'
[0.391s] INFO:colcon.colcon_core.shell:Creating package script '/home/krishna/ur_ws/src/install/ur5_camera_movit_config/share/ur5_camera_movit_config/package.bash'
[0.391s] INFO:colcon.colcon_core.shell:Creating package script '/home/krishna/ur_ws/src/install/ur5_camera_movit_config/share/ur5_camera_movit_config/package.zsh'
[0.391s] Level 1:colcon.colcon_core.environment:create_file_with_runtime_dependencies(/home/krishna/ur_ws/src/install/ur5_camera_movit_config/share/colcon-core/packages/ur5_camera_movit_config)
[0.392s] Level 1:colcon.colcon_core.environment:create_environment_scripts_only(ur_simulation_gazebo)
[0.392s] Level 1:colcon.colcon_core.environment:checking '/home/krishna/ur_ws/src/install/ur_simulation_gazebo' for CMake module files
[0.393s] Level 1:colcon.colcon_core.environment:checking '/home/krishna/ur_ws/src/install/ur_simulation_gazebo' for CMake config files
[0.393s] DEBUG:colcon.colcon_core.event_handler.log_command:Invoked command in '/home/krishna/ur_ws/src/build/ur_simulation_gazebo' returned '0': CMAKE_PREFIX_PATH=/home/krishna/ur_ws/src/install/ur_description:/home/krishna/ur_ws/src/install/ur_simulation_gazebo:/home/krishna/ur_ws/src/install/ur5_camera_movit_config:/home/krishna/ur_ws/src/install/ur_sim:/home/krishna/ur_ws/install/ur_simulation_gazebo:/home/krishna/ur_ws/install/ur_sim:/home/krishna/ur_ws/install/ur_description:/home/krishna/moveit_ws/install/pilz_industrial_motion_planner_testutils:/home/krishna/moveit_ws/install/moveit_runtime:/home/krishna/moveit_ws/install/moveit2_tutorials:/home/krishna/moveit_ws/install/moveit:/home/krishna/moveit_ws/install/moveit_planners:/home/krishna/moveit_ws/install/pilz_industrial_motion_planner:/home/krishna/moveit_ws/install/moveit_visual_tools:/home/krishna/moveit_ws/install/moveit_task_constructor_visualization:/home/krishna/moveit_ws/install/moveit_task_constructor_demo:/home/krishna/moveit_ws/install/moveit_task_constructor_capabilities:/home/krishna/moveit_ws/install/moveit_task_constructor_core:/home/krishna/moveit_ws/install/moveit_ros_control_interface:/home/krishna/moveit_ws/install/moveit_plugins:/home/krishna/moveit_ws/install/moveit_simple_controller_manager:/home/krishna/moveit_ws/install/moveit_setup_assistant:/home/krishna/moveit_ws/install/moveit_setup_srdf_plugins:/home/krishna/moveit_ws/install/moveit_setup_core_plugins:/home/krishna/moveit_ws/install/moveit_setup_controllers:/home/krishna/moveit_ws/install/moveit_setup_app_plugins:/home/krishna/moveit_ws/install/moveit_setup_framework:/home/krishna/moveit_ws/install/moveit_servo:/home/krishna/moveit_ws/install/moveit_ros:/home/krishna/moveit_ws/install/moveit_ros_visualization:/home/krishna/moveit_ws/install/moveit_hybrid_planning:/home/krishna/moveit_ws/install/move_program:/home/krishna/moveit_ws/install/moveit_ros_planning_interface:/home/krishna/moveit_ws/install/moveit_ros_benchmarks:/home/krishna/moveit_ws/install/moveit_ros_warehouse:/home/krishna/moveit_ws/install/moveit_ros_robot_interaction:/home/krishna/moveit_ws/install/moveit_ros_perception:/home/krishna/moveit_ws/install/moveit_resources_prbt_pg70_support:/home/krishna/moveit_ws/install/moveit_resources_prbt_moveit_config:/home/krishna/moveit_ws/install/moveit_ros_move_group:/home/krishna/moveit_ws/install/moveit_planners_ompl:/home/krishna/moveit_ws/install/moveit_ros_planning:/home/krishna/moveit_ws/install/moveit_ros_occupancy_map_monitor:/home/krishna/moveit_ws/install/moveit_resources_prbt_ikfast_manipulator_plugin:/home/krishna/moveit_ws/install/moveit_planners_chomp:/home/krishna/moveit_ws/install/moveit_kinematics:/home/krishna/moveit_ws/install/moveit_chomp_optimizer_adapter:/home/krishna/moveit_ws/install/chomp_motion_planner:/home/krishna/moveit_ws/install/moveit_core:/home/krishna/moveit_ws/install/srdfdom:/home/krishna/moveit_ws/install/rviz_marker_tools:/home/krishna/moveit_ws/install/rosparam_shortcuts:/home/krishna/moveit_ws/install/moveit_task_constructor_msgs:/home/krishna/moveit_ws/install/moveit_resources_prbt_support:/home/krishna/moveit_ws/install/moveit_resources:/home/krishna/moveit_ws/install/moveit_resources_pr2_description:/home/krishna/moveit_ws/install/moveit_resources_panda_moveit_config:/home/krishna/moveit_ws/install/moveit_resources_panda_description:/home/krishna/moveit_ws/install/moveit_resources_fanuc_moveit_config:/home/krishna/moveit_ws/install/moveit_resources_fanuc_description:/home/krishna/moveit_ws/install/moveit_common:/home/krishna/speed_ws/install/ur5_notebook:/home/krishna/speed_ws/install/ur5_motion_cpp:/home/krishna/speed_ws/install/ur5_gazebo_description:/home/krishna/speed_ws/install/ur5_blocks:/home/krishna/moveit_ws/install/moveit_configs_utils:/home/krishna/moveit_ws/install/launch_param_builder:/home/krishna/speed_ws/install/ur5_vision2:/home/krishna/speed_ws/install/ur5_gripper2:/opt/ros/humble /usr/bin/cmake --install /home/krishna/ur_ws/src/build/ur_simulation_gazebo
[0.393s] Level 1:colcon.colcon_core.shell:create_environment_hook('ur_simulation_gazebo', 'cmake_prefix_path')
[0.393s] INFO:colcon.colcon_core.shell:Creating environment hook '/home/krishna/ur_ws/src/install/ur_simulation_gazebo/share/ur_simulation_gazebo/hook/cmake_prefix_path.ps1'
[0.393s] INFO:colcon.colcon_core.shell:Creating environment descriptor '/home/krishna/ur_ws/src/install/ur_simulation_gazebo/share/ur_simulation_gazebo/hook/cmake_prefix_path.dsv'
[0.393s] INFO:colcon.colcon_core.shell:Creating environment hook '/home/krishna/ur_ws/src/install/ur_simulation_gazebo/share/ur_simulation_gazebo/hook/cmake_prefix_path.sh'
[0.394s] Level 1:colcon.colcon_core.environment:checking '/home/krishna/ur_ws/src/install/ur_simulation_gazebo/bin'
[0.394s] Level 1:colcon.colcon_core.environment:checking '/home/krishna/ur_ws/src/install/ur_simulation_gazebo/lib/pkgconfig/ur_simulation_gazebo.pc'
[0.394s] Level 1:colcon.colcon_core.environment:checking '/home/krishna/ur_ws/src/install/ur_simulation_gazebo/lib/python3.10/site-packages'
[0.394s] Level 1:colcon.colcon_core.environment:checking '/home/krishna/ur_ws/src/install/ur_simulation_gazebo/bin'
[0.394s] INFO:colcon.colcon_core.shell:Creating package script '/home/krishna/ur_ws/src/install/ur_simulation_gazebo/share/ur_simulation_gazebo/package.ps1'
[0.394s] INFO:colcon.colcon_core.shell:Creating package descriptor '/home/krishna/ur_ws/src/install/ur_simulation_gazebo/share/ur_simulation_gazebo/package.dsv'
[0.394s] INFO:colcon.colcon_core.shell:Creating package script '/home/krishna/ur_ws/src/install/ur_simulation_gazebo/share/ur_simulation_gazebo/package.sh'
[0.395s] INFO:colcon.colcon_core.shell:Creating package script '/home/krishna/ur_ws/src/install/ur_simulation_gazebo/share/ur_simulation_gazebo/package.bash'
[0.395s] INFO:colcon.colcon_core.shell:Creating package script '/home/krishna/ur_ws/src/install/ur_simulation_gazebo/share/ur_simulation_gazebo/package.zsh'
[0.395s] Level 1:colcon.colcon_core.environment:create_file_with_runtime_dependencies(/home/krishna/ur_ws/src/install/ur_simulation_gazebo/share/colcon-core/packages/ur_simulation_gazebo)
[0.395s] Level 1:colcon.colcon_core.environment:create_environment_scripts_only(ur_simulation_gazebo)
[0.395s] Level 1:colcon.colcon_core.environment:checking '/home/krishna/ur_ws/src/install/ur_simulation_gazebo' for CMake module files
[0.396s] Level 1:colcon.colcon_core.environment:checking '/home/krishna/ur_ws/src/install/ur_simulation_gazebo' for CMake config files
[0.396s] Level 1:colcon.colcon_core.shell:create_environment_hook('ur_simulation_gazebo', 'cmake_prefix_path')
[0.396s] INFO:colcon.colcon_core.shell:Creating environment hook '/home/krishna/ur_ws/src/install/ur_simulation_gazebo/share/ur_simulation_gazebo/hook/cmake_prefix_path.ps1'
[0.396s] INFO:colcon.colcon_core.shell:Creating environment descriptor '/home/krishna/ur_ws/src/install/ur_simulation_gazebo/share/ur_simulation_gazebo/hook/cmake_prefix_path.dsv'
[0.396s] INFO:colcon.colcon_core.shell:Creating environment hook '/home/krishna/ur_ws/src/install/ur_simulation_gazebo/share/ur_simulation_gazebo/hook/cmake_prefix_path.sh'
[0.396s] Level 1:colcon.colcon_core.environment:checking '/home/krishna/ur_ws/src/install/ur_simulation_gazebo/bin'
[0.396s] Level 1:colcon.colcon_core.environment:checking '/home/krishna/ur_ws/src/install/ur_simulation_gazebo/lib/pkgconfig/ur_simulation_gazebo.pc'
[0.397s] Level 1:colcon.colcon_core.environment:checking '/home/krishna/ur_ws/src/install/ur_simulation_gazebo/lib/python3.10/site-packages'
[0.397s] Level 1:colcon.colcon_core.environment:checking '/home/krishna/ur_ws/src/install/ur_simulation_gazebo/bin'
[0.397s] INFO:colcon.colcon_core.shell:Creating package script '/home/krishna/ur_ws/src/install/ur_simulation_gazebo/share/ur_simulation_gazebo/package.ps1'
[0.397s] INFO:colcon.colcon_core.shell:Creating package descriptor '/home/krishna/ur_ws/src/install/ur_simulation_gazebo/share/ur_simulation_gazebo/package.dsv'
[0.397s] INFO:colcon.colcon_core.shell:Creating package script '/home/krishna/ur_ws/src/install/ur_simulation_gazebo/share/ur_simulation_gazebo/package.sh'
[0.397s] INFO:colcon.colcon_core.shell:Creating package script '/home/krishna/ur_ws/src/install/ur_simulation_gazebo/share/ur_simulation_gazebo/package.bash'
[0.398s] INFO:colcon.colcon_core.shell:Creating package script '/home/krishna/ur_ws/src/install/ur_simulation_gazebo/share/ur_simulation_gazebo/package.zsh'
[0.398s] Level 1:colcon.colcon_core.environment:create_file_with_runtime_dependencies(/home/krishna/ur_ws/src/install/ur_simulation_gazebo/share/colcon-core/packages/ur_simulation_gazebo)
[0.398s] DEBUG:colcon.colcon_parallel_executor.executor.parallel:closing loop
[0.398s] DEBUG:colcon.colcon_parallel_executor.executor.parallel:loop closed
[0.398s] DEBUG:colcon.colcon_parallel_executor.executor.parallel:run_until_complete finished with '0'
[0.398s] DEBUG:colcon.colcon_core.event_reactor:joining thread
[0.407s] INFO:colcon.colcon_core.plugin_system:Skipping extension 'colcon_notification.desktop_notification.terminal_notifier': Not used on non-Darwin systems
[0.407s] INFO:colcon.colcon_core.plugin_system:Skipping extension 'colcon_notification.desktop_notification.win32': Not used on non-Windows systems
[0.407s] INFO:colcon.colcon_notification.desktop_notification:Sending desktop notification using 'notify2'
[0.418s] DEBUG:colcon.colcon_core.event_reactor:joined thread
[0.418s] INFO:colcon.colcon_core.shell:Creating prefix script '/home/krishna/ur_ws/src/install/local_setup.ps1'
[0.419s] INFO:colcon.colcon_core.shell:Creating prefix util module '/home/krishna/ur_ws/src/install/_local_setup_util_ps1.py'
[0.420s] INFO:colcon.colcon_core.shell:Creating prefix chain script '/home/krishna/ur_ws/src/install/setup.ps1'
[0.422s] INFO:colcon.colcon_core.shell:Creating prefix script '/home/krishna/ur_ws/src/install/local_setup.sh'
[0.422s] INFO:colcon.colcon_core.shell:Creating prefix util module '/home/krishna/ur_ws/src/install/_local_setup_util_sh.py'
[0.422s] INFO:colcon.colcon_core.shell:Creating prefix chain script '/home/krishna/ur_ws/src/install/setup.sh'
[0.424s] INFO:colcon.colcon_core.shell:Creating prefix script '/home/krishna/ur_ws/src/install/local_setup.bash'
[0.424s] INFO:colcon.colcon_core.shell:Creating prefix chain script '/home/krishna/ur_ws/src/install/setup.bash'
[0.427s] INFO:colcon.colcon_core.shell:Creating prefix script '/home/krishna/ur_ws/src/install/local_setup.zsh'
[0.427s] INFO:colcon.colcon_core.shell:Creating prefix chain script '/home/krishna/ur_ws/src/install/setup.zsh'
