-- Install configuration: ""
-- Up-to-date: /home/krishna/ur_ws/src/install/ur5_camera_movit_config/share/ament_index/resource_index/package_run_dependencies/ur5_camera_movit_config
-- Up-to-date: /home/krishna/ur_ws/src/install/ur5_camera_movit_config/share/ament_index/resource_index/parent_prefix_path/ur5_camera_movit_config
-- Up-to-date: /home/krishna/ur_ws/src/install/ur5_camera_movit_config/share/ur5_camera_movit_config/environment/ament_prefix_path.sh
-- Up-to-date: /home/krishna/ur_ws/src/install/ur5_camera_movit_config/share/ur5_camera_movit_config/environment/ament_prefix_path.dsv
-- Up-to-date: /home/krishna/ur_ws/src/install/ur5_camera_movit_config/share/ur5_camera_movit_config/environment/path.sh
-- Up-to-date: /home/krishna/ur_ws/src/install/ur5_camera_movit_config/share/ur5_camera_movit_config/environment/path.dsv
-- Up-to-date: /home/krishna/ur_ws/src/install/ur5_camera_movit_config/share/ur5_camera_movit_config/local_setup.bash
-- Up-to-date: /home/krishna/ur_ws/src/install/ur5_camera_movit_config/share/ur5_camera_movit_config/local_setup.sh
-- Up-to-date: /home/krishna/ur_ws/src/install/ur5_camera_movit_config/share/ur5_camera_movit_config/local_setup.zsh
-- Up-to-date: /home/krishna/ur_ws/src/install/ur5_camera_movit_config/share/ur5_camera_movit_config/local_setup.dsv
-- Up-to-date: /home/krishna/ur_ws/src/install/ur5_camera_movit_config/share/ur5_camera_movit_config/package.dsv
-- Up-to-date: /home/krishna/ur_ws/src/install/ur5_camera_movit_config/share/ament_index/resource_index/packages/ur5_camera_movit_config
-- Up-to-date: /home/krishna/ur_ws/src/install/ur5_camera_movit_config/share/ur5_camera_movit_config/cmake/ur5_camera_movit_configConfig.cmake
-- Up-to-date: /home/krishna/ur_ws/src/install/ur5_camera_movit_config/share/ur5_camera_movit_config/cmake/ur5_camera_movit_configConfig-version.cmake
-- Up-to-date: /home/krishna/ur_ws/src/install/ur5_camera_movit_config/share/ur5_camera_movit_config/package.xml
-- Up-to-date: /home/krishna/ur_ws/src/install/ur5_camera_movit_config/share/ur5_camera_movit_config/launch
-- Up-to-date: /home/krishna/ur_ws/src/install/ur5_camera_movit_config/share/ur5_camera_movit_config/launch/rsp.launch.py
-- Up-to-date: /home/krishna/ur_ws/src/install/ur5_camera_movit_config/share/ur5_camera_movit_config/launch/demo.launch.py
-- Up-to-date: /home/krishna/ur_ws/src/install/ur5_camera_movit_config/share/ur5_camera_movit_config/launch/spawn_controllers.launch.py
-- Up-to-date: /home/krishna/ur_ws/src/install/ur5_camera_movit_config/share/ur5_camera_movit_config/launch/move_group.launch.py
-- Up-to-date: /home/krishna/ur_ws/src/install/ur5_camera_movit_config/share/ur5_camera_movit_config/launch/setup_assistant.launch.py
-- Up-to-date: /home/krishna/ur_ws/src/install/ur5_camera_movit_config/share/ur5_camera_movit_config/launch/warehouse_db.launch.py
-- Up-to-date: /home/krishna/ur_ws/src/install/ur5_camera_movit_config/share/ur5_camera_movit_config/launch/static_virtual_joint_tfs.launch.py
-- Up-to-date: /home/krishna/ur_ws/src/install/ur5_camera_movit_config/share/ur5_camera_movit_config/launch/moveit_rviz.launch.py
-- Up-to-date: /home/krishna/ur_ws/src/install/ur5_camera_movit_config/share/ur5_camera_movit_config/config
-- Up-to-date: /home/krishna/ur_ws/src/install/ur5_camera_movit_config/share/ur5_camera_movit_config/config/ompl_planning.yaml
-- Up-to-date: /home/krishna/ur_ws/src/install/ur5_camera_movit_config/share/ur5_camera_movit_config/config/trajopt_planning.yaml
-- Up-to-date: /home/krishna/ur_ws/src/install/ur5_camera_movit_config/share/ur5_camera_movit_config/config/ur.srdf
-- Up-to-date: /home/krishna/ur_ws/src/install/ur5_camera_movit_config/share/ur5_camera_movit_config/config/pilz_cartesian_limits.yaml
-- Up-to-date: /home/krishna/ur_ws/src/install/ur5_camera_movit_config/share/ur5_camera_movit_config/config/ur.urdf.xacro
-- Up-to-date: /home/krishna/ur_ws/src/install/ur5_camera_movit_config/share/ur5_camera_movit_config/config/kinematics.yaml
-- Up-to-date: /home/krishna/ur_ws/src/install/ur5_camera_movit_config/share/ur5_camera_movit_config/config/moveit.rviz
-- Up-to-date: /home/krishna/ur_ws/src/install/ur5_camera_movit_config/share/ur5_camera_movit_config/config/moveit_controllers.yaml
-- Up-to-date: /home/krishna/ur_ws/src/install/ur5_camera_movit_config/share/ur5_camera_movit_config/config/ros2_controllers.yaml
-- Up-to-date: /home/krishna/ur_ws/src/install/ur5_camera_movit_config/share/ur5_camera_movit_config/config/initial_positions.yaml
-- Up-to-date: /home/krishna/ur_ws/src/install/ur5_camera_movit_config/share/ur5_camera_movit_config/config/joint_limits.yaml
-- Up-to-date: /home/krishna/ur_ws/src/install/ur5_camera_movit_config/share/ur5_camera_movit_config/config/sensors_3d.yaml
-- Up-to-date: /home/krishna/ur_ws/src/install/ur5_camera_movit_config/share/ur5_camera_movit_config/config/ur.ros2_control.xacro
-- Up-to-date: /home/krishna/ur_ws/src/install/ur5_camera_movit_config/share/ur5_camera_movit_config/config/pilz_industrial_motion_planner_planning.yaml
-- Up-to-date: /home/krishna/ur_ws/src/install/ur5_camera_movit_config/share/ur5_camera_movit_config/config/chomp_planning.yaml
-- Up-to-date: /home/krishna/ur_ws/src/install/ur5_camera_movit_config/share/ur5_camera_movit_config/config/lerp_planning.yaml
-- Up-to-date: /home/krishna/ur_ws/src/install/ur5_camera_movit_config/share/ur5_camera_movit_config/.setup_assistant
